{"/Users/j/Documents/test/jlp-fed-test-main/jest.config.js": {"path":"/Users/j/Documents/test/jlp-fed-test-main/jest.config.js","statementMap":{"0":{"start":{"line":1,"column":0},"end":{"line":32,"column":2}}},"fnMap":{},"branchMap":{},"s":{"0":0},"f":{},"b":{}}
,"/Users/j/Documents/test/jlp-fed-test-main/.next/server/init-server.js.js": {"path":"/Users/j/Documents/test/jlp-fed-test-main/.next/server/init-server.js.js","statementMap":{"0":{"start":{"line":1,"column":0},"end":{"line":108,"column":12}},"1":{"start":{"line":4,"column":33},"end":{"line":4,"column":35}},"2":{"start":{"line":10,"column":11},"end":{"line":12,"column":12}},"3":{"start":{"line":11,"column":12},"end":{"line":11,"column":54}},"4":{"start":{"line":14,"column":24},"end":{"line":18,"column":12}},"5":{"start":{"line":21,"column":23},"end":{"line":21,"column":27}},"6":{"start":{"line":22,"column":11},"end":{"line":27,"column":12}},"7":{"start":{"line":23,"column":12},"end":{"line":23,"column":96}},"8":{"start":{"line":24,"column":12},"end":{"line":24,"column":26}},"9":{"start":{"line":26,"column":12},"end":{"line":26,"column":56}},"10":{"start":{"line":26,"column":22},"end":{"line":26,"column":56}},"11":{"start":{"line":30,"column":11},"end":{"line":30,"column":27}},"12":{"start":{"line":33,"column":11},"end":{"line":33,"column":33}},"13":{"start":{"line":38,"column":10},"end":{"line":38,"column":42}},"14":{"start":{"line":41,"column":10},"end":{"line":41,"column":51}},"15":{"start":{"line":44,"column":10},"end":{"line":48,"column":12}},"16":{"start":{"line":45,"column":11},"end":{"line":47,"column":12}},"17":{"start":{"line":46,"column":12},"end":{"line":46,"column":84}},"18":{"start":{"line":51,"column":10},"end":{"line":56,"column":12}},"19":{"start":{"line":52,"column":11},"end":{"line":54,"column":12}},"20":{"start":{"line":53,"column":12},"end":{"line":53,"column":84}},"21":{"start":{"line":55,"column":11},"end":{"line":55,"column":73}},"22":{"start":{"line":63,"column":10},"end":{"line":72,"column":12}},"23":{"start":{"line":64,"column":11},"end":{"line":64,"column":59}},"24":{"start":{"line":64,"column":24},"end":{"line":64,"column":59}},"25":{"start":{"line":65,"column":11},"end":{"line":65,"column":37}},"26":{"start":{"line":65,"column":24},"end":{"line":65,"column":37}},"27":{"start":{"line":66,"column":11},"end":{"line":66,"column":97}},"28":{"start":{"line":66,"column":84},"end":{"line":66,"column":97}},"29":{"start":{"line":67,"column":20},"end":{"line":67,"column":39}},"30":{"start":{"line":68,"column":11},"end":{"line":68,"column":37}},"31":{"start":{"line":69,"column":11},"end":{"line":69,"column":84}},"32":{"start":{"line":70,"column":11},"end":{"line":70,"column":159}},"33":{"start":{"line":70,"column":52},"end":{"line":70,"column":159}},"34":{"start":{"line":70,"column":74},"end":{"line":70,"column":159}},"35":{"start":{"line":70,"column":121},"end":{"line":70,"column":139}},"36":{"start":{"line":71,"column":11},"end":{"line":71,"column":21}},"37":{"start":{"line":75,"column":10},"end":{"line":81,"column":12}},"38":{"start":{"line":76,"column":24},"end":{"line":78,"column":58}},"39":{"start":{"line":77,"column":36},"end":{"line":77,"column":61}},"40":{"start":{"line":78,"column":42},"end":{"line":78,"column":56}},"41":{"start":{"line":79,"column":11},"end":{"line":79,"column":54}},"42":{"start":{"line":80,"column":11},"end":{"line":80,"column":25}},"43":{"start":{"line":84,"column":10},"end":{"line":84,"column":128}},"44":{"start":{"line":84,"column":63},"end":{"line":84,"column":125}},"45":{"start":{"line":87,"column":10},"end":{"line":87,"column":37}},"46":{"start":{"line":91,"column":10},"end":{"line":91,"column":162}},"47":{"start":{"line":104,"column":0},"end":{"line":104,"column":951}}},"fnMap":{"0":{"name":"(anonymous_0)","decl":{"start":{"line":2,"column":10},"end":{"line":2,"column":11}},"loc":{"start":{"line":2,"column":28},"end":{"line":92,"column":10}},"line":2},"1":{"name":"__webpack_require__","decl":{"start":{"line":7,"column":19},"end":{"line":7,"column":38}},"loc":{"start":{"line":7,"column":49},"end":{"line":34,"column":11}},"line":7},"2":{"name":"(anonymous_2)","decl":{"start":{"line":44,"column":34},"end":{"line":44,"column":35}},"loc":{"start":{"line":44,"column":66},"end":{"line":48,"column":11}},"line":44},"3":{"name":"(anonymous_3)","decl":{"start":{"line":51,"column":34},"end":{"line":51,"column":35}},"loc":{"start":{"line":51,"column":52},"end":{"line":56,"column":11}},"line":51},"4":{"name":"(anonymous_4)","decl":{"start":{"line":63,"column":34},"end":{"line":63,"column":35}},"loc":{"start":{"line":63,"column":56},"end":{"line":72,"column":11}},"line":63},"5":{"name":"(anonymous_5)","decl":{"start":{"line":70,"column":105},"end":{"line":70,"column":106}},"loc":{"start":{"line":70,"column":119},"end":{"line":70,"column":141}},"line":70},"6":{"name":"(anonymous_6)","decl":{"start":{"line":75,"column":34},"end":{"line":75,"column":35}},"loc":{"start":{"line":75,"column":51},"end":{"line":81,"column":11}},"line":75},"7":{"name":"getDefault","decl":{"start":{"line":77,"column":21},"end":{"line":77,"column":31}},"loc":{"start":{"line":77,"column":34},"end":{"line":77,"column":63}},"line":77},"8":{"name":"getModuleExports","decl":{"start":{"line":78,"column":21},"end":{"line":78,"column":37}},"loc":{"start":{"line":78,"column":40},"end":{"line":78,"column":58}},"line":78},"9":{"name":"(anonymous_9)","decl":{"start":{"line":84,"column":34},"end":{"line":84,"column":35}},"loc":{"start":{"line":84,"column":61},"end":{"line":84,"column":127}},"line":84},"10":{"name":"(anonymous_10)","decl":{"start":{"line":101,"column":7},"end":{"line":101,"column":8}},"loc":{"start":{"line":101,"column":66},"end":{"line":106,"column":7}},"line":101}},"branchMap":{"0":{"loc":{"start":{"line":10,"column":11},"end":{"line":12,"column":12}},"type":"if","locations":[{"start":{"line":10,"column":11},"end":{"line":12,"column":12}},{"start":{"line":10,"column":11},"end":{"line":12,"column":12}}],"line":10},"1":{"loc":{"start":{"line":26,"column":12},"end":{"line":26,"column":56}},"type":"if","locations":[{"start":{"line":26,"column":12},"end":{"line":26,"column":56}},{"start":{"line":26,"column":12},"end":{"line":26,"column":56}}],"line":26},"2":{"loc":{"start":{"line":45,"column":11},"end":{"line":47,"column":12}},"type":"if","locations":[{"start":{"line":45,"column":11},"end":{"line":47,"column":12}},{"start":{"line":45,"column":11},"end":{"line":47,"column":12}}],"line":45},"3":{"loc":{"start":{"line":52,"column":11},"end":{"line":54,"column":12}},"type":"if","locations":[{"start":{"line":52,"column":11},"end":{"line":54,"column":12}},{"start":{"line":52,"column":11},"end":{"line":54,"column":12}}],"line":52},"4":{"loc":{"start":{"line":52,"column":14},"end":{"line":52,"column":65}},"type":"binary-expr","locations":[{"start":{"line":52,"column":14},"end":{"line":52,"column":43}},{"start":{"line":52,"column":47},"end":{"line":52,"column":65}}],"line":52},"5":{"loc":{"start":{"line":64,"column":11},"end":{"line":64,"column":59}},"type":"if","locations":[{"start":{"line":64,"column":11},"end":{"line":64,"column":59}},{"start":{"line":64,"column":11},"end":{"line":64,"column":59}}],"line":64},"6":{"loc":{"start":{"line":65,"column":11},"end":{"line":65,"column":37}},"type":"if","locations":[{"start":{"line":65,"column":11},"end":{"line":65,"column":37}},{"start":{"line":65,"column":11},"end":{"line":65,"column":37}}],"line":65},"7":{"loc":{"start":{"line":66,"column":11},"end":{"line":66,"column":97}},"type":"if","locations":[{"start":{"line":66,"column":11},"end":{"line":66,"column":97}},{"start":{"line":66,"column":11},"end":{"line":66,"column":97}}],"line":66},"8":{"loc":{"start":{"line":66,"column":14},"end":{"line":66,"column":82}},"type":"binary-expr","locations":[{"start":{"line":66,"column":15},"end":{"line":66,"column":23}},{"start":{"line":66,"column":28},"end":{"line":66,"column":53}},{"start":{"line":66,"column":57},"end":{"line":66,"column":62}},{"start":{"line":66,"column":66},"end":{"line":66,"column":82}}],"line":66},"9":{"loc":{"start":{"line":70,"column":11},"end":{"line":70,"column":159}},"type":"if","locations":[{"start":{"line":70,"column":11},"end":{"line":70,"column":159}},{"start":{"line":70,"column":11},"end":{"line":70,"column":159}}],"line":70},"10":{"loc":{"start":{"line":70,"column":14},"end":{"line":70,"column":50}},"type":"binary-expr","locations":[{"start":{"line":70,"column":14},"end":{"line":70,"column":22}},{"start":{"line":70,"column":26},"end":{"line":70,"column":50}}],"line":70},"11":{"loc":{"start":{"line":76,"column":24},"end":{"line":78,"column":58}},"type":"cond-expr","locations":[{"start":{"line":77,"column":12},"end":{"line":77,"column":63}},{"start":{"line":78,"column":12},"end":{"line":78,"column":58}}],"line":76},"12":{"loc":{"start":{"line":76,"column":24},"end":{"line":76,"column":51}},"type":"binary-expr","locations":[{"start":{"line":76,"column":24},"end":{"line":76,"column":30}},{"start":{"line":76,"column":34},"end":{"line":76,"column":51}}],"line":76}},"s":{"0":0,"1":0,"2":0,"3":0,"4":0,"5":0,"6":0,"7":0,"8":0,"9":0,"10":0,"11":0,"12":0,"13":0,"14":0,"15":0,"16":0,"17":0,"18":0,"19":0,"20":0,"21":0,"22":0,"23":0,"24":0,"25":0,"26":0,"27":0,"28":0,"29":0,"30":0,"31":0,"32":0,"33":0,"34":0,"35":0,"36":0,"37":0,"38":0,"39":0,"40":0,"41":0,"42":0,"43":0,"44":0,"45":0,"46":0,"47":0},"f":{"0":0,"1":0,"2":0,"3":0,"4":0,"5":0,"6":0,"7":0,"8":0,"9":0,"10":0},"b":{"0":[0,0],"1":[0,0],"2":[0,0],"3":[0,0],"4":[0,0],"5":[0,0],"6":[0,0],"7":[0,0],"8":[0,0,0,0],"9":[0,0],"10":[0,0],"11":[0,0],"12":[0,0]}}
,"/Users/j/Documents/test/jlp-fed-test-main/.next/server/on-error-server.js.js": {"path":"/Users/j/Documents/test/jlp-fed-test-main/.next/server/on-error-server.js.js","statementMap":{"0":{"start":{"line":1,"column":0},"end":{"line":108,"column":12}},"1":{"start":{"line":4,"column":33},"end":{"line":4,"column":35}},"2":{"start":{"line":10,"column":11},"end":{"line":12,"column":12}},"3":{"start":{"line":11,"column":12},"end":{"line":11,"column":54}},"4":{"start":{"line":14,"column":24},"end":{"line":18,"column":12}},"5":{"start":{"line":21,"column":23},"end":{"line":21,"column":27}},"6":{"start":{"line":22,"column":11},"end":{"line":27,"column":12}},"7":{"start":{"line":23,"column":12},"end":{"line":23,"column":96}},"8":{"start":{"line":24,"column":12},"end":{"line":24,"column":26}},"9":{"start":{"line":26,"column":12},"end":{"line":26,"column":56}},"10":{"start":{"line":26,"column":22},"end":{"line":26,"column":56}},"11":{"start":{"line":30,"column":11},"end":{"line":30,"column":27}},"12":{"start":{"line":33,"column":11},"end":{"line":33,"column":33}},"13":{"start":{"line":38,"column":10},"end":{"line":38,"column":42}},"14":{"start":{"line":41,"column":10},"end":{"line":41,"column":51}},"15":{"start":{"line":44,"column":10},"end":{"line":48,"column":12}},"16":{"start":{"line":45,"column":11},"end":{"line":47,"column":12}},"17":{"start":{"line":46,"column":12},"end":{"line":46,"column":84}},"18":{"start":{"line":51,"column":10},"end":{"line":56,"column":12}},"19":{"start":{"line":52,"column":11},"end":{"line":54,"column":12}},"20":{"start":{"line":53,"column":12},"end":{"line":53,"column":84}},"21":{"start":{"line":55,"column":11},"end":{"line":55,"column":73}},"22":{"start":{"line":63,"column":10},"end":{"line":72,"column":12}},"23":{"start":{"line":64,"column":11},"end":{"line":64,"column":59}},"24":{"start":{"line":64,"column":24},"end":{"line":64,"column":59}},"25":{"start":{"line":65,"column":11},"end":{"line":65,"column":37}},"26":{"start":{"line":65,"column":24},"end":{"line":65,"column":37}},"27":{"start":{"line":66,"column":11},"end":{"line":66,"column":97}},"28":{"start":{"line":66,"column":84},"end":{"line":66,"column":97}},"29":{"start":{"line":67,"column":20},"end":{"line":67,"column":39}},"30":{"start":{"line":68,"column":11},"end":{"line":68,"column":37}},"31":{"start":{"line":69,"column":11},"end":{"line":69,"column":84}},"32":{"start":{"line":70,"column":11},"end":{"line":70,"column":159}},"33":{"start":{"line":70,"column":52},"end":{"line":70,"column":159}},"34":{"start":{"line":70,"column":74},"end":{"line":70,"column":159}},"35":{"start":{"line":70,"column":121},"end":{"line":70,"column":139}},"36":{"start":{"line":71,"column":11},"end":{"line":71,"column":21}},"37":{"start":{"line":75,"column":10},"end":{"line":81,"column":12}},"38":{"start":{"line":76,"column":24},"end":{"line":78,"column":58}},"39":{"start":{"line":77,"column":36},"end":{"line":77,"column":61}},"40":{"start":{"line":78,"column":42},"end":{"line":78,"column":56}},"41":{"start":{"line":79,"column":11},"end":{"line":79,"column":54}},"42":{"start":{"line":80,"column":11},"end":{"line":80,"column":25}},"43":{"start":{"line":84,"column":10},"end":{"line":84,"column":128}},"44":{"start":{"line":84,"column":63},"end":{"line":84,"column":125}},"45":{"start":{"line":87,"column":10},"end":{"line":87,"column":37}},"46":{"start":{"line":91,"column":10},"end":{"line":91,"column":163}},"47":{"start":{"line":104,"column":0},"end":{"line":104,"column":952}}},"fnMap":{"0":{"name":"(anonymous_0)","decl":{"start":{"line":2,"column":10},"end":{"line":2,"column":11}},"loc":{"start":{"line":2,"column":28},"end":{"line":92,"column":10}},"line":2},"1":{"name":"__webpack_require__","decl":{"start":{"line":7,"column":19},"end":{"line":7,"column":38}},"loc":{"start":{"line":7,"column":49},"end":{"line":34,"column":11}},"line":7},"2":{"name":"(anonymous_2)","decl":{"start":{"line":44,"column":34},"end":{"line":44,"column":35}},"loc":{"start":{"line":44,"column":66},"end":{"line":48,"column":11}},"line":44},"3":{"name":"(anonymous_3)","decl":{"start":{"line":51,"column":34},"end":{"line":51,"column":35}},"loc":{"start":{"line":51,"column":52},"end":{"line":56,"column":11}},"line":51},"4":{"name":"(anonymous_4)","decl":{"start":{"line":63,"column":34},"end":{"line":63,"column":35}},"loc":{"start":{"line":63,"column":56},"end":{"line":72,"column":11}},"line":63},"5":{"name":"(anonymous_5)","decl":{"start":{"line":70,"column":105},"end":{"line":70,"column":106}},"loc":{"start":{"line":70,"column":119},"end":{"line":70,"column":141}},"line":70},"6":{"name":"(anonymous_6)","decl":{"start":{"line":75,"column":34},"end":{"line":75,"column":35}},"loc":{"start":{"line":75,"column":51},"end":{"line":81,"column":11}},"line":75},"7":{"name":"getDefault","decl":{"start":{"line":77,"column":21},"end":{"line":77,"column":31}},"loc":{"start":{"line":77,"column":34},"end":{"line":77,"column":63}},"line":77},"8":{"name":"getModuleExports","decl":{"start":{"line":78,"column":21},"end":{"line":78,"column":37}},"loc":{"start":{"line":78,"column":40},"end":{"line":78,"column":58}},"line":78},"9":{"name":"(anonymous_9)","decl":{"start":{"line":84,"column":34},"end":{"line":84,"column":35}},"loc":{"start":{"line":84,"column":61},"end":{"line":84,"column":127}},"line":84},"10":{"name":"(anonymous_10)","decl":{"start":{"line":101,"column":7},"end":{"line":101,"column":8}},"loc":{"start":{"line":101,"column":66},"end":{"line":106,"column":7}},"line":101}},"branchMap":{"0":{"loc":{"start":{"line":10,"column":11},"end":{"line":12,"column":12}},"type":"if","locations":[{"start":{"line":10,"column":11},"end":{"line":12,"column":12}},{"start":{"line":10,"column":11},"end":{"line":12,"column":12}}],"line":10},"1":{"loc":{"start":{"line":26,"column":12},"end":{"line":26,"column":56}},"type":"if","locations":[{"start":{"line":26,"column":12},"end":{"line":26,"column":56}},{"start":{"line":26,"column":12},"end":{"line":26,"column":56}}],"line":26},"2":{"loc":{"start":{"line":45,"column":11},"end":{"line":47,"column":12}},"type":"if","locations":[{"start":{"line":45,"column":11},"end":{"line":47,"column":12}},{"start":{"line":45,"column":11},"end":{"line":47,"column":12}}],"line":45},"3":{"loc":{"start":{"line":52,"column":11},"end":{"line":54,"column":12}},"type":"if","locations":[{"start":{"line":52,"column":11},"end":{"line":54,"column":12}},{"start":{"line":52,"column":11},"end":{"line":54,"column":12}}],"line":52},"4":{"loc":{"start":{"line":52,"column":14},"end":{"line":52,"column":65}},"type":"binary-expr","locations":[{"start":{"line":52,"column":14},"end":{"line":52,"column":43}},{"start":{"line":52,"column":47},"end":{"line":52,"column":65}}],"line":52},"5":{"loc":{"start":{"line":64,"column":11},"end":{"line":64,"column":59}},"type":"if","locations":[{"start":{"line":64,"column":11},"end":{"line":64,"column":59}},{"start":{"line":64,"column":11},"end":{"line":64,"column":59}}],"line":64},"6":{"loc":{"start":{"line":65,"column":11},"end":{"line":65,"column":37}},"type":"if","locations":[{"start":{"line":65,"column":11},"end":{"line":65,"column":37}},{"start":{"line":65,"column":11},"end":{"line":65,"column":37}}],"line":65},"7":{"loc":{"start":{"line":66,"column":11},"end":{"line":66,"column":97}},"type":"if","locations":[{"start":{"line":66,"column":11},"end":{"line":66,"column":97}},{"start":{"line":66,"column":11},"end":{"line":66,"column":97}}],"line":66},"8":{"loc":{"start":{"line":66,"column":14},"end":{"line":66,"column":82}},"type":"binary-expr","locations":[{"start":{"line":66,"column":15},"end":{"line":66,"column":23}},{"start":{"line":66,"column":28},"end":{"line":66,"column":53}},{"start":{"line":66,"column":57},"end":{"line":66,"column":62}},{"start":{"line":66,"column":66},"end":{"line":66,"column":82}}],"line":66},"9":{"loc":{"start":{"line":70,"column":11},"end":{"line":70,"column":159}},"type":"if","locations":[{"start":{"line":70,"column":11},"end":{"line":70,"column":159}},{"start":{"line":70,"column":11},"end":{"line":70,"column":159}}],"line":70},"10":{"loc":{"start":{"line":70,"column":14},"end":{"line":70,"column":50}},"type":"binary-expr","locations":[{"start":{"line":70,"column":14},"end":{"line":70,"column":22}},{"start":{"line":70,"column":26},"end":{"line":70,"column":50}}],"line":70},"11":{"loc":{"start":{"line":76,"column":24},"end":{"line":78,"column":58}},"type":"cond-expr","locations":[{"start":{"line":77,"column":12},"end":{"line":77,"column":63}},{"start":{"line":78,"column":12},"end":{"line":78,"column":58}}],"line":76},"12":{"loc":{"start":{"line":76,"column":24},"end":{"line":76,"column":51}},"type":"binary-expr","locations":[{"start":{"line":76,"column":24},"end":{"line":76,"column":30}},{"start":{"line":76,"column":34},"end":{"line":76,"column":51}}],"line":76}},"s":{"0":0,"1":0,"2":0,"3":0,"4":0,"5":0,"6":0,"7":0,"8":0,"9":0,"10":0,"11":0,"12":0,"13":0,"14":0,"15":0,"16":0,"17":0,"18":0,"19":0,"20":0,"21":0,"22":0,"23":0,"24":0,"25":0,"26":0,"27":0,"28":0,"29":0,"30":0,"31":0,"32":0,"33":0,"34":0,"35":0,"36":0,"37":0,"38":0,"39":0,"40":0,"41":0,"42":0,"43":0,"44":0,"45":0,"46":0,"47":0},"f":{"0":0,"1":0,"2":0,"3":0,"4":0,"5":0,"6":0,"7":0,"8":0,"9":0,"10":0},"b":{"0":[0,0],"1":[0,0],"2":[0,0],"3":[0,0],"4":[0,0],"5":[0,0],"6":[0,0],"7":[0,0],"8":[0,0,0,0],"9":[0,0],"10":[0,0],"11":[0,0],"12":[0,0]}}
,"/Users/j/Documents/test/jlp-fed-test-main/.next/server/ssr-module-cache.js": {"path":"/Users/j/Documents/test/jlp-fed-test-main/.next/server/ssr-module-cache.js","statementMap":{"0":{"start":{"line":3,"column":6},"end":{"line":3,"column":25}}},"fnMap":{},"branchMap":{},"s":{"0":0},"f":{},"b":{}}
,"/Users/j/Documents/test/jlp-fed-test-main/.next/server/pages/404.js": {"path":"/Users/j/Documents/test/jlp-fed-test-main/.next/server/pages/404.js","statementMap":{"0":{"start":{"line":1,"column":0},"end":{"line":459,"column":12}},"1":{"start":{"line":4,"column":33},"end":{"line":4,"column":66}},"2":{"start":{"line":10,"column":11},"end":{"line":12,"column":12}},"3":{"start":{"line":11,"column":12},"end":{"line":11,"column":54}},"4":{"start":{"line":14,"column":24},"end":{"line":18,"column":12}},"5":{"start":{"line":21,"column":23},"end":{"line":21,"column":27}},"6":{"start":{"line":22,"column":11},"end":{"line":27,"column":12}},"7":{"start":{"line":23,"column":12},"end":{"line":23,"column":96}},"8":{"start":{"line":24,"column":12},"end":{"line":24,"column":26}},"9":{"start":{"line":26,"column":12},"end":{"line":26,"column":56}},"10":{"start":{"line":26,"column":22},"end":{"line":26,"column":56}},"11":{"start":{"line":30,"column":11},"end":{"line":30,"column":27}},"12":{"start":{"line":33,"column":11},"end":{"line":33,"column":33}},"13":{"start":{"line":38,"column":10},"end":{"line":38,"column":42}},"14":{"start":{"line":41,"column":10},"end":{"line":41,"column":51}},"15":{"start":{"line":44,"column":10},"end":{"line":48,"column":12}},"16":{"start":{"line":45,"column":11},"end":{"line":47,"column":12}},"17":{"start":{"line":46,"column":12},"end":{"line":46,"column":84}},"18":{"start":{"line":51,"column":10},"end":{"line":56,"column":12}},"19":{"start":{"line":52,"column":11},"end":{"line":54,"column":12}},"20":{"start":{"line":53,"column":12},"end":{"line":53,"column":84}},"21":{"start":{"line":55,"column":11},"end":{"line":55,"column":73}},"22":{"start":{"line":63,"column":10},"end":{"line":72,"column":12}},"23":{"start":{"line":64,"column":11},"end":{"line":64,"column":59}},"24":{"start":{"line":64,"column":24},"end":{"line":64,"column":59}},"25":{"start":{"line":65,"column":11},"end":{"line":65,"column":37}},"26":{"start":{"line":65,"column":24},"end":{"line":65,"column":37}},"27":{"start":{"line":66,"column":11},"end":{"line":66,"column":97}},"28":{"start":{"line":66,"column":84},"end":{"line":66,"column":97}},"29":{"start":{"line":67,"column":20},"end":{"line":67,"column":39}},"30":{"start":{"line":68,"column":11},"end":{"line":68,"column":37}},"31":{"start":{"line":69,"column":11},"end":{"line":69,"column":84}},"32":{"start":{"line":70,"column":11},"end":{"line":70,"column":159}},"33":{"start":{"line":70,"column":52},"end":{"line":70,"column":159}},"34":{"start":{"line":70,"column":74},"end":{"line":70,"column":159}},"35":{"start":{"line":70,"column":121},"end":{"line":70,"column":139}},"36":{"start":{"line":71,"column":11},"end":{"line":71,"column":21}},"37":{"start":{"line":75,"column":10},"end":{"line":81,"column":12}},"38":{"start":{"line":76,"column":24},"end":{"line":78,"column":58}},"39":{"start":{"line":77,"column":36},"end":{"line":77,"column":61}},"40":{"start":{"line":78,"column":42},"end":{"line":78,"column":56}},"41":{"start":{"line":79,"column":11},"end":{"line":79,"column":54}},"42":{"start":{"line":80,"column":11},"end":{"line":80,"column":25}},"43":{"start":{"line":84,"column":10},"end":{"line":84,"column":128}},"44":{"start":{"line":84,"column":63},"end":{"line":84,"column":125}},"45":{"start":{"line":87,"column":10},"end":{"line":87,"column":37}},"46":{"start":{"line":91,"column":10},"end":{"line":91,"column":80}},"47":{"start":{"line":103,"column":0},"end":{"line":103,"column":626}},"48":{"start":{"line":114,"column":0},"end":{"line":114,"column":770}},"49":{"start":{"line":125,"column":0},"end":{"line":125,"column":924}},"50":{"start":{"line":136,"column":0},"end":{"line":136,"column":3858}},"51":{"start":{"line":147,"column":0},"end":{"line":147,"column":1751}},"52":{"start":{"line":159,"column":0},"end":{"line":159,"column":29984}},"53":{"start":{"line":171,"column":0},"end":{"line":171,"column":2365}},"54":{"start":{"line":183,"column":0},"end":{"line":183,"column":3343}},"55":{"start":{"line":195,"column":0},"end":{"line":195,"column":31108}},"56":{"start":{"line":207,"column":0},"end":{"line":207,"column":15459}},"57":{"start":{"line":219,"column":0},"end":{"line":219,"column":9127}},"58":{"start":{"line":231,"column":0},"end":{"line":231,"column":3572}},"59":{"start":{"line":243,"column":0},"end":{"line":243,"column":2479}},"60":{"start":{"line":255,"column":0},"end":{"line":255,"column":5835}},"61":{"start":{"line":267,"column":0},"end":{"line":267,"column":129465}},"62":{"start":{"line":279,"column":0},"end":{"line":279,"column":10346}},"63":{"start":{"line":291,"column":0},"end":{"line":291,"column":1139}},"64":{"start":{"line":303,"column":0},"end":{"line":303,"column":3821}},"65":{"start":{"line":315,"column":0},"end":{"line":315,"column":5487}},"66":{"start":{"line":327,"column":0},"end":{"line":327,"column":756}},"67":{"start":{"line":339,"column":0},"end":{"line":339,"column":3999}},"68":{"start":{"line":351,"column":0},"end":{"line":351,"column":11726}},"69":{"start":{"line":363,"column":0},"end":{"line":363,"column":19384}},"70":{"start":{"line":375,"column":0},"end":{"line":375,"column":1596}},"71":{"start":{"line":386,"column":0},"end":{"line":386,"column":607}},"72":{"start":{"line":398,"column":0},"end":{"line":398,"column":18371}},"73":{"start":{"line":410,"column":0},"end":{"line":410,"column":1023}},"74":{"start":{"line":422,"column":0},"end":{"line":422,"column":5255}},"75":{"start":{"line":433,"column":0},"end":{"line":433,"column":456}},"76":{"start":{"line":444,"column":0},"end":{"line":444,"column":420}},"77":{"start":{"line":455,"column":0},"end":{"line":455,"column":516}}},"fnMap":{"0":{"name":"(anonymous_0)","decl":{"start":{"line":2,"column":10},"end":{"line":2,"column":11}},"loc":{"start":{"line":2,"column":28},"end":{"line":92,"column":10}},"line":2},"1":{"name":"__webpack_require__","decl":{"start":{"line":7,"column":19},"end":{"line":7,"column":38}},"loc":{"start":{"line":7,"column":49},"end":{"line":34,"column":11}},"line":7},"2":{"name":"(anonymous_2)","decl":{"start":{"line":44,"column":34},"end":{"line":44,"column":35}},"loc":{"start":{"line":44,"column":66},"end":{"line":48,"column":11}},"line":44},"3":{"name":"(anonymous_3)","decl":{"start":{"line":51,"column":34},"end":{"line":51,"column":35}},"loc":{"start":{"line":51,"column":52},"end":{"line":56,"column":11}},"line":51},"4":{"name":"(anonymous_4)","decl":{"start":{"line":63,"column":34},"end":{"line":63,"column":35}},"loc":{"start":{"line":63,"column":56},"end":{"line":72,"column":11}},"line":63},"5":{"name":"(anonymous_5)","decl":{"start":{"line":70,"column":105},"end":{"line":70,"column":106}},"loc":{"start":{"line":70,"column":119},"end":{"line":70,"column":141}},"line":70},"6":{"name":"(anonymous_6)","decl":{"start":{"line":75,"column":34},"end":{"line":75,"column":35}},"loc":{"start":{"line":75,"column":51},"end":{"line":81,"column":11}},"line":75},"7":{"name":"getDefault","decl":{"start":{"line":77,"column":21},"end":{"line":77,"column":31}},"loc":{"start":{"line":77,"column":34},"end":{"line":77,"column":63}},"line":77},"8":{"name":"getModuleExports","decl":{"start":{"line":78,"column":21},"end":{"line":78,"column":37}},"loc":{"start":{"line":78,"column":40},"end":{"line":78,"column":58}},"line":78},"9":{"name":"(anonymous_9)","decl":{"start":{"line":84,"column":34},"end":{"line":84,"column":35}},"loc":{"start":{"line":84,"column":61},"end":{"line":84,"column":127}},"line":84},"10":{"name":"(anonymous_10)","decl":{"start":{"line":101,"column":7},"end":{"line":101,"column":8}},"loc":{"start":{"line":101,"column":33},"end":{"line":105,"column":7}},"line":101},"11":{"name":"(anonymous_11)","decl":{"start":{"line":112,"column":7},"end":{"line":112,"column":8}},"loc":{"start":{"line":112,"column":33},"end":{"line":116,"column":7}},"line":112},"12":{"name":"(anonymous_12)","decl":{"start":{"line":123,"column":7},"end":{"line":123,"column":8}},"loc":{"start":{"line":123,"column":33},"end":{"line":127,"column":7}},"line":123},"13":{"name":"(anonymous_13)","decl":{"start":{"line":134,"column":7},"end":{"line":134,"column":8}},"loc":{"start":{"line":134,"column":54},"end":{"line":138,"column":7}},"line":134},"14":{"name":"(anonymous_14)","decl":{"start":{"line":145,"column":7},"end":{"line":145,"column":8}},"loc":{"start":{"line":145,"column":33},"end":{"line":149,"column":7}},"line":145},"15":{"name":"(anonymous_15)","decl":{"start":{"line":156,"column":7},"end":{"line":156,"column":8}},"loc":{"start":{"line":156,"column":54},"end":{"line":161,"column":7}},"line":156},"16":{"name":"(anonymous_16)","decl":{"start":{"line":168,"column":7},"end":{"line":168,"column":8}},"loc":{"start":{"line":168,"column":54},"end":{"line":173,"column":7}},"line":168},"17":{"name":"(anonymous_17)","decl":{"start":{"line":180,"column":7},"end":{"line":180,"column":8}},"loc":{"start":{"line":180,"column":54},"end":{"line":185,"column":7}},"line":180},"18":{"name":"(anonymous_18)","decl":{"start":{"line":192,"column":7},"end":{"line":192,"column":8}},"loc":{"start":{"line":192,"column":54},"end":{"line":197,"column":7}},"line":192},"19":{"name":"(anonymous_19)","decl":{"start":{"line":204,"column":7},"end":{"line":204,"column":8}},"loc":{"start":{"line":204,"column":54},"end":{"line":209,"column":7}},"line":204},"20":{"name":"(anonymous_20)","decl":{"start":{"line":216,"column":7},"end":{"line":216,"column":8}},"loc":{"start":{"line":216,"column":54},"end":{"line":221,"column":7}},"line":216},"21":{"name":"(anonymous_21)","decl":{"start":{"line":228,"column":7},"end":{"line":228,"column":8}},"loc":{"start":{"line":228,"column":54},"end":{"line":233,"column":7}},"line":228},"22":{"name":"(anonymous_22)","decl":{"start":{"line":240,"column":7},"end":{"line":240,"column":8}},"loc":{"start":{"line":240,"column":54},"end":{"line":245,"column":7}},"line":240},"23":{"name":"(anonymous_23)","decl":{"start":{"line":252,"column":7},"end":{"line":252,"column":8}},"loc":{"start":{"line":252,"column":54},"end":{"line":257,"column":7}},"line":252},"24":{"name":"(anonymous_24)","decl":{"start":{"line":264,"column":7},"end":{"line":264,"column":8}},"loc":{"start":{"line":264,"column":54},"end":{"line":269,"column":7}},"line":264},"25":{"name":"(anonymous_25)","decl":{"start":{"line":276,"column":7},"end":{"line":276,"column":8}},"loc":{"start":{"line":276,"column":54},"end":{"line":281,"column":7}},"line":276},"26":{"name":"(anonymous_26)","decl":{"start":{"line":288,"column":7},"end":{"line":288,"column":8}},"loc":{"start":{"line":288,"column":54},"end":{"line":293,"column":7}},"line":288},"27":{"name":"(anonymous_27)","decl":{"start":{"line":300,"column":7},"end":{"line":300,"column":8}},"loc":{"start":{"line":300,"column":54},"end":{"line":305,"column":7}},"line":300},"28":{"name":"(anonymous_28)","decl":{"start":{"line":312,"column":7},"end":{"line":312,"column":8}},"loc":{"start":{"line":312,"column":54},"end":{"line":317,"column":7}},"line":312},"29":{"name":"(anonymous_29)","decl":{"start":{"line":324,"column":7},"end":{"line":324,"column":8}},"loc":{"start":{"line":324,"column":54},"end":{"line":329,"column":7}},"line":324},"30":{"name":"(anonymous_30)","decl":{"start":{"line":336,"column":7},"end":{"line":336,"column":8}},"loc":{"start":{"line":336,"column":54},"end":{"line":341,"column":7}},"line":336},"31":{"name":"(anonymous_31)","decl":{"start":{"line":348,"column":7},"end":{"line":348,"column":8}},"loc":{"start":{"line":348,"column":54},"end":{"line":353,"column":7}},"line":348},"32":{"name":"(anonymous_32)","decl":{"start":{"line":360,"column":7},"end":{"line":360,"column":8}},"loc":{"start":{"line":360,"column":54},"end":{"line":365,"column":7}},"line":360},"33":{"name":"(anonymous_33)","decl":{"start":{"line":372,"column":7},"end":{"line":372,"column":8}},"loc":{"start":{"line":372,"column":54},"end":{"line":377,"column":7}},"line":372},"34":{"name":"(anonymous_34)","decl":{"start":{"line":384,"column":7},"end":{"line":384,"column":8}},"loc":{"start":{"line":384,"column":54},"end":{"line":388,"column":7}},"line":384},"35":{"name":"(anonymous_35)","decl":{"start":{"line":395,"column":7},"end":{"line":395,"column":8}},"loc":{"start":{"line":395,"column":54},"end":{"line":400,"column":7}},"line":395},"36":{"name":"(anonymous_36)","decl":{"start":{"line":407,"column":7},"end":{"line":407,"column":8}},"loc":{"start":{"line":407,"column":54},"end":{"line":412,"column":7}},"line":407},"37":{"name":"(anonymous_37)","decl":{"start":{"line":419,"column":7},"end":{"line":419,"column":8}},"loc":{"start":{"line":419,"column":66},"end":{"line":424,"column":7}},"line":419},"38":{"name":"(anonymous_38)","decl":{"start":{"line":431,"column":7},"end":{"line":431,"column":8}},"loc":{"start":{"line":431,"column":33},"end":{"line":435,"column":7}},"line":431},"39":{"name":"(anonymous_39)","decl":{"start":{"line":442,"column":7},"end":{"line":442,"column":8}},"loc":{"start":{"line":442,"column":33},"end":{"line":446,"column":7}},"line":442},"40":{"name":"(anonymous_40)","decl":{"start":{"line":453,"column":7},"end":{"line":453,"column":8}},"loc":{"start":{"line":453,"column":33},"end":{"line":457,"column":7}},"line":453}},"branchMap":{"0":{"loc":{"start":{"line":10,"column":11},"end":{"line":12,"column":12}},"type":"if","locations":[{"start":{"line":10,"column":11},"end":{"line":12,"column":12}},{"start":{"line":10,"column":11},"end":{"line":12,"column":12}}],"line":10},"1":{"loc":{"start":{"line":26,"column":12},"end":{"line":26,"column":56}},"type":"if","locations":[{"start":{"line":26,"column":12},"end":{"line":26,"column":56}},{"start":{"line":26,"column":12},"end":{"line":26,"column":56}}],"line":26},"2":{"loc":{"start":{"line":45,"column":11},"end":{"line":47,"column":12}},"type":"if","locations":[{"start":{"line":45,"column":11},"end":{"line":47,"column":12}},{"start":{"line":45,"column":11},"end":{"line":47,"column":12}}],"line":45},"3":{"loc":{"start":{"line":52,"column":11},"end":{"line":54,"column":12}},"type":"if","locations":[{"start":{"line":52,"column":11},"end":{"line":54,"column":12}},{"start":{"line":52,"column":11},"end":{"line":54,"column":12}}],"line":52},"4":{"loc":{"start":{"line":52,"column":14},"end":{"line":52,"column":65}},"type":"binary-expr","locations":[{"start":{"line":52,"column":14},"end":{"line":52,"column":43}},{"start":{"line":52,"column":47},"end":{"line":52,"column":65}}],"line":52},"5":{"loc":{"start":{"line":64,"column":11},"end":{"line":64,"column":59}},"type":"if","locations":[{"start":{"line":64,"column":11},"end":{"line":64,"column":59}},{"start":{"line":64,"column":11},"end":{"line":64,"column":59}}],"line":64},"6":{"loc":{"start":{"line":65,"column":11},"end":{"line":65,"column":37}},"type":"if","locations":[{"start":{"line":65,"column":11},"end":{"line":65,"column":37}},{"start":{"line":65,"column":11},"end":{"line":65,"column":37}}],"line":65},"7":{"loc":{"start":{"line":66,"column":11},"end":{"line":66,"column":97}},"type":"if","locations":[{"start":{"line":66,"column":11},"end":{"line":66,"column":97}},{"start":{"line":66,"column":11},"end":{"line":66,"column":97}}],"line":66},"8":{"loc":{"start":{"line":66,"column":14},"end":{"line":66,"column":82}},"type":"binary-expr","locations":[{"start":{"line":66,"column":15},"end":{"line":66,"column":23}},{"start":{"line":66,"column":28},"end":{"line":66,"column":53}},{"start":{"line":66,"column":57},"end":{"line":66,"column":62}},{"start":{"line":66,"column":66},"end":{"line":66,"column":82}}],"line":66},"9":{"loc":{"start":{"line":70,"column":11},"end":{"line":70,"column":159}},"type":"if","locations":[{"start":{"line":70,"column":11},"end":{"line":70,"column":159}},{"start":{"line":70,"column":11},"end":{"line":70,"column":159}}],"line":70},"10":{"loc":{"start":{"line":70,"column":14},"end":{"line":70,"column":50}},"type":"binary-expr","locations":[{"start":{"line":70,"column":14},"end":{"line":70,"column":22}},{"start":{"line":70,"column":26},"end":{"line":70,"column":50}}],"line":70},"11":{"loc":{"start":{"line":76,"column":24},"end":{"line":78,"column":58}},"type":"cond-expr","locations":[{"start":{"line":77,"column":12},"end":{"line":77,"column":63}},{"start":{"line":78,"column":12},"end":{"line":78,"column":58}}],"line":76},"12":{"loc":{"start":{"line":76,"column":24},"end":{"line":76,"column":51}},"type":"binary-expr","locations":[{"start":{"line":76,"column":24},"end":{"line":76,"column":30}},{"start":{"line":76,"column":34},"end":{"line":76,"column":51}}],"line":76}},"s":{"0":0,"1":0,"2":0,"3":0,"4":0,"5":0,"6":0,"7":0,"8":0,"9":0,"10":0,"11":0,"12":0,"13":0,"14":0,"15":0,"16":0,"17":0,"18":0,"19":0,"20":0,"21":0,"22":0,"23":0,"24":0,"25":0,"26":0,"27":0,"28":0,"29":0,"30":0,"31":0,"32":0,"33":0,"34":0,"35":0,"36":0,"37":0,"38":0,"39":0,"40":0,"41":0,"42":0,"43":0,"44":0,"45":0,"46":0,"47":0,"48":0,"49":0,"50":0,"51":0,"52":0,"53":0,"54":0,"55":0,"56":0,"57":0,"58":0,"59":0,"60":0,"61":0,"62":0,"63":0,"64":0,"65":0,"66":0,"67":0,"68":0,"69":0,"70":0,"71":0,"72":0,"73":0,"74":0,"75":0,"76":0,"77":0},"f":{"0":0,"1":0,"2":0,"3":0,"4":0,"5":0,"6":0,"7":0,"8":0,"9":0,"10":0,"11":0,"12":0,"13":0,"14":0,"15":0,"16":0,"17":0,"18":0,"19":0,"20":0,"21":0,"22":0,"23":0,"24":0,"25":0,"26":0,"27":0,"28":0,"29":0,"30":0,"31":0,"32":0,"33":0,"34":0,"35":0,"36":0,"37":0,"38":0,"39":0,"40":0},"b":{"0":[0,0],"1":[0,0],"2":[0,0],"3":[0,0],"4":[0,0],"5":[0,0],"6":[0,0],"7":[0,0],"8":[0,0,0,0],"9":[0,0],"10":[0,0],"11":[0,0],"12":[0,0]}}
,"/Users/j/Documents/test/jlp-fed-test-main/.next/server/pages/_app.js": {"path":"/Users/j/Documents/test/jlp-fed-test-main/.next/server/pages/_app.js","statementMap":{"0":{"start":{"line":1,"column":0},"end":{"line":165,"column":12}},"1":{"start":{"line":4,"column":33},"end":{"line":4,"column":66}},"2":{"start":{"line":10,"column":11},"end":{"line":12,"column":12}},"3":{"start":{"line":11,"column":12},"end":{"line":11,"column":54}},"4":{"start":{"line":14,"column":24},"end":{"line":18,"column":12}},"5":{"start":{"line":21,"column":23},"end":{"line":21,"column":27}},"6":{"start":{"line":22,"column":11},"end":{"line":27,"column":12}},"7":{"start":{"line":23,"column":12},"end":{"line":23,"column":96}},"8":{"start":{"line":24,"column":12},"end":{"line":24,"column":26}},"9":{"start":{"line":26,"column":12},"end":{"line":26,"column":56}},"10":{"start":{"line":26,"column":22},"end":{"line":26,"column":56}},"11":{"start":{"line":30,"column":11},"end":{"line":30,"column":27}},"12":{"start":{"line":33,"column":11},"end":{"line":33,"column":33}},"13":{"start":{"line":38,"column":10},"end":{"line":38,"column":42}},"14":{"start":{"line":41,"column":10},"end":{"line":41,"column":51}},"15":{"start":{"line":44,"column":10},"end":{"line":48,"column":12}},"16":{"start":{"line":45,"column":11},"end":{"line":47,"column":12}},"17":{"start":{"line":46,"column":12},"end":{"line":46,"column":84}},"18":{"start":{"line":51,"column":10},"end":{"line":56,"column":12}},"19":{"start":{"line":52,"column":11},"end":{"line":54,"column":12}},"20":{"start":{"line":53,"column":12},"end":{"line":53,"column":84}},"21":{"start":{"line":55,"column":11},"end":{"line":55,"column":73}},"22":{"start":{"line":63,"column":10},"end":{"line":72,"column":12}},"23":{"start":{"line":64,"column":11},"end":{"line":64,"column":59}},"24":{"start":{"line":64,"column":24},"end":{"line":64,"column":59}},"25":{"start":{"line":65,"column":11},"end":{"line":65,"column":37}},"26":{"start":{"line":65,"column":24},"end":{"line":65,"column":37}},"27":{"start":{"line":66,"column":11},"end":{"line":66,"column":97}},"28":{"start":{"line":66,"column":84},"end":{"line":66,"column":97}},"29":{"start":{"line":67,"column":20},"end":{"line":67,"column":39}},"30":{"start":{"line":68,"column":11},"end":{"line":68,"column":37}},"31":{"start":{"line":69,"column":11},"end":{"line":69,"column":84}},"32":{"start":{"line":70,"column":11},"end":{"line":70,"column":159}},"33":{"start":{"line":70,"column":52},"end":{"line":70,"column":159}},"34":{"start":{"line":70,"column":74},"end":{"line":70,"column":159}},"35":{"start":{"line":70,"column":121},"end":{"line":70,"column":139}},"36":{"start":{"line":71,"column":11},"end":{"line":71,"column":21}},"37":{"start":{"line":75,"column":10},"end":{"line":81,"column":12}},"38":{"start":{"line":76,"column":24},"end":{"line":78,"column":58}},"39":{"start":{"line":77,"column":36},"end":{"line":77,"column":61}},"40":{"start":{"line":78,"column":42},"end":{"line":78,"column":56}},"41":{"start":{"line":79,"column":11},"end":{"line":79,"column":54}},"42":{"start":{"line":80,"column":11},"end":{"line":80,"column":25}},"43":{"start":{"line":84,"column":10},"end":{"line":84,"column":128}},"44":{"start":{"line":84,"column":63},"end":{"line":84,"column":125}},"45":{"start":{"line":87,"column":10},"end":{"line":87,"column":37}},"46":{"start":{"line":91,"column":10},"end":{"line":91,"column":64}},"47":{"start":{"line":104,"column":0},"end":{"line":104,"column":3313}},"48":{"start":{"line":115,"column":0},"end":{"line":115,"column":942}},"49":{"start":{"line":127,"column":0},"end":{"line":127,"column":3707}},"50":{"start":{"line":138,"column":0},"end":{"line":138,"column":320}},"51":{"start":{"line":149,"column":0},"end":{"line":149,"column":89}},"52":{"start":{"line":161,"column":0},"end":{"line":161,"column":516}}},"fnMap":{"0":{"name":"(anonymous_0)","decl":{"start":{"line":2,"column":10},"end":{"line":2,"column":11}},"loc":{"start":{"line":2,"column":28},"end":{"line":92,"column":10}},"line":2},"1":{"name":"__webpack_require__","decl":{"start":{"line":7,"column":19},"end":{"line":7,"column":38}},"loc":{"start":{"line":7,"column":49},"end":{"line":34,"column":11}},"line":7},"2":{"name":"(anonymous_2)","decl":{"start":{"line":44,"column":34},"end":{"line":44,"column":35}},"loc":{"start":{"line":44,"column":66},"end":{"line":48,"column":11}},"line":44},"3":{"name":"(anonymous_3)","decl":{"start":{"line":51,"column":34},"end":{"line":51,"column":35}},"loc":{"start":{"line":51,"column":52},"end":{"line":56,"column":11}},"line":51},"4":{"name":"(anonymous_4)","decl":{"start":{"line":63,"column":34},"end":{"line":63,"column":35}},"loc":{"start":{"line":63,"column":56},"end":{"line":72,"column":11}},"line":63},"5":{"name":"(anonymous_5)","decl":{"start":{"line":70,"column":105},"end":{"line":70,"column":106}},"loc":{"start":{"line":70,"column":119},"end":{"line":70,"column":141}},"line":70},"6":{"name":"(anonymous_6)","decl":{"start":{"line":75,"column":34},"end":{"line":75,"column":35}},"loc":{"start":{"line":75,"column":51},"end":{"line":81,"column":11}},"line":75},"7":{"name":"getDefault","decl":{"start":{"line":77,"column":21},"end":{"line":77,"column":31}},"loc":{"start":{"line":77,"column":34},"end":{"line":77,"column":63}},"line":77},"8":{"name":"getModuleExports","decl":{"start":{"line":78,"column":21},"end":{"line":78,"column":37}},"loc":{"start":{"line":78,"column":40},"end":{"line":78,"column":58}},"line":78},"9":{"name":"(anonymous_9)","decl":{"start":{"line":84,"column":34},"end":{"line":84,"column":35}},"loc":{"start":{"line":84,"column":61},"end":{"line":84,"column":127}},"line":84},"10":{"name":"(anonymous_10)","decl":{"start":{"line":101,"column":7},"end":{"line":101,"column":8}},"loc":{"start":{"line":101,"column":66},"end":{"line":106,"column":7}},"line":101},"11":{"name":"(anonymous_11)","decl":{"start":{"line":113,"column":7},"end":{"line":113,"column":8}},"loc":{"start":{"line":113,"column":33},"end":{"line":117,"column":7}},"line":113},"12":{"name":"(anonymous_12)","decl":{"start":{"line":124,"column":7},"end":{"line":124,"column":8}},"loc":{"start":{"line":124,"column":66},"end":{"line":129,"column":7}},"line":124},"13":{"name":"(anonymous_13)","decl":{"start":{"line":136,"column":7},"end":{"line":136,"column":8}},"loc":{"start":{"line":136,"column":33},"end":{"line":140,"column":7}},"line":136},"14":{"name":"(anonymous_14)","decl":{"start":{"line":147,"column":7},"end":{"line":147,"column":8}},"loc":{"start":{"line":147,"column":54},"end":{"line":152,"column":7}},"line":147},"15":{"name":"(anonymous_15)","decl":{"start":{"line":159,"column":7},"end":{"line":159,"column":8}},"loc":{"start":{"line":159,"column":33},"end":{"line":163,"column":7}},"line":159}},"branchMap":{"0":{"loc":{"start":{"line":10,"column":11},"end":{"line":12,"column":12}},"type":"if","locations":[{"start":{"line":10,"column":11},"end":{"line":12,"column":12}},{"start":{"line":10,"column":11},"end":{"line":12,"column":12}}],"line":10},"1":{"loc":{"start":{"line":26,"column":12},"end":{"line":26,"column":56}},"type":"if","locations":[{"start":{"line":26,"column":12},"end":{"line":26,"column":56}},{"start":{"line":26,"column":12},"end":{"line":26,"column":56}}],"line":26},"2":{"loc":{"start":{"line":45,"column":11},"end":{"line":47,"column":12}},"type":"if","locations":[{"start":{"line":45,"column":11},"end":{"line":47,"column":12}},{"start":{"line":45,"column":11},"end":{"line":47,"column":12}}],"line":45},"3":{"loc":{"start":{"line":52,"column":11},"end":{"line":54,"column":12}},"type":"if","locations":[{"start":{"line":52,"column":11},"end":{"line":54,"column":12}},{"start":{"line":52,"column":11},"end":{"line":54,"column":12}}],"line":52},"4":{"loc":{"start":{"line":52,"column":14},"end":{"line":52,"column":65}},"type":"binary-expr","locations":[{"start":{"line":52,"column":14},"end":{"line":52,"column":43}},{"start":{"line":52,"column":47},"end":{"line":52,"column":65}}],"line":52},"5":{"loc":{"start":{"line":64,"column":11},"end":{"line":64,"column":59}},"type":"if","locations":[{"start":{"line":64,"column":11},"end":{"line":64,"column":59}},{"start":{"line":64,"column":11},"end":{"line":64,"column":59}}],"line":64},"6":{"loc":{"start":{"line":65,"column":11},"end":{"line":65,"column":37}},"type":"if","locations":[{"start":{"line":65,"column":11},"end":{"line":65,"column":37}},{"start":{"line":65,"column":11},"end":{"line":65,"column":37}}],"line":65},"7":{"loc":{"start":{"line":66,"column":11},"end":{"line":66,"column":97}},"type":"if","locations":[{"start":{"line":66,"column":11},"end":{"line":66,"column":97}},{"start":{"line":66,"column":11},"end":{"line":66,"column":97}}],"line":66},"8":{"loc":{"start":{"line":66,"column":14},"end":{"line":66,"column":82}},"type":"binary-expr","locations":[{"start":{"line":66,"column":15},"end":{"line":66,"column":23}},{"start":{"line":66,"column":28},"end":{"line":66,"column":53}},{"start":{"line":66,"column":57},"end":{"line":66,"column":62}},{"start":{"line":66,"column":66},"end":{"line":66,"column":82}}],"line":66},"9":{"loc":{"start":{"line":70,"column":11},"end":{"line":70,"column":159}},"type":"if","locations":[{"start":{"line":70,"column":11},"end":{"line":70,"column":159}},{"start":{"line":70,"column":11},"end":{"line":70,"column":159}}],"line":70},"10":{"loc":{"start":{"line":70,"column":14},"end":{"line":70,"column":50}},"type":"binary-expr","locations":[{"start":{"line":70,"column":14},"end":{"line":70,"column":22}},{"start":{"line":70,"column":26},"end":{"line":70,"column":50}}],"line":70},"11":{"loc":{"start":{"line":76,"column":24},"end":{"line":78,"column":58}},"type":"cond-expr","locations":[{"start":{"line":77,"column":12},"end":{"line":77,"column":63}},{"start":{"line":78,"column":12},"end":{"line":78,"column":58}}],"line":76},"12":{"loc":{"start":{"line":76,"column":24},"end":{"line":76,"column":51}},"type":"binary-expr","locations":[{"start":{"line":76,"column":24},"end":{"line":76,"column":30}},{"start":{"line":76,"column":34},"end":{"line":76,"column":51}}],"line":76}},"s":{"0":0,"1":0,"2":0,"3":0,"4":0,"5":0,"6":0,"7":0,"8":0,"9":0,"10":0,"11":0,"12":0,"13":0,"14":0,"15":0,"16":0,"17":0,"18":0,"19":0,"20":0,"21":0,"22":0,"23":0,"24":0,"25":0,"26":0,"27":0,"28":0,"29":0,"30":0,"31":0,"32":0,"33":0,"34":0,"35":0,"36":0,"37":0,"38":0,"39":0,"40":0,"41":0,"42":0,"43":0,"44":0,"45":0,"46":0,"47":0,"48":0,"49":0,"50":0,"51":0,"52":0},"f":{"0":0,"1":0,"2":0,"3":0,"4":0,"5":0,"6":0,"7":0,"8":0,"9":0,"10":0,"11":0,"12":0,"13":0,"14":0,"15":0},"b":{"0":[0,0],"1":[0,0],"2":[0,0],"3":[0,0],"4":[0,0],"5":[0,0],"6":[0,0],"7":[0,0],"8":[0,0,0,0],"9":[0,0],"10":[0,0],"11":[0,0],"12":[0,0]}}
,"/Users/j/Documents/test/jlp-fed-test-main/.next/server/pages/_document.js": {"path":"/Users/j/Documents/test/jlp-fed-test-main/.next/server/pages/_document.js","statementMap":{"0":{"start":{"line":1,"column":0},"end":{"line":322,"column":12}},"1":{"start":{"line":4,"column":33},"end":{"line":4,"column":66}},"2":{"start":{"line":10,"column":11},"end":{"line":12,"column":12}},"3":{"start":{"line":11,"column":12},"end":{"line":11,"column":54}},"4":{"start":{"line":14,"column":24},"end":{"line":18,"column":12}},"5":{"start":{"line":21,"column":23},"end":{"line":21,"column":27}},"6":{"start":{"line":22,"column":11},"end":{"line":27,"column":12}},"7":{"start":{"line":23,"column":12},"end":{"line":23,"column":96}},"8":{"start":{"line":24,"column":12},"end":{"line":24,"column":26}},"9":{"start":{"line":26,"column":12},"end":{"line":26,"column":56}},"10":{"start":{"line":26,"column":22},"end":{"line":26,"column":56}},"11":{"start":{"line":30,"column":11},"end":{"line":30,"column":27}},"12":{"start":{"line":33,"column":11},"end":{"line":33,"column":33}},"13":{"start":{"line":38,"column":10},"end":{"line":38,"column":42}},"14":{"start":{"line":41,"column":10},"end":{"line":41,"column":51}},"15":{"start":{"line":44,"column":10},"end":{"line":48,"column":12}},"16":{"start":{"line":45,"column":11},"end":{"line":47,"column":12}},"17":{"start":{"line":46,"column":12},"end":{"line":46,"column":84}},"18":{"start":{"line":51,"column":10},"end":{"line":56,"column":12}},"19":{"start":{"line":52,"column":11},"end":{"line":54,"column":12}},"20":{"start":{"line":53,"column":12},"end":{"line":53,"column":84}},"21":{"start":{"line":55,"column":11},"end":{"line":55,"column":73}},"22":{"start":{"line":63,"column":10},"end":{"line":72,"column":12}},"23":{"start":{"line":64,"column":11},"end":{"line":64,"column":59}},"24":{"start":{"line":64,"column":24},"end":{"line":64,"column":59}},"25":{"start":{"line":65,"column":11},"end":{"line":65,"column":37}},"26":{"start":{"line":65,"column":24},"end":{"line":65,"column":37}},"27":{"start":{"line":66,"column":11},"end":{"line":66,"column":97}},"28":{"start":{"line":66,"column":84},"end":{"line":66,"column":97}},"29":{"start":{"line":67,"column":20},"end":{"line":67,"column":39}},"30":{"start":{"line":68,"column":11},"end":{"line":68,"column":37}},"31":{"start":{"line":69,"column":11},"end":{"line":69,"column":84}},"32":{"start":{"line":70,"column":11},"end":{"line":70,"column":159}},"33":{"start":{"line":70,"column":52},"end":{"line":70,"column":159}},"34":{"start":{"line":70,"column":74},"end":{"line":70,"column":159}},"35":{"start":{"line":70,"column":121},"end":{"line":70,"column":139}},"36":{"start":{"line":71,"column":11},"end":{"line":71,"column":21}},"37":{"start":{"line":75,"column":10},"end":{"line":81,"column":12}},"38":{"start":{"line":76,"column":24},"end":{"line":78,"column":58}},"39":{"start":{"line":77,"column":36},"end":{"line":77,"column":61}},"40":{"start":{"line":78,"column":42},"end":{"line":78,"column":56}},"41":{"start":{"line":79,"column":11},"end":{"line":79,"column":54}},"42":{"start":{"line":80,"column":11},"end":{"line":80,"column":25}},"43":{"start":{"line":84,"column":10},"end":{"line":84,"column":128}},"44":{"start":{"line":84,"column":63},"end":{"line":84,"column":125}},"45":{"start":{"line":87,"column":10},"end":{"line":87,"column":37}},"46":{"start":{"line":91,"column":10},"end":{"line":91,"column":64}},"47":{"start":{"line":103,"column":0},"end":{"line":103,"column":596}},"48":{"start":{"line":114,"column":0},"end":{"line":114,"column":638}},"49":{"start":{"line":125,"column":0},"end":{"line":125,"column":662}},"50":{"start":{"line":136,"column":0},"end":{"line":136,"column":572}},"51":{"start":{"line":147,"column":0},"end":{"line":147,"column":644}},"52":{"start":{"line":158,"column":0},"end":{"line":158,"column":590}},"53":{"start":{"line":169,"column":0},"end":{"line":169,"column":1636}},"54":{"start":{"line":180,"column":0},"end":{"line":180,"column":924}},"55":{"start":{"line":191,"column":0},"end":{"line":191,"column":3858}},"56":{"start":{"line":202,"column":0},"end":{"line":202,"column":1587}},"57":{"start":{"line":213,"column":0},"end":{"line":213,"column":1751}},"58":{"start":{"line":225,"column":0},"end":{"line":225,"column":16763}},"59":{"start":{"line":237,"column":0},"end":{"line":237,"column":13040}},"60":{"start":{"line":249,"column":0},"end":{"line":249,"column":3343}},"61":{"start":{"line":261,"column":0},"end":{"line":261,"column":84583}},"62":{"start":{"line":273,"column":0},"end":{"line":273,"column":1823}},"63":{"start":{"line":284,"column":0},"end":{"line":284,"column":116}},"64":{"start":{"line":296,"column":0},"end":{"line":296,"column":450}},"65":{"start":{"line":307,"column":0},"end":{"line":307,"column":420}},"66":{"start":{"line":318,"column":0},"end":{"line":318,"column":492}}},"fnMap":{"0":{"name":"(anonymous_0)","decl":{"start":{"line":2,"column":10},"end":{"line":2,"column":11}},"loc":{"start":{"line":2,"column":28},"end":{"line":92,"column":10}},"line":2},"1":{"name":"__webpack_require__","decl":{"start":{"line":7,"column":19},"end":{"line":7,"column":38}},"loc":{"start":{"line":7,"column":49},"end":{"line":34,"column":11}},"line":7},"2":{"name":"(anonymous_2)","decl":{"start":{"line":44,"column":34},"end":{"line":44,"column":35}},"loc":{"start":{"line":44,"column":66},"end":{"line":48,"column":11}},"line":44},"3":{"name":"(anonymous_3)","decl":{"start":{"line":51,"column":34},"end":{"line":51,"column":35}},"loc":{"start":{"line":51,"column":52},"end":{"line":56,"column":11}},"line":51},"4":{"name":"(anonymous_4)","decl":{"start":{"line":63,"column":34},"end":{"line":63,"column":35}},"loc":{"start":{"line":63,"column":56},"end":{"line":72,"column":11}},"line":63},"5":{"name":"(anonymous_5)","decl":{"start":{"line":70,"column":105},"end":{"line":70,"column":106}},"loc":{"start":{"line":70,"column":119},"end":{"line":70,"column":141}},"line":70},"6":{"name":"(anonymous_6)","decl":{"start":{"line":75,"column":34},"end":{"line":75,"column":35}},"loc":{"start":{"line":75,"column":51},"end":{"line":81,"column":11}},"line":75},"7":{"name":"getDefault","decl":{"start":{"line":77,"column":21},"end":{"line":77,"column":31}},"loc":{"start":{"line":77,"column":34},"end":{"line":77,"column":63}},"line":77},"8":{"name":"getModuleExports","decl":{"start":{"line":78,"column":21},"end":{"line":78,"column":37}},"loc":{"start":{"line":78,"column":40},"end":{"line":78,"column":58}},"line":78},"9":{"name":"(anonymous_9)","decl":{"start":{"line":84,"column":34},"end":{"line":84,"column":35}},"loc":{"start":{"line":84,"column":61},"end":{"line":84,"column":127}},"line":84},"10":{"name":"(anonymous_10)","decl":{"start":{"line":101,"column":7},"end":{"line":101,"column":8}},"loc":{"start":{"line":101,"column":33},"end":{"line":105,"column":7}},"line":101},"11":{"name":"(anonymous_11)","decl":{"start":{"line":112,"column":7},"end":{"line":112,"column":8}},"loc":{"start":{"line":112,"column":33},"end":{"line":116,"column":7}},"line":112},"12":{"name":"(anonymous_12)","decl":{"start":{"line":123,"column":7},"end":{"line":123,"column":8}},"loc":{"start":{"line":123,"column":33},"end":{"line":127,"column":7}},"line":123},"13":{"name":"(anonymous_13)","decl":{"start":{"line":134,"column":7},"end":{"line":134,"column":8}},"loc":{"start":{"line":134,"column":33},"end":{"line":138,"column":7}},"line":134},"14":{"name":"(anonymous_14)","decl":{"start":{"line":145,"column":7},"end":{"line":145,"column":8}},"loc":{"start":{"line":145,"column":33},"end":{"line":149,"column":7}},"line":145},"15":{"name":"(anonymous_15)","decl":{"start":{"line":156,"column":7},"end":{"line":156,"column":8}},"loc":{"start":{"line":156,"column":33},"end":{"line":160,"column":7}},"line":156},"16":{"name":"(anonymous_16)","decl":{"start":{"line":167,"column":7},"end":{"line":167,"column":8}},"loc":{"start":{"line":167,"column":33},"end":{"line":171,"column":7}},"line":167},"17":{"name":"(anonymous_17)","decl":{"start":{"line":178,"column":7},"end":{"line":178,"column":8}},"loc":{"start":{"line":178,"column":33},"end":{"line":182,"column":7}},"line":178},"18":{"name":"(anonymous_18)","decl":{"start":{"line":189,"column":7},"end":{"line":189,"column":8}},"loc":{"start":{"line":189,"column":54},"end":{"line":193,"column":7}},"line":189},"19":{"name":"(anonymous_19)","decl":{"start":{"line":200,"column":7},"end":{"line":200,"column":8}},"loc":{"start":{"line":200,"column":33},"end":{"line":204,"column":7}},"line":200},"20":{"name":"(anonymous_20)","decl":{"start":{"line":211,"column":7},"end":{"line":211,"column":8}},"loc":{"start":{"line":211,"column":33},"end":{"line":215,"column":7}},"line":211},"21":{"name":"(anonymous_21)","decl":{"start":{"line":222,"column":7},"end":{"line":222,"column":8}},"loc":{"start":{"line":222,"column":54},"end":{"line":227,"column":7}},"line":222},"22":{"name":"(anonymous_22)","decl":{"start":{"line":234,"column":7},"end":{"line":234,"column":8}},"loc":{"start":{"line":234,"column":54},"end":{"line":239,"column":7}},"line":234},"23":{"name":"(anonymous_23)","decl":{"start":{"line":246,"column":7},"end":{"line":246,"column":8}},"loc":{"start":{"line":246,"column":54},"end":{"line":251,"column":7}},"line":246},"24":{"name":"(anonymous_24)","decl":{"start":{"line":258,"column":7},"end":{"line":258,"column":8}},"loc":{"start":{"line":258,"column":54},"end":{"line":263,"column":7}},"line":258},"25":{"name":"(anonymous_25)","decl":{"start":{"line":270,"column":7},"end":{"line":270,"column":8}},"loc":{"start":{"line":270,"column":54},"end":{"line":275,"column":7}},"line":270},"26":{"name":"(anonymous_26)","decl":{"start":{"line":282,"column":7},"end":{"line":282,"column":8}},"loc":{"start":{"line":282,"column":54},"end":{"line":287,"column":7}},"line":282},"27":{"name":"(anonymous_27)","decl":{"start":{"line":294,"column":7},"end":{"line":294,"column":8}},"loc":{"start":{"line":294,"column":33},"end":{"line":298,"column":7}},"line":294},"28":{"name":"(anonymous_28)","decl":{"start":{"line":305,"column":7},"end":{"line":305,"column":8}},"loc":{"start":{"line":305,"column":33},"end":{"line":309,"column":7}},"line":305},"29":{"name":"(anonymous_29)","decl":{"start":{"line":316,"column":7},"end":{"line":316,"column":8}},"loc":{"start":{"line":316,"column":33},"end":{"line":320,"column":7}},"line":316}},"branchMap":{"0":{"loc":{"start":{"line":10,"column":11},"end":{"line":12,"column":12}},"type":"if","locations":[{"start":{"line":10,"column":11},"end":{"line":12,"column":12}},{"start":{"line":10,"column":11},"end":{"line":12,"column":12}}],"line":10},"1":{"loc":{"start":{"line":26,"column":12},"end":{"line":26,"column":56}},"type":"if","locations":[{"start":{"line":26,"column":12},"end":{"line":26,"column":56}},{"start":{"line":26,"column":12},"end":{"line":26,"column":56}}],"line":26},"2":{"loc":{"start":{"line":45,"column":11},"end":{"line":47,"column":12}},"type":"if","locations":[{"start":{"line":45,"column":11},"end":{"line":47,"column":12}},{"start":{"line":45,"column":11},"end":{"line":47,"column":12}}],"line":45},"3":{"loc":{"start":{"line":52,"column":11},"end":{"line":54,"column":12}},"type":"if","locations":[{"start":{"line":52,"column":11},"end":{"line":54,"column":12}},{"start":{"line":52,"column":11},"end":{"line":54,"column":12}}],"line":52},"4":{"loc":{"start":{"line":52,"column":14},"end":{"line":52,"column":65}},"type":"binary-expr","locations":[{"start":{"line":52,"column":14},"end":{"line":52,"column":43}},{"start":{"line":52,"column":47},"end":{"line":52,"column":65}}],"line":52},"5":{"loc":{"start":{"line":64,"column":11},"end":{"line":64,"column":59}},"type":"if","locations":[{"start":{"line":64,"column":11},"end":{"line":64,"column":59}},{"start":{"line":64,"column":11},"end":{"line":64,"column":59}}],"line":64},"6":{"loc":{"start":{"line":65,"column":11},"end":{"line":65,"column":37}},"type":"if","locations":[{"start":{"line":65,"column":11},"end":{"line":65,"column":37}},{"start":{"line":65,"column":11},"end":{"line":65,"column":37}}],"line":65},"7":{"loc":{"start":{"line":66,"column":11},"end":{"line":66,"column":97}},"type":"if","locations":[{"start":{"line":66,"column":11},"end":{"line":66,"column":97}},{"start":{"line":66,"column":11},"end":{"line":66,"column":97}}],"line":66},"8":{"loc":{"start":{"line":66,"column":14},"end":{"line":66,"column":82}},"type":"binary-expr","locations":[{"start":{"line":66,"column":15},"end":{"line":66,"column":23}},{"start":{"line":66,"column":28},"end":{"line":66,"column":53}},{"start":{"line":66,"column":57},"end":{"line":66,"column":62}},{"start":{"line":66,"column":66},"end":{"line":66,"column":82}}],"line":66},"9":{"loc":{"start":{"line":70,"column":11},"end":{"line":70,"column":159}},"type":"if","locations":[{"start":{"line":70,"column":11},"end":{"line":70,"column":159}},{"start":{"line":70,"column":11},"end":{"line":70,"column":159}}],"line":70},"10":{"loc":{"start":{"line":70,"column":14},"end":{"line":70,"column":50}},"type":"binary-expr","locations":[{"start":{"line":70,"column":14},"end":{"line":70,"column":22}},{"start":{"line":70,"column":26},"end":{"line":70,"column":50}}],"line":70},"11":{"loc":{"start":{"line":76,"column":24},"end":{"line":78,"column":58}},"type":"cond-expr","locations":[{"start":{"line":77,"column":12},"end":{"line":77,"column":63}},{"start":{"line":78,"column":12},"end":{"line":78,"column":58}}],"line":76},"12":{"loc":{"start":{"line":76,"column":24},"end":{"line":76,"column":51}},"type":"binary-expr","locations":[{"start":{"line":76,"column":24},"end":{"line":76,"column":30}},{"start":{"line":76,"column":34},"end":{"line":76,"column":51}}],"line":76}},"s":{"0":0,"1":0,"2":0,"3":0,"4":0,"5":0,"6":0,"7":0,"8":0,"9":0,"10":0,"11":0,"12":0,"13":0,"14":0,"15":0,"16":0,"17":0,"18":0,"19":0,"20":0,"21":0,"22":0,"23":0,"24":0,"25":0,"26":0,"27":0,"28":0,"29":0,"30":0,"31":0,"32":0,"33":0,"34":0,"35":0,"36":0,"37":0,"38":0,"39":0,"40":0,"41":0,"42":0,"43":0,"44":0,"45":0,"46":0,"47":0,"48":0,"49":0,"50":0,"51":0,"52":0,"53":0,"54":0,"55":0,"56":0,"57":0,"58":0,"59":0,"60":0,"61":0,"62":0,"63":0,"64":0,"65":0,"66":0},"f":{"0":0,"1":0,"2":0,"3":0,"4":0,"5":0,"6":0,"7":0,"8":0,"9":0,"10":0,"11":0,"12":0,"13":0,"14":0,"15":0,"16":0,"17":0,"18":0,"19":0,"20":0,"21":0,"22":0,"23":0,"24":0,"25":0,"26":0,"27":0,"28":0,"29":0},"b":{"0":[0,0],"1":[0,0],"2":[0,0],"3":[0,0],"4":[0,0],"5":[0,0],"6":[0,0],"7":[0,0],"8":[0,0,0,0],"9":[0,0],"10":[0,0],"11":[0,0],"12":[0,0]}}
,"/Users/j/Documents/test/jlp-fed-test-main/.next/server/pages/_error.js": {"path":"/Users/j/Documents/test/jlp-fed-test-main/.next/server/pages/_error.js","statementMap":{"0":{"start":{"line":1,"column":0},"end":{"line":153,"column":12}},"1":{"start":{"line":4,"column":33},"end":{"line":4,"column":66}},"2":{"start":{"line":10,"column":11},"end":{"line":12,"column":12}},"3":{"start":{"line":11,"column":12},"end":{"line":11,"column":54}},"4":{"start":{"line":14,"column":24},"end":{"line":18,"column":12}},"5":{"start":{"line":21,"column":23},"end":{"line":21,"column":27}},"6":{"start":{"line":22,"column":11},"end":{"line":27,"column":12}},"7":{"start":{"line":23,"column":12},"end":{"line":23,"column":96}},"8":{"start":{"line":24,"column":12},"end":{"line":24,"column":26}},"9":{"start":{"line":26,"column":12},"end":{"line":26,"column":56}},"10":{"start":{"line":26,"column":22},"end":{"line":26,"column":56}},"11":{"start":{"line":30,"column":11},"end":{"line":30,"column":27}},"12":{"start":{"line":33,"column":11},"end":{"line":33,"column":33}},"13":{"start":{"line":38,"column":10},"end":{"line":38,"column":42}},"14":{"start":{"line":41,"column":10},"end":{"line":41,"column":51}},"15":{"start":{"line":44,"column":10},"end":{"line":48,"column":12}},"16":{"start":{"line":45,"column":11},"end":{"line":47,"column":12}},"17":{"start":{"line":46,"column":12},"end":{"line":46,"column":84}},"18":{"start":{"line":51,"column":10},"end":{"line":56,"column":12}},"19":{"start":{"line":52,"column":11},"end":{"line":54,"column":12}},"20":{"start":{"line":53,"column":12},"end":{"line":53,"column":84}},"21":{"start":{"line":55,"column":11},"end":{"line":55,"column":73}},"22":{"start":{"line":63,"column":10},"end":{"line":72,"column":12}},"23":{"start":{"line":64,"column":11},"end":{"line":64,"column":59}},"24":{"start":{"line":64,"column":24},"end":{"line":64,"column":59}},"25":{"start":{"line":65,"column":11},"end":{"line":65,"column":37}},"26":{"start":{"line":65,"column":24},"end":{"line":65,"column":37}},"27":{"start":{"line":66,"column":11},"end":{"line":66,"column":97}},"28":{"start":{"line":66,"column":84},"end":{"line":66,"column":97}},"29":{"start":{"line":67,"column":20},"end":{"line":67,"column":39}},"30":{"start":{"line":68,"column":11},"end":{"line":68,"column":37}},"31":{"start":{"line":69,"column":11},"end":{"line":69,"column":84}},"32":{"start":{"line":70,"column":11},"end":{"line":70,"column":159}},"33":{"start":{"line":70,"column":52},"end":{"line":70,"column":159}},"34":{"start":{"line":70,"column":74},"end":{"line":70,"column":159}},"35":{"start":{"line":70,"column":121},"end":{"line":70,"column":139}},"36":{"start":{"line":71,"column":11},"end":{"line":71,"column":21}},"37":{"start":{"line":75,"column":10},"end":{"line":81,"column":12}},"38":{"start":{"line":76,"column":24},"end":{"line":78,"column":58}},"39":{"start":{"line":77,"column":36},"end":{"line":77,"column":61}},"40":{"start":{"line":78,"column":42},"end":{"line":78,"column":56}},"41":{"start":{"line":79,"column":11},"end":{"line":79,"column":54}},"42":{"start":{"line":80,"column":11},"end":{"line":80,"column":25}},"43":{"start":{"line":84,"column":10},"end":{"line":84,"column":128}},"44":{"start":{"line":84,"column":63},"end":{"line":84,"column":125}},"45":{"start":{"line":87,"column":10},"end":{"line":87,"column":37}},"46":{"start":{"line":91,"column":10},"end":{"line":91,"column":64}},"47":{"start":{"line":103,"column":0},"end":{"line":103,"column":566}},"48":{"start":{"line":114,"column":0},"end":{"line":114,"column":924}},"49":{"start":{"line":126,"column":0},"end":{"line":126,"column":9091}},"50":{"start":{"line":137,"column":0},"end":{"line":137,"column":110}},"51":{"start":{"line":149,"column":0},"end":{"line":149,"column":420}}},"fnMap":{"0":{"name":"(anonymous_0)","decl":{"start":{"line":2,"column":10},"end":{"line":2,"column":11}},"loc":{"start":{"line":2,"column":28},"end":{"line":92,"column":10}},"line":2},"1":{"name":"__webpack_require__","decl":{"start":{"line":7,"column":19},"end":{"line":7,"column":38}},"loc":{"start":{"line":7,"column":49},"end":{"line":34,"column":11}},"line":7},"2":{"name":"(anonymous_2)","decl":{"start":{"line":44,"column":34},"end":{"line":44,"column":35}},"loc":{"start":{"line":44,"column":66},"end":{"line":48,"column":11}},"line":44},"3":{"name":"(anonymous_3)","decl":{"start":{"line":51,"column":34},"end":{"line":51,"column":35}},"loc":{"start":{"line":51,"column":52},"end":{"line":56,"column":11}},"line":51},"4":{"name":"(anonymous_4)","decl":{"start":{"line":63,"column":34},"end":{"line":63,"column":35}},"loc":{"start":{"line":63,"column":56},"end":{"line":72,"column":11}},"line":63},"5":{"name":"(anonymous_5)","decl":{"start":{"line":70,"column":105},"end":{"line":70,"column":106}},"loc":{"start":{"line":70,"column":119},"end":{"line":70,"column":141}},"line":70},"6":{"name":"(anonymous_6)","decl":{"start":{"line":75,"column":34},"end":{"line":75,"column":35}},"loc":{"start":{"line":75,"column":51},"end":{"line":81,"column":11}},"line":75},"7":{"name":"getDefault","decl":{"start":{"line":77,"column":21},"end":{"line":77,"column":31}},"loc":{"start":{"line":77,"column":34},"end":{"line":77,"column":63}},"line":77},"8":{"name":"getModuleExports","decl":{"start":{"line":78,"column":21},"end":{"line":78,"column":37}},"loc":{"start":{"line":78,"column":40},"end":{"line":78,"column":58}},"line":78},"9":{"name":"(anonymous_9)","decl":{"start":{"line":84,"column":34},"end":{"line":84,"column":35}},"loc":{"start":{"line":84,"column":61},"end":{"line":84,"column":127}},"line":84},"10":{"name":"(anonymous_10)","decl":{"start":{"line":101,"column":7},"end":{"line":101,"column":8}},"loc":{"start":{"line":101,"column":33},"end":{"line":105,"column":7}},"line":101},"11":{"name":"(anonymous_11)","decl":{"start":{"line":112,"column":7},"end":{"line":112,"column":8}},"loc":{"start":{"line":112,"column":33},"end":{"line":116,"column":7}},"line":112},"12":{"name":"(anonymous_12)","decl":{"start":{"line":123,"column":7},"end":{"line":123,"column":8}},"loc":{"start":{"line":123,"column":54},"end":{"line":128,"column":7}},"line":123},"13":{"name":"(anonymous_13)","decl":{"start":{"line":135,"column":7},"end":{"line":135,"column":8}},"loc":{"start":{"line":135,"column":54},"end":{"line":140,"column":7}},"line":135},"14":{"name":"(anonymous_14)","decl":{"start":{"line":147,"column":7},"end":{"line":147,"column":8}},"loc":{"start":{"line":147,"column":33},"end":{"line":151,"column":7}},"line":147}},"branchMap":{"0":{"loc":{"start":{"line":10,"column":11},"end":{"line":12,"column":12}},"type":"if","locations":[{"start":{"line":10,"column":11},"end":{"line":12,"column":12}},{"start":{"line":10,"column":11},"end":{"line":12,"column":12}}],"line":10},"1":{"loc":{"start":{"line":26,"column":12},"end":{"line":26,"column":56}},"type":"if","locations":[{"start":{"line":26,"column":12},"end":{"line":26,"column":56}},{"start":{"line":26,"column":12},"end":{"line":26,"column":56}}],"line":26},"2":{"loc":{"start":{"line":45,"column":11},"end":{"line":47,"column":12}},"type":"if","locations":[{"start":{"line":45,"column":11},"end":{"line":47,"column":12}},{"start":{"line":45,"column":11},"end":{"line":47,"column":12}}],"line":45},"3":{"loc":{"start":{"line":52,"column":11},"end":{"line":54,"column":12}},"type":"if","locations":[{"start":{"line":52,"column":11},"end":{"line":54,"column":12}},{"start":{"line":52,"column":11},"end":{"line":54,"column":12}}],"line":52},"4":{"loc":{"start":{"line":52,"column":14},"end":{"line":52,"column":65}},"type":"binary-expr","locations":[{"start":{"line":52,"column":14},"end":{"line":52,"column":43}},{"start":{"line":52,"column":47},"end":{"line":52,"column":65}}],"line":52},"5":{"loc":{"start":{"line":64,"column":11},"end":{"line":64,"column":59}},"type":"if","locations":[{"start":{"line":64,"column":11},"end":{"line":64,"column":59}},{"start":{"line":64,"column":11},"end":{"line":64,"column":59}}],"line":64},"6":{"loc":{"start":{"line":65,"column":11},"end":{"line":65,"column":37}},"type":"if","locations":[{"start":{"line":65,"column":11},"end":{"line":65,"column":37}},{"start":{"line":65,"column":11},"end":{"line":65,"column":37}}],"line":65},"7":{"loc":{"start":{"line":66,"column":11},"end":{"line":66,"column":97}},"type":"if","locations":[{"start":{"line":66,"column":11},"end":{"line":66,"column":97}},{"start":{"line":66,"column":11},"end":{"line":66,"column":97}}],"line":66},"8":{"loc":{"start":{"line":66,"column":14},"end":{"line":66,"column":82}},"type":"binary-expr","locations":[{"start":{"line":66,"column":15},"end":{"line":66,"column":23}},{"start":{"line":66,"column":28},"end":{"line":66,"column":53}},{"start":{"line":66,"column":57},"end":{"line":66,"column":62}},{"start":{"line":66,"column":66},"end":{"line":66,"column":82}}],"line":66},"9":{"loc":{"start":{"line":70,"column":11},"end":{"line":70,"column":159}},"type":"if","locations":[{"start":{"line":70,"column":11},"end":{"line":70,"column":159}},{"start":{"line":70,"column":11},"end":{"line":70,"column":159}}],"line":70},"10":{"loc":{"start":{"line":70,"column":14},"end":{"line":70,"column":50}},"type":"binary-expr","locations":[{"start":{"line":70,"column":14},"end":{"line":70,"column":22}},{"start":{"line":70,"column":26},"end":{"line":70,"column":50}}],"line":70},"11":{"loc":{"start":{"line":76,"column":24},"end":{"line":78,"column":58}},"type":"cond-expr","locations":[{"start":{"line":77,"column":12},"end":{"line":77,"column":63}},{"start":{"line":78,"column":12},"end":{"line":78,"column":58}}],"line":76},"12":{"loc":{"start":{"line":76,"column":24},"end":{"line":76,"column":51}},"type":"binary-expr","locations":[{"start":{"line":76,"column":24},"end":{"line":76,"column":30}},{"start":{"line":76,"column":34},"end":{"line":76,"column":51}}],"line":76}},"s":{"0":0,"1":0,"2":0,"3":0,"4":0,"5":0,"6":0,"7":0,"8":0,"9":0,"10":0,"11":0,"12":0,"13":0,"14":0,"15":0,"16":0,"17":0,"18":0,"19":0,"20":0,"21":0,"22":0,"23":0,"24":0,"25":0,"26":0,"27":0,"28":0,"29":0,"30":0,"31":0,"32":0,"33":0,"34":0,"35":0,"36":0,"37":0,"38":0,"39":0,"40":0,"41":0,"42":0,"43":0,"44":0,"45":0,"46":0,"47":0,"48":0,"49":0,"50":0,"51":0},"f":{"0":0,"1":0,"2":0,"3":0,"4":0,"5":0,"6":0,"7":0,"8":0,"9":0,"10":0,"11":0,"12":0,"13":0,"14":0},"b":{"0":[0,0],"1":[0,0],"2":[0,0],"3":[0,0],"4":[0,0],"5":[0,0],"6":[0,0],"7":[0,0],"8":[0,0,0,0],"9":[0,0],"10":[0,0],"11":[0,0],"12":[0,0]}}
,"/Users/j/Documents/test/jlp-fed-test-main/.next/server/pages/index.js": {"path":"/Users/j/Documents/test/jlp-fed-test-main/.next/server/pages/index.js","statementMap":{"0":{"start":{"line":1,"column":0},"end":{"line":505,"column":12}},"1":{"start":{"line":4,"column":33},"end":{"line":4,"column":66}},"2":{"start":{"line":10,"column":11},"end":{"line":12,"column":12}},"3":{"start":{"line":11,"column":12},"end":{"line":11,"column":54}},"4":{"start":{"line":14,"column":24},"end":{"line":18,"column":12}},"5":{"start":{"line":21,"column":23},"end":{"line":21,"column":27}},"6":{"start":{"line":22,"column":11},"end":{"line":27,"column":12}},"7":{"start":{"line":23,"column":12},"end":{"line":23,"column":96}},"8":{"start":{"line":24,"column":12},"end":{"line":24,"column":26}},"9":{"start":{"line":26,"column":12},"end":{"line":26,"column":56}},"10":{"start":{"line":26,"column":22},"end":{"line":26,"column":56}},"11":{"start":{"line":30,"column":11},"end":{"line":30,"column":27}},"12":{"start":{"line":33,"column":11},"end":{"line":33,"column":33}},"13":{"start":{"line":38,"column":10},"end":{"line":38,"column":42}},"14":{"start":{"line":41,"column":10},"end":{"line":41,"column":51}},"15":{"start":{"line":44,"column":10},"end":{"line":48,"column":12}},"16":{"start":{"line":45,"column":11},"end":{"line":47,"column":12}},"17":{"start":{"line":46,"column":12},"end":{"line":46,"column":84}},"18":{"start":{"line":51,"column":10},"end":{"line":56,"column":12}},"19":{"start":{"line":52,"column":11},"end":{"line":54,"column":12}},"20":{"start":{"line":53,"column":12},"end":{"line":53,"column":84}},"21":{"start":{"line":55,"column":11},"end":{"line":55,"column":73}},"22":{"start":{"line":63,"column":10},"end":{"line":72,"column":12}},"23":{"start":{"line":64,"column":11},"end":{"line":64,"column":59}},"24":{"start":{"line":64,"column":24},"end":{"line":64,"column":59}},"25":{"start":{"line":65,"column":11},"end":{"line":65,"column":37}},"26":{"start":{"line":65,"column":24},"end":{"line":65,"column":37}},"27":{"start":{"line":66,"column":11},"end":{"line":66,"column":97}},"28":{"start":{"line":66,"column":84},"end":{"line":66,"column":97}},"29":{"start":{"line":67,"column":20},"end":{"line":67,"column":39}},"30":{"start":{"line":68,"column":11},"end":{"line":68,"column":37}},"31":{"start":{"line":69,"column":11},"end":{"line":69,"column":84}},"32":{"start":{"line":70,"column":11},"end":{"line":70,"column":159}},"33":{"start":{"line":70,"column":52},"end":{"line":70,"column":159}},"34":{"start":{"line":70,"column":74},"end":{"line":70,"column":159}},"35":{"start":{"line":70,"column":121},"end":{"line":70,"column":139}},"36":{"start":{"line":71,"column":11},"end":{"line":71,"column":21}},"37":{"start":{"line":75,"column":10},"end":{"line":81,"column":12}},"38":{"start":{"line":76,"column":24},"end":{"line":78,"column":58}},"39":{"start":{"line":77,"column":36},"end":{"line":77,"column":61}},"40":{"start":{"line":78,"column":42},"end":{"line":78,"column":56}},"41":{"start":{"line":79,"column":11},"end":{"line":79,"column":54}},"42":{"start":{"line":80,"column":11},"end":{"line":80,"column":25}},"43":{"start":{"line":84,"column":10},"end":{"line":84,"column":128}},"44":{"start":{"line":84,"column":63},"end":{"line":84,"column":125}},"45":{"start":{"line":87,"column":10},"end":{"line":87,"column":37}},"46":{"start":{"line":91,"column":10},"end":{"line":91,"column":82}},"47":{"start":{"line":103,"column":0},"end":{"line":103,"column":626}},"48":{"start":{"line":114,"column":0},"end":{"line":114,"column":770}},"49":{"start":{"line":126,"column":0},"end":{"line":126,"column":2376}},"50":{"start":{"line":138,"column":0},"end":{"line":138,"column":6088}},"51":{"start":{"line":149,"column":0},"end":{"line":149,"column":1130}},"52":{"start":{"line":160,"column":0},"end":{"line":160,"column":924}},"53":{"start":{"line":171,"column":0},"end":{"line":171,"column":3858}},"54":{"start":{"line":182,"column":0},"end":{"line":182,"column":1751}},"55":{"start":{"line":194,"column":0},"end":{"line":194,"column":29984}},"56":{"start":{"line":206,"column":0},"end":{"line":206,"column":2365}},"57":{"start":{"line":218,"column":0},"end":{"line":218,"column":3343}},"58":{"start":{"line":230,"column":0},"end":{"line":230,"column":31108}},"59":{"start":{"line":242,"column":0},"end":{"line":242,"column":15459}},"60":{"start":{"line":254,"column":0},"end":{"line":254,"column":9127}},"61":{"start":{"line":266,"column":0},"end":{"line":266,"column":3572}},"62":{"start":{"line":278,"column":0},"end":{"line":278,"column":2479}},"63":{"start":{"line":290,"column":0},"end":{"line":290,"column":5835}},"64":{"start":{"line":302,"column":0},"end":{"line":302,"column":129465}},"65":{"start":{"line":314,"column":0},"end":{"line":314,"column":10346}},"66":{"start":{"line":326,"column":0},"end":{"line":326,"column":1139}},"67":{"start":{"line":338,"column":0},"end":{"line":338,"column":3821}},"68":{"start":{"line":350,"column":0},"end":{"line":350,"column":5487}},"69":{"start":{"line":362,"column":0},"end":{"line":362,"column":756}},"70":{"start":{"line":374,"column":0},"end":{"line":374,"column":3999}},"71":{"start":{"line":386,"column":0},"end":{"line":386,"column":11726}},"72":{"start":{"line":398,"column":0},"end":{"line":398,"column":19384}},"73":{"start":{"line":410,"column":0},"end":{"line":410,"column":1596}},"74":{"start":{"line":421,"column":0},"end":{"line":421,"column":607}},"75":{"start":{"line":433,"column":0},"end":{"line":433,"column":18371}},"76":{"start":{"line":445,"column":0},"end":{"line":445,"column":1023}},"77":{"start":{"line":457,"column":0},"end":{"line":457,"column":11426}},"78":{"start":{"line":468,"column":0},"end":{"line":468,"column":915}},"79":{"start":{"line":479,"column":0},"end":{"line":479,"column":444}},"80":{"start":{"line":490,"column":0},"end":{"line":490,"column":420}},"81":{"start":{"line":501,"column":0},"end":{"line":501,"column":516}}},"fnMap":{"0":{"name":"(anonymous_0)","decl":{"start":{"line":2,"column":10},"end":{"line":2,"column":11}},"loc":{"start":{"line":2,"column":28},"end":{"line":92,"column":10}},"line":2},"1":{"name":"__webpack_require__","decl":{"start":{"line":7,"column":19},"end":{"line":7,"column":38}},"loc":{"start":{"line":7,"column":49},"end":{"line":34,"column":11}},"line":7},"2":{"name":"(anonymous_2)","decl":{"start":{"line":44,"column":34},"end":{"line":44,"column":35}},"loc":{"start":{"line":44,"column":66},"end":{"line":48,"column":11}},"line":44},"3":{"name":"(anonymous_3)","decl":{"start":{"line":51,"column":34},"end":{"line":51,"column":35}},"loc":{"start":{"line":51,"column":52},"end":{"line":56,"column":11}},"line":51},"4":{"name":"(anonymous_4)","decl":{"start":{"line":63,"column":34},"end":{"line":63,"column":35}},"loc":{"start":{"line":63,"column":56},"end":{"line":72,"column":11}},"line":63},"5":{"name":"(anonymous_5)","decl":{"start":{"line":70,"column":105},"end":{"line":70,"column":106}},"loc":{"start":{"line":70,"column":119},"end":{"line":70,"column":141}},"line":70},"6":{"name":"(anonymous_6)","decl":{"start":{"line":75,"column":34},"end":{"line":75,"column":35}},"loc":{"start":{"line":75,"column":51},"end":{"line":81,"column":11}},"line":75},"7":{"name":"getDefault","decl":{"start":{"line":77,"column":21},"end":{"line":77,"column":31}},"loc":{"start":{"line":77,"column":34},"end":{"line":77,"column":63}},"line":77},"8":{"name":"getModuleExports","decl":{"start":{"line":78,"column":21},"end":{"line":78,"column":37}},"loc":{"start":{"line":78,"column":40},"end":{"line":78,"column":58}},"line":78},"9":{"name":"(anonymous_9)","decl":{"start":{"line":84,"column":34},"end":{"line":84,"column":35}},"loc":{"start":{"line":84,"column":61},"end":{"line":84,"column":127}},"line":84},"10":{"
[...]
:0,"495":0,"496":0,"497":0,"498":0,"499":0,"500":0,"501":0,"502":0,"503":0,"504":0,"505":0,"506":0,"507":0,"508":0,"509":0,"510":0,"511":0,"512":0,"513":0,"514":0,"515":0,"516":0,"517":0,"518":0,"519":0,"520":0,"521":0,"522":0,"523":0,"524":0,"525":0,"526":0,"527":0,"528":0,"529":0,"530":0,"531":0,"532":0,"533":0,"534":0,"535":0},"f":{"0":0,"1":0,"2":0,"3":0,"4":0,"5":0,"6":0,"7":0,"8":0,"9":0,"10":0,"11":0,"12":0,"13":0,"14":0,"15":0,"16":0,"17":0,"18":0,"19":0,"20":0,"21":0,"22":0,"23":0,"24":0,"25":0,"26":0,"27":0,"28":0},"b":{"0":[0,0],"1":[0,0],"2":[0,0],"3":[0,0],"4":[0,0],"5":[0,0],"6":[0,0],"7":[0,0],"8":[0,0],"9":[0,0],"10":[0,0],"11":[0,0,0,0],"12":[0,0],"13":[0,0],"14":[0,0],"15":[0,0],"16":[0,0],"17":[0,0],"18":[0,0],"19":[0,0],"20":[0,0],"21":[0,0],"22":[0,0],"23":[0,0],"24":[0,0],"25":[0,0],"26":[0,0],"27":[0,0],"28":[0,0],"29":[0,0],"30":[0,0],"31":[0,0],"32":[0,0],"33":[0,0],"34":[0,0],"35":[0,0],"36":[0,0],"37":[0,0],"38":[0,0],"39":[0,0],"40":[0,0],"41":[0,0],"42":[0,0],"43":[0,0],"44":[0,0],"45":[0,0],"46":[0,0],"47":[0,0],"48":[0,0],"49":[0,0],"50":[0,0,0],"51":[0,0],"52":[0,0],"53":[0,0],"54":[0,0],"55":[0,0],"56":[0,0],"57":[0,0],"58":[0,0],"59":[0,0],"60":[0,0],"61":[0,0],"62":[0,0],"63":[0,0],"64":[0,0],"65":[0,0],"66":[0,0],"67":[0,0],"68":[0,0],"69":[0,0],"70":[0,0],"71":[0,0],"72":[0,0],"73":[0,0],"74":[0,0],"75":[0,0],"76":[0,0],"77":[0,0],"78":[0,0],"79":[0,0],"80":[0,0],"81":[0,0],"82":[0,0],"83":[0,0],"84":[0,0],"85":[0,0],"86":[0,0],"87":[0,0],"88":[0,0],"89":[0,0,0],"90":[0,0],"91":[0,0],"92":[0,0],"93":[0,0],"94":[0,0],"95":[0,0],"96":[0,0],"97":[0,0],"98":[0,0],"99":[0,0],"100":[0,0],"101":[0,0],"102":[0,0],"103":[0,0],"104":[0,0],"105":[0,0],"106":[0,0],"107":[0,0],"108":[0,0],"109":[0,0],"110":[0,0],"111":[0,0],"112":[0,0],"113":[0,0],"114":[0,0],"115":[0,0],"116":[0,0],"117":[0,0],"118":[0,0],"119":[0,0],"120":[0,0],"121":[0,0],"122":[0,0],"123":[0,0],"124":[0,0],"125":[0,0],"126":[0,0],"127":[0,0],"128":[0,0,0],"129":[0,0],"130":[0,0],"131":[0,0,0,0,0],"132":[0,0],"133":[0,0],"134":[0,0],"135":[0,0],"136":[0,0],"137":[0,0],"138":[0,0]}}
,"/Users/j/Documents/test/jlp-fed-test-main/coverage/lcov-report/sorter.js": {"path":"/Users/j/Documents/test/jlp-fed-test-main/coverage/lcov-report/sorter.js","statementMap":{"0":{"start":{"line":2,"column":17},"end":{"line":168,"column":4}},"1":{"start":{"line":5,"column":22},"end":{"line":8,"column":9}},"2":{"start":{"line":12,"column":8},"end":{"line":12,"column":59}},"3":{"start":{"line":16,"column":8},"end":{"line":16,"column":52}},"4":{"start":{"line":20,"column":8},"end":{"line":20,"column":49}},"5":{"start":{"line":24,"column":8},"end":{"line":24,"column":58}},"6":{"start":{"line":29,"column":23},"end":{"line":29,"column":62}},"7":{"start":{"line":31,"column":19},"end":{"line":31,"column":21}},"8":{"start":{"line":35,"column":8},"end":{"line":48,"column":9}},"9":{"start":{"line":36,"column":12},"end":{"line":36,"column":34}},"10":{"start":{"line":37,"column":12},"end":{"line":41,"column":14}},"11":{"start":{"line":42,"column":12},"end":{"line":42,"column":27}},"12":{"start":{"line":43,"column":12},"end":{"line":47,"column":13}},"13":{"start":{"line":44,"column":16},"end":{"line":44,"column":60}},"14":{"start":{"line":45,"column":16},"end":{"line":46,"column":71}},"15":{"start":{"line":49,"column":8},"end":{"line":49,"column":20}},"16":{"start":{"line":54,"column":24},"end":{"line":54,"column":55}},"17":{"start":{"line":57,"column":19},"end":{"line":57,"column":21}},"18":{"start":{"line":60,"column":8},"end":{"line":68,"column":9}},"19":{"start":{"line":61,"column":12},"end":{"line":61,"column":35}},"20":{"start":{"line":62,"column":12},"end":{"line":62,"column":26}},"21":{"start":{"line":63,"column":12},"end":{"line":63,"column":53}},"22":{"start":{"line":64,"column":12},"end":{"line":66,"column":13}},"23":{"start":{"line":65,"column":16},"end":{"line":65,"column":34}},"24":{"start":{"line":67,"column":12},"end":{"line":67,"column":32}},"25":{"start":{"line":69,"column":8},"end":{"line":69,"column":20}},"26":{"start":{"line":73,"column":19},"end":{"line":73,"column":56}},"27":{"start":{"line":76,"column":8},"end":{"line":78,"column":9}},"28":{"start":{"line":77,"column":12},"end":{"line":77,"column":48}},"29":{"start":{"line":82,"column":18},"end":{"line":82,"column":33}},"30":{"start":{"line":83,"column":21},"end":{"line":87,"column":13}},"31":{"start":{"line":84,"column":16},"end":{"line":84,"column":32}},"32":{"start":{"line":85,"column":16},"end":{"line":85,"column":32}},"33":{"start":{"line":86,"column":16},"end":{"line":86,"column":50}},"34":{"start":{"line":88,"column":26},"end":{"line":88,"column":32}},"35":{"start":{"line":89,"column":24},"end":{"line":89,"column":73}},"36":{"start":{"line":90,"column":23},"end":{"line":90,"column":55}},"37":{"start":{"line":91,"column":19},"end":{"line":91,"column":21}},"38":{"start":{"line":94,"column":8},"end":{"line":98,"column":9}},"39":{"start":{"line":95,"column":12},"end":{"line":97,"column":14}},"40":{"start":{"line":96,"column":16},"end":{"line":96,"column":41}},"41":{"start":{"line":100,"column":8},"end":{"line":103,"column":9}},"42":{"start":{"line":101,"column":12},"end":{"line":101,"column":35}},"43":{"start":{"line":102,"column":12},"end":{"line":102,"column":47}},"44":{"start":{"line":105,"column":8},"end":{"line":105,"column":31}},"45":{"start":{"line":107,"column":8},"end":{"line":109,"column":9}},"46":{"start":{"line":108,"column":12},"end":{"line":108,"column":43}},"47":{"start":{"line":113,"column":18},"end":{"line":113,"column":49}},"48":{"start":{"line":114,"column":18},"end":{"line":114,"column":31}},"49":{"start":{"line":116,"column":8},"end":{"line":116,"column":71}},"50":{"start":{"line":117,"column":8},"end":{"line":117,"column":28}},"51":{"start":{"line":121,"column":8},"end":{"line":123,"column":24}},"52":{"start":{"line":129,"column":24},"end":{"line":144,"column":13}},"53":{"start":{"line":130,"column":26},"end":{"line":130,"column":33}},"54":{"start":{"line":132,"column":16},"end":{"line":143,"column":18}},"55":{"start":{"line":133,"column":31},"end":{"line":133,"column":50}},"56":{"start":{"line":135,"column":20},"end":{"line":137,"column":21}},"57":{"start":{"line":136,"column":24},"end":{"line":136,"column":49}},"58":{"start":{"line":138,"column":20},"end":{"line":138,"column":41}},"59":{"start":{"line":139,"column":20},"end":{"line":139,"column":43}},"60":{"start":{"line":140,"column":20},"end":{"line":140,"column":42}},"61":{"start":{"line":141,"column":20},"end":{"line":141,"column":44}},"62":{"start":{"line":142,"column":20},"end":{"line":142,"column":40}},"63":{"start":{"line":145,"column":8},"end":{"line":156,"column":9}},"64":{"start":{"line":146,"column":12},"end":{"line":155,"column":13}},"65":{"start":{"line":149,"column":16},"end":{"line":149,"column":76}},"66":{"start":{"line":150,"column":16},"end":{"line":154,"column":17}},"67":{"start":{"line":151,"column":20},"end":{"line":151,"column":63}},"68":{"start":{"line":153,"column":20},"end":{"line":153,"column":60}},"69":{"start":{"line":159,"column":4},"end":{"line":167,"column":6}},"70":{"start":{"line":160,"column":8},"end":{"line":162,"column":9}},"71":{"start":{"line":161,"column":12},"end":{"line":161,"column":19}},"72":{"start":{"line":163,"column":8},"end":{"line":163,"column":29}},"73":{"start":{"line":164,"column":8},"end":{"line":164,"column":19}},"74":{"start":{"line":165,"column":8},"end":{"line":165,"column":28}},"75":{"start":{"line":166,"column":8},"end":{"line":166,"column":19}},"76":{"start":{"line":170,"column":0},"end":{"line":170,"column":44}}},"fnMap":{"0":{"name":"(anonymous_0)","decl":{"start":{"line":2,"column":18},"end":{"line":2,"column":19}},"loc":{"start":{"line":2,"column":29},"end":{"line":168,"column":1}},"line":2},"1":{"name":"getTable","decl":{"start":{"line":11,"column":13},"end":{"line":11,"column":21}},"loc":{"start":{"line":11,"column":24},"end":{"line":13,"column":5}},"line":11},"2":{"name":"getTableHeader","decl":{"start":{"line":15,"column":13},"end":{"line":15,"column":27}},"loc":{"start":{"line":15,"column":30},"end":{"line":17,"column":5}},"line":15},"3":{"name":"getTableBody","decl":{"start":{"line":19,"column":13},"end":{"line":19,"column":25}},"loc":{"start":{"line":19,"column":28},"end":{"line":21,"column":5}},"line":19},"4":{"name":"getNthColumn","decl":{"start":{"line":23,"column":13},"end":{"line":23,"column":25}},"loc":{"start":{"line":23,"column":29},"end":{"line":25,"column":5}},"line":23},"5":{"name":"loadColumns","decl":{"start":{"line":28,"column":13},"end":{"line":28,"column":24}},"loc":{"start":{"line":28,"column":27},"end":{"line":50,"column":5}},"line":28},"6":{"name":"loadRowData","decl":{"start":{"line":53,"column":13},"end":{"line":53,"column":24}},"loc":{"start":{"line":53,"column":35},"end":{"line":70,"column":5}},"line":53},"7":{"name":"loadData","decl":{"start":{"line":72,"column":13},"end":{"line":72,"column":21}},"loc":{"start":{"line":72,"column":24},"end":{"line":79,"column":5}},"line":72},"8":{"name":"sortByIndex","decl":{"start":{"line":81,"column":13},"end":{"line":81,"column":24}},"loc":{"start":{"line":81,"column":38},"end":{"line":110,"column":5}},"line":81},"9":{"name":"(anonymous_9)","decl":{"start":{"line":83,"column":21},"end":{"line":83,"column":22}},"loc":{"start":{"line":83,"column":36},"end":{"line":87,"column":13}},"line":83},"10":{"name":"(anonymous_10)","decl":{"start":{"line":95,"column":26},"end":{"line":95,"column":27}},"loc":{"start":{"line":95,"column":41},"end":{"line":97,"column":13}},"line":95},"11":{"name":"removeSortIndicators","decl":{"start":{"line":112,"column":13},"end":{"line":112,"column":33}},"loc":{"start":{"line":112,"column":36},"end":{"line":118,"column":5}},"line":112},"12":{"name":"addSortIndicators","decl":{"start":{"line":120,"column":13},"end":{"line":120,"column":30}},"loc":{"start":{"line":120,"column":33},"end":{"line":124,"column":5}},"line":120},"13":{"name":"enableUI","decl":{"start":{"line":126,"column":13},"end":{"line":126,"column":21}},"loc":{"start":{"line":126,"column":24},"end":{"line":157,"column":5}},"line":126},"14":{"name":"ithSorter","decl":{"start":{"line":129,"column":33},"end":{"line":129,"column":42}},"loc":{"start":{"line":129,"column":46},"end":{"line":144,"column":13}},"line":129},"15":{"name":"(anonymous_15)","decl":{"start":{"line":132,"column":23},"end":{"line":132,"column":24}},"loc":{"start":{"line":132,"column":34},"end":{"line":143,"column":17}},"line":132},"16":{"name":"(anonymous_16)","decl":{"start":{"line":159,"column":11},"end":{"line":159,"column":12}},"loc":{"start":{"line":159,"column":22},"end":{"line":167,"column":5}},"line":159}},"branchMap":{"0":{"loc":{"start":{"line":40,"column":22},"end":{"line":40,"column":67}},"type":"binary-expr","locations":[{"start":{"line":40,"column":22},"end":{"line":40,"column":55}},{"start":{"line":40,"column":59},"end":{"line":40,"column":67}}],"line":40},"1":{"loc":{"start":{"line":43,"column":12},"end":{"line":47,"column":13}},"type":"if","locations":[{"start":{"line":43,"column":12},"end":{"line":47,"column":13}},{"start":{"line":43,"column":12},"end":{"line":47,"column":13}}],"line":43},"2":{"loc":{"start":{"line":64,"column":12},"end":{"line":66,"column":13}},"type":"if","locations":[{"start":{"line":64,"column":12},"end":{"line":66,"column":13}},{"start":{"line":64,"column":12},"end":{"line":66,"column":13}}],"line":64},"3":{"loc":{"start":{"line":86,"column":23},"end":{"line":86,"column":49}},"type":"cond-expr","locations":[{"start":{"line":86,"column":31},"end":{"line":86,"column":33}},{"start":{"line":86,"column":36},"end":{"line":86,"column":49}}],"line":86},"4":{"loc":{"start":{"line":86,"column":36},"end":{"line":86,"column":49}},"type":"cond-expr","locations":[{"start":{"line":86,"column":44},"end":{"line":86,"column":45}},{"start":{"line":86,"column":48},"end":{"line":86,"column":49}}],"line":86},"5":{"loc":{"start":{"line":94,"column":8},"end":{"line":98,"column":9}},"type":"if","locations":[{"start":{"line":94,"column":8},"end":{"line":98,"column":9}},{"start":{"line":94,"column":8},"end":{"line":98,"column":9}}],"line":94},"6":{"loc":{"start":{"line":121,"column":53},"end":{"line":123,"column":23}},"type":"cond-expr","locations":[{"start":{"line":122,"column":14},"end":{"line":122,"column":28}},{"start":{"line":123,"column":14},"end":{"line":123,"column":23}}],"line":121},"7":{"loc":{"start":{"line":135,"column":20},"end":{"line":137,"column":21}},"type":"if","locations":[{"start":{"line":135,"column":20},"end":{"line":137,"column":21}},{"start":{"line":135,"column":20},"end":{"line":137,"column":21}}],"line":135},"8":{"loc":{"start":{"line":146,"column":12},"end":{"line":155,"column":13}},"type":"if","locations":[{"start":{"line":146,"column":12},"end":{"line":155,"column":13}},{"start":{"line":146,"column":12},"end":{"line":155,"column":13}}],"line":146},"9":{"loc":{"start":{"line":150,"column":16},"end":{"line":154,"column":17}},"type":"if","locations":[{"start":{"line":150,"column":16},"end":{"line":154,"column":17}},{"start":{"line":150,"column":16},"end":{"line":154,"column":17}}],"line":150},"10":{"loc":{"start":{"line":160,"column":8},"end":{"line":162,"column":9}},"type":"if","locations":[{"start":{"line":160,"column":8},"end":{"line":162,"column":9}},{"start":{"line":160,"column":8},"end":{"line":162,"column":9}}],"line":160}},"s":{"0":0,"1":0,"2":0,"3":0,"4":0,"5":0,"6":0,"7":0,"8":0,"9":0,"10":0,"11":0,"12":0,"13":0,"14":0,"15":0,"16":0,"17":0,"18":0,"19":0,"20":0,"21":0,"22":0,"23":0,"24":0,"25":0,"26":0,"27":0,"28":0,"29":0,"30":0,"31":0,"32":0,"33":0,"34":0,"35":0,"36":0,"37":0,"38":0,"39":0,"40":0,"41":0,"42":0,"43":0,"44":0,"45":0,"46":0,"47":0,"48":0,"49":0,"50":0,"51":0,"52":0,"53":0,"54":0,"55":0,"56":0,"57":0,"58":0,"59":0,"60":0,"61":0,"62":0,"63":0,"64":0,"65":0,"66":0,"67":0,"68":0,"69":0,"70":0,"71":0,"72":0,"73":0,"74":0,"75":0,"76":0},"f":{"0":0,"1":0,"2":0,"3":0,"4":0,"5":0,"6":0,"7":0,"8":0,"9":0,"10":0,"11":0,"12":0,"13":0,"14":0,"15":0,"16":0},"b":{"0":[0,0],"1":[0,0],"2":[0,0],"3":[0,0],"4":[0,0],"5":[0,0],"6":[0,0],"7":[0,0],"8":[0,0],"9":[0,0],"10":[0,0]}}
,"/Users/j/Documents/test/jlp-fed-test-main/pages/404.jsx": {"path":"/Users/j/Documents/test/jlp-fed-test-main/pages/404.jsx","statementMap":{"0":{"start":{"line":5,"column":17},"end":{"line":27,"column":1}},"1":{"start":{"line":6,"column":17},"end":{"line":6,"column":28}},"2":{"start":{"line":8,"column":2},"end":{"line":12,"column":9}},"3":{"start":{"line":9,"column":4},"end":{"line":11,"column":13}},"4":{"start":{"line":10,"column":6},"end":{"line":10,"column":23}},"5":{"start":{"line":14,"column":2},"end":{"line":26,"column":4}}},"fnMap":{"0":{"name":"(anonymous_0)","decl":{"start":{"line":5,"column":17},"end":{"line":5,"column":18}},"loc":{"start":{"line":5,"column":23},"end":{"line":27,"column":1}},"line":5},"1":{"name":"(anonymous_1)","decl":{"start":{"line":8,"column":12},"end":{"line":8,"column":13}},"loc":{"start":{"line":8,"column":18},"end":{"line":12,"column":3}},"line":8},"2":{"name":"(anonymous_2)","decl":{"start":{"line":9,"column":15},"end":{"line":9,"column":16}},"loc":{"start":{"line":9,"column":21},"end":{"line":11,"column":5}},"line":9}},"branchMap":{},"s":{"0":0,"1":0,"2":0,"3":0,"4":0,"5":0},"f":{"0":0,"1":0,"2":0},"b":{}}
,"/Users/j/Documents/test/jlp-fed-test-main/pages/_app.js": {"path":"/Users/j/Documents/test/jlp-fed-test-main/pages/_app.js","statementMap":{"0":{"start":{"line":5,"column":2},"end":{"line":9,"column":4}}},"fnMap":{"0":{"name":"MyApp","decl":{"start":{"line":4,"column":9},"end":{"line":4,"column":14}},"loc":{"start":{"line":4,"column":41},"end":{"line":10,"column":1}},"line":4}},"branchMap":{},"s":{"0":0},"f":{"0":0},"b":{}}
,"/Users/j/Documents/test/jlp-fed-test-main/pages/index.jsx": {"path":"/Users/j/Documents/test/jlp-fed-test-main/pages/index.jsx","statementMap":{"0":{"start":{"line":19,"column":2},"end":{"line":35,"column":3}},"1":{"start":{"line":20,"column":21},"end":{"line":20,"column":54}},"2":{"start":{"line":21,"column":17},"end":{"line":21,"column":38}},"3":{"start":{"line":22,"column":4},"end":{"line":27,"column":6}},"4":{"start":{"line":29,"column":4},"end":{"line":34,"column":6}},"5":{"start":{"line":39,"column":13},"end":{"line":73,"column":1}},"6":{"start":{"line":40,"column":14},"end":{"line":40,"column":27}},"7":{"start":{"line":41,"column":2},"end":{"line":72,"column":4}},"8":{"start":{"line":53,"column":12},"end":{"line":59,"column":12}}},"fnMap":{"0":{"name":"getServerSideProps","decl":{"start":{"line":18,"column":22},"end":{"line":18,"column":40}},"loc":{"start":{"line":18,"column":43},"end":{"line":36,"column":1}},"line":18},"1":{"name":"(anonymous_1)","decl":{"start":{"line":39,"column":13},"end":{"line":39,"column":14}},"loc":{"start":{"line":39,"column":34},"end":{"line":73,"column":1}},"line":39},"2":{"name":"(anonymous_2)","decl":{"start":{"line":52,"column":21},"end":{"line":52,"column":22}},"loc":{"start":{"line":53,"column":12},"end":{"line":59,"column":12}},"line":53}},"branchMap":{"0":{"loc":{"start":{"line":48,"column":9},"end":{"line":48,"column":70}},"type":"binary-expr","locations":[{"start":{"line":48,"column":9},"end":{"line":48,"column":14}},{"start":{"line":48,"column":19},"end":{"line":48,"column":69}}],"line":48},"1":{"loc":{"start":{"line":49,"column":9},"end":{"line":63,"column":12}},"type":"binary-expr","locations":[{"start":{"line":49,"column":9},"end":{"line":49,"column":15}},{"start":{"line":49,"column":19},"end":{"line":49,"column":43}},{"start":{"line":49,"column":48},"end":{"line":63,"column":11}}],"line":49},"2":{"loc":{"start":{"line":65,"column":9},"end":{"line":67,"column":11}},"type":"binary-expr","locations":[{"start":{"line":65,"column":9},"end":{"line":65,"column":15}},{"start":{"line":65,"column":19},"end":{"line":65,"column":45}},{"start":{"line":66,"column":12},"end":{"line":66,"column":31}}],"line":65}},"s":{"0":0,"1":0,"2":0,"3":0,"4":0,"5":0,"6":0,"7":0,"8":0},"f":{"0":0,"1":0,"2":0},"b":{"0":[0,0],"1":[0,0,0],"2":[0,0,0]}}
,"/Users/j/Documents/test/jlp-fed-test-main/pages/product-detail/[id].jsx": {"path":"/Users/j/Documents/test/jlp-fed-test-main/pages/product-detail/[id].jsx","statementMap":{"0":{"start":{"line":26,"column":13},"end":{"line":26,"column":30}},"1":{"start":{"line":27,"column":2},"end":{"line":39,"column":3}},"2":{"start":{"line":28,"column":21},"end":{"line":28,"column":62}},"3":{"start":{"line":29,"column":17},"end":{"line":29,"column":38}},"4":{"start":{"line":30,"column":4},"end":{"line":32,"column":6}},"5":{"start":{"line":34,"column":4},"end":{"line":38,"column":6}},"6":{"start":{"line":41,"column":22},"end":{"line":125,"column":1}},"7":{"start":{"line":42,"column":2},"end":{"line":49,"column":3}},"8":{"start":{"line":43,"column":4},"end":{"line":48,"column":12}},"9":{"start":{"line":52,"column":4},"end":{"line":58,"column":7}},"10":{"start":{"line":61,"column":2},"end":{"line":124,"column":4}},"11":{"start":{"line":102,"column":16},"end":{"line":107,"column":21}}},"fnMap":{"0":{"name":"getServerSideProps","decl":{"start":{"line":25,"column":22},"end":{"line":25,"column":40}},"loc":{"start":{"line":25,"column":50},"end":{"line":40,"column":1}},"line":25},"1":{"name":"(anonymous_1)","decl":{"start":{"line":41,"column":22},"end":{"line":41,"column":23}},"loc":{"start":{"line":41,"column":43},"end":{"line":125,"column":1}},"line":41},"2":{"name":"(anonymous_2)","decl":{"start":{"line":101,"column":55},"end":{"line":101,"column":56}},"loc":{"start":{"line":102,"column":16},"end":{"line":107,"column":21}},"line":102}},"branchMap":{"0":{"loc":{"start":{"line":42,"column":2},"end":{"line":49,"column":3}},"type":"if","locations":[{"start":{"line":42,"column":2},"end":{"line":49,"column":3}},{"start":{"line":42,"column":2},"end":{"line":49,"column":3}}],"line":42}},"s":{"0":0,"1":0,"2":0,"3":0,"4":0,"5":0,"6":0,"7":0,"8":0,"9":0,"10":0,"11":0},"f":{"0":0,"1":0,"2":0},"b":{"0":[0,0]}}
}
