TN:
SF:jest.config.js
FNF:0
FNH:0
DA:1,0
LF:1
LH:0
BRF:0
BRH:0
end_of_record
TN:
SF:.next/server/init-server.js.js
FN:2,(anonymous_0)
FN:7,__webpack_require__
FN:44,(anonymous_2)
FN:51,(anonymous_3)
FN:63,(anonymous_4)
FN:70,(anonymous_5)
FN:75,(anonymous_6)
FN:77,getDefault
FN:78,getModuleExports
FN:84,(anonymous_9)
FN:101,(anonymous_10)
FNF:11
FNH:0
FNDA:0,(anonymous_0)
FNDA:0,__webpack_require__
FNDA:0,(anonymous_2)
FNDA:0,(anonymous_3)
FNDA:0,(anonymous_4)
FNDA:0,(anonymous_5)
FNDA:0,(anonymous_6)
FNDA:0,getDefault
FNDA:0,getModuleExports
FNDA:0,(anonymous_9)
FNDA:0,(anonymous_10)
DA:1,0
DA:4,0
DA:10,0
DA:11,0
DA:14,0
DA:21,0
DA:22,0
DA:23,0
DA:24,0
DA:26,0
DA:30,0
DA:33,0
DA:38,0
DA:41,0
DA:44,0
DA:45,0
DA:46,0
DA:51,0
DA:52,0
DA:53,0
DA:55,0
DA:63,0
DA:64,0
DA:65,0
DA:66,0
DA:67,0
DA:68,0
DA:69,0
DA:70,0
DA:71,0
DA:75,0
DA:76,0
DA:77,0
DA:78,0
DA:79,0
DA:80,0
DA:84,0
DA:87,0
DA:91,0
DA:104,0
LF:40
LH:0
BRDA:10,0,0,0
BRDA:10,0,1,0
BRDA:26,1,0,0
BRDA:26,1,1,0
BRDA:45,2,0,0
BRDA:45,2,1,0
BRDA:52,3,0,0
BRDA:52,3,1,0
BRDA:52,4,0,0
BRDA:52,4,1,0
BRDA:64,5,0,0
BRDA:64,5,1,0
BRDA:65,6,0,0
BRDA:65,6,1,0
BRDA:66,7,0,0
BRDA:66,7,1,0
BRDA:66,8,0,0
BRDA:66,8,1,0
BRDA:66,8,2,0
BRDA:66,8,3,0
BRDA:70,9,0,0
BRDA:70,9,1,0
BRDA:70,10,0,0
BRDA:70,10,1,0
BRDA:76,11,0,0
BRDA:76,11,1,0
BRDA:76,12,0,0
BRDA:76,12,1,0
BRF:28
BRH:0
end_of_record
TN:
SF:.next/server/on-error-server.js.js
FN:2,(anonymous_0)
FN:7,__webpack_require__
FN:44,(anonymous_2)
FN:51,(anonymous_3)
FN:63,(anonymous_4)
FN:70,(anonymous_5)
FN:75,(anonymous_6)
FN:77,getDefault
FN:78,getModuleExports
FN:84,(anonymous_9)
FN:101,(anonymous_10)
FNF:11
FNH:0
FNDA:0,(anonymous_0)
FNDA:0,__webpack_require__
FNDA:0,(anonymous_2)
FNDA:0,(anonymous_3)
FNDA:0,(anonymous_4)
FNDA:0,(anonymous_5)
FNDA:0,(anonymous_6)
FNDA:0,getDefault
FNDA:0,getModuleExports
FNDA:0,(anonymous_9)
FNDA:0,(anonymous_10)
DA:1,0
DA:4,0
DA:10,0
DA:11,0
DA:14,0
DA:21,0
DA:22,0
DA:23,0
DA:24,0
DA:26,0
DA:30,0
DA:33,0
DA:38,0
DA:41,0
DA:44,0
DA:45,0
DA:46,0
DA:51,0
DA:52,0
DA:53,0
DA:55,0
DA:63,0
DA:64,0
DA:65,0
DA:66,0
DA:67,0
DA:68,0
DA:69,0
DA:70,0
DA:71,0
DA:75,0
DA:76,0
DA:77,0
DA:78,0
DA:79,0
DA:80,0
DA:84,0
DA:87,0
DA:91,0
DA:104,0
LF:40
LH:0
BRDA:10,0,0,0
BRDA:10,0,1,0
BRDA:26,1,0,0
BRDA:26,1,1,0
BRDA:45,2,0,0
BRDA:45,2,1,0
BRDA:52,3,0,0
BRDA:52,3,1,0
BRDA:52,4,0,0
BRDA:52,4,1,0
BRDA:64,5,0,0
BRDA:64,5,1,0
BRDA:65,6,0,0
BRDA:65,6,1,0
BRDA:66,7,0,0
BRDA:66,7,1,0
BRDA:66,8,0,0
BRDA:66,8,1,0
BRDA:66,8,2,0
BRDA:66,8,3,0
BRDA:70,9,0,0
BRDA:70,9,1,0
BRDA:70,10,0,0
BRDA:70,10,1,0
BRDA:76,11,0,0
BRDA:76,11,1,0
BRDA:76,12,0,0
BRDA:76,12,1,0
BRF:28
BRH:0
end_of_record
TN:
SF:.next/server/ssr-module-cache.js
FNF:0
FNH:0
DA:3,0
LF:1
LH:0
BRF:0
BRH:0
end_of_record
TN:
SF:.next/server/pages/404.js
FN:2,(anonymous_0)
FN:7,__webpack_require__
FN:44,(anonymous_2)
FN:51,(anonymous_3)
FN:63,(anonymous_4)
FN:70,(anonymous_5)
FN:75,(anonymous_6)
FN:77,getDefault
FN:78,getModuleExports
FN:84,(anonymous_9)
FN:101,(anonymous_10)
FN:112,(anonymous_11)
FN:123,(anonymous_12)
FN:134,(anonymous_13)
FN:145,(anonymous_14)
FN:156,(anonymous_15)
FN:168,(anonymous_16)
FN:180,(anonymous_17)
FN:192,(anonymous_18)
FN:204,(anonymous_19)
FN:216,(anonymous_20)
FN:228,(anonymous_21)
FN:240,(anonymous_22)
FN:252,(anonymous_23)
FN:264,(anonymous_24)
FN:276,(anonymous_25)
FN:288,(anonymous_26)
FN:300,(anonymous_27)
FN:312,(anonymous_28)
FN:324,(anonymous_29)
FN:336,(anonymous_30)
FN:348,(anonymous_31)
FN:360,(anonymous_32)
FN:372,(anonymous_33)
FN:384,(anonymous_34)
FN:395,(anonymous_35)
FN:407,(anonymous_36)
FN:419,(anonymous_37)
FN:431,(anonymous_38)
FN:442,(anonymous_39)
FN:453,(anonymous_40)
FNF:41
FNH:0
FNDA:0,(anonymous_0)
FNDA:0,__webpack_require__
FNDA:0,(anonymous_2)
FNDA:0,(anonymous_3)
FNDA:0,(anonymous_4)
FNDA:0,(anonymous_5)
FNDA:0,(anonymous_6)
FNDA:0,getDefault
FNDA:0,getModuleExports
FNDA:0,(anonymous_9)
FNDA:0,(anonymous_10)
FNDA:0,(anonymous_11)
FNDA:0,(anonymous_12)
FNDA:0,(anonymous_13)
FNDA:0,(anonymous_14)
FNDA:0,(anonymous_15)
FNDA:0,(anonymous_16)
FNDA:0,(anonymous_17)
FNDA:0,(anonymous_18)
FNDA:0,(anonymous_19)
FNDA:0,(anonymous_20)
FNDA:0,(anonymous_21)
FNDA:0,(anonymous_22)
FNDA:0,(anonymous_23)
FNDA:0,(anonymous_24)
FNDA:0,(anonymous_25)
FNDA:0,(anonymous_26)
FNDA:0,(anonymous_27)
FNDA:0,(anonymous_28)
FNDA:0,(anonymous_29)
FNDA:0,(anonymous_30)
FNDA:0,(anonymous_31)
FNDA:0,(anonymous_32)
FNDA:0,(anonymous_33)
FNDA:0,(anonymous_34)
FNDA:0,(anonymous_35)
FNDA:0,(anonymous_36)
FNDA:0,(anonymous_37)
FNDA:0,(anonymous_38)
FNDA:0,(anonymous_39)
FNDA:0,(anonymous_40)
DA:1,0
DA:4,0
DA:10,0
DA:11,0
DA:14,0
DA:21,0
DA:22,0
DA:23,0
DA:24,0
DA:26,0
DA:30,0
DA:33,0
DA:38,0
DA:41,0
DA:44,0
DA:45,0
DA:46,0
DA:51,0
DA:52,0
DA:53,0
DA:55,0
DA:63,0
DA:64,0
DA:65,0
DA:66,0
DA:67,0
DA:68,0
DA:69,0
DA:70,0
DA:71,0
DA:75,0
DA:76,0
DA:77,0
DA:78,0
DA:79,0
DA:80,0
DA:84,0
DA:87,0
DA:91,0
DA:103,0
DA:114,0
DA:125,0
DA:136,0
DA:147,0
DA:159,0
DA:171,0
DA:183,0
DA:195,0
DA:207,0
DA:219,0
DA:231,0
DA:243,0
DA:255,0
DA:267,0
DA:279,0
DA:291,0
DA:303,0
DA:315,0
DA:327,0
DA:339,0
DA:351,0
DA:363,0
DA:375,0
DA:386,0
DA:398,0
DA:410,0
DA:422,0
DA:433,0
DA:444,0
DA:455,0
LF:70
LH:0
BRDA:10,0,0,0
BRDA:10,0,1,0
BRDA:26,1,0,0
BRDA:26,1,1,0
BRDA:45,2,0,0
BRDA:45,2,1,0
BRDA:52,3,0,0
BRDA:52,3,1,0
BRDA:52,4,0,0
BRDA:52,4,1,0
BRDA:64,5,0,0
BRDA:64,5,1,0
BRDA:65,6,0,0
BRDA:65,6,1,0
BRDA:66,7,0,0
BRDA:66,7,1,0
BRDA:66,8,0,0
BRDA:66,8,1,0
BRDA:66,8,2,0
BRDA:66,8,3,0
BRDA:70,9,0,0
BRDA:70,9,1,0
BRDA:70,10,0,0
BRDA:70,10,1,0
BRDA:76,11,0,0
BRDA:76,11,1,0
BRDA:76,12,0,0
BRDA:76,12,1,0
BRF:28
BRH:0
end_of_record
TN:
SF:.next/server/pages/_app.js
FN:2,(anonymous_0)
FN:7,__webpack_require__
FN:44,(anonymous_2)
FN:51,(anonymous_3)
FN:63,(anonymous_4)
FN:70,(anonymous_5)
FN:75,(anonymous_6)
FN:77,getDefault
FN:78,getModuleExports
FN:84,(anonymous_9)
FN:101,(anonymous_10)
FN:113,(anonymous_11)
FN:124,(anonymous_12)
FN:136,(anonymous_13)
FN:147,(anonymous_14)
FN:159,(anonymous_15)
FNF:16
FNH:0
FNDA:0,(anonymous_0)
FNDA:0,__webpack_require__
FNDA:0,(anonymous_2)
FNDA:0,(anonymous_3)
FNDA:0,(anonymous_4)
FNDA:0,(anonymous_5)
FNDA:0,(anonymous_6)
FNDA:0,getDefault
FNDA:0,getModuleExports
FNDA:0,(anonymous_9)
FNDA:0,(anonymous_10)
FNDA:0,(anonymous_11)
FNDA:0,(anonymous_12)
FNDA:0,(anonymous_13)
FNDA:0,(anonymous_14)
FNDA:0,(anonymous_15)
DA:1,0
DA:4,0
DA:10,0
DA:11,0
DA:14,0
DA:21,0
DA:22,0
DA:23,0
DA:24,0
DA:26,0
DA:30,0
DA:33,0
DA:38,0
DA:41,0
DA:44,0
DA:45,0
DA:46,0
DA:51,0
DA:52,0
DA:53,0
DA:55,0
DA:63,0
DA:64,0
DA:65,0
DA:66,0
DA:67,0
DA:68,0
DA:69,0
DA:70,0
DA:71,0
DA:75,0
DA:76,0
DA:77,0
DA:78,0
DA:79,0
DA:80,0
DA:84,0
DA:87,0
DA:91,0
DA:104,0
DA:115,0
DA:127,0
DA:138,0
DA:149,0
DA:161,0
LF:45
LH:0
BRDA:10,0,0,0
BRDA:10,0,1,0
BRDA:26,1,0,0
BRDA:26,1,1,0
BRDA:45,2,0,0
BRDA:45,2,1,0
BRDA:52,3,0,0
BRDA:52,3,1,0
BRDA:52,4,0,0
BRDA:52,4,1,0
BRDA:64,5,0,0
BRDA:64,5,1,0
BRDA:65,6,0,0
BRDA:65,6,1,0
BRDA:66,7,0,0
BRDA:66,7,1,0
BRDA:66,8,0,0
BRDA:66,8,1,0
BRDA:66,8,2,0
BRDA:66,8,3,0
BRDA:70,9,0,0
BRDA:70,9,1,0
BRDA:70,10,0,0
BRDA:70,10,1,0
BRDA:76,11,0,0
BRDA:76,11,1,0
BRDA:76,12,0,0
BRDA:76,12,1,0
BRF:28
BRH:0
end_of_record
TN:
SF:.next/server/pages/_document.js
FN:2,(anonymous_0)
FN:7,__webpack_require__
FN:44,(anonymous_2)
FN:51,(anonymous_3)
FN:63,(anonymous_4)
FN:70,(anonymous_5)
FN:75,(anonymous_6)
FN:77,getDefault
FN:78,getModuleExports
FN:84,(anonymous_9)
FN:101,(anonymous_10)
FN:112,(anonymous_11)
FN:123,(anonymous_12)
FN:134,(anonymous_13)
FN:145,(anonymous_14)
FN:156,(anonymous_15)
FN:167,(anonymous_16)
FN:178,(anonymous_17)
FN:189,(anonymous_18)
FN:200,(anonymous_19)
FN:211,(anonymous_20)
FN:222,(anonymous_21)
FN:234,(anonymous_22)
FN:246,(anonymous_23)
FN:258,(anonymous_24)
FN:270,(anonymous_25)
FN:282,(anonymous_26)
FN:294,(anonymous_27)
FN:305,(anonymous_28)
FN:316,(anonymous_29)
FNF:30
FNH:0
FNDA:0,(anonymous_0)
FNDA:0,__webpack_require__
FNDA:0,(anonymous_2)
FNDA:0,(anonymous_3)
FNDA:0,(anonymous_4)
FNDA:0,(anonymous_5)
FNDA:0,(anonymous_6)
FNDA:0,getDefault
FNDA:0,getModuleExports
FNDA:0,(anonymous_9)
FNDA:0,(anonymous_10)
FNDA:0,(anonymous_11)
FNDA:0,(anonymous_12)
FNDA:0,(anonymous_13)
FNDA:0,(anonymous_14)
FNDA:0,(anonymous_15)
FNDA:0,(anonymous_16)
FNDA:0,(anonymous_17)
FNDA:0,(anonymous_18)
FNDA:0,(anonymous_19)
FNDA:0,(anonymous_20)
FNDA:0,(anonymous_21)
FNDA:0,(anonymous_22)
FNDA:0,(anonymous_23)
FNDA:0,(anonymous_24)
FNDA:0,(anonymous_25)
FNDA:0,(anonymous_26)
FNDA:0,(anonymous_27)
FNDA:0,(anonymous_28)
FNDA:0,(anonymous_29)
DA:1,0
DA:4,0
DA:10,0
DA:11,0
DA:14,0
DA:21,0
DA:22,0
DA:23,0
DA:24,0
DA:26,0
DA:30,0
DA:33,0
DA:38,0
DA:41,0
DA:44,0
DA:45,0
DA:46,0
DA:51,0
DA:52,0
DA:53,0
DA:55,0
DA:63,0
DA:64,0
DA:65,0
DA:66,0
DA:67,0
DA:68,0
DA:69,0
DA:70,0
DA:71,0
DA:75,0
DA:76,0
DA:77,0
DA:78,0
DA:79,0
DA:80,0
DA:84,0
DA:87,0
DA:91,0
DA:103,0
DA:114,0
DA:125,0
DA:136,0
DA:147,0
DA:158,0
DA:169,0
DA:180,0
DA:191,0
DA:202,0
DA:213,0
DA:225,0
DA:237,0
DA:249,0
DA:261,0
DA:273,0
DA:284,0
DA:296,0
DA:307,0
DA:318,0
LF:59
LH:0
BRDA:10,0,0,0
BRDA:10,0,1,0
BRDA:26,1,0,0
BRDA:26,1,1,0
BRDA:45,2,0,0
BRDA:45,2,1,0
BRDA:52,3,0,0
BRDA:52,3,1,0
BRDA:52,4,0,0
BRDA:52,4,1,0
BRDA:64,5,0,0
BRDA:64,5,1,0
BRDA:65,6,0,0
BRDA:65,6,1,0
BRDA:66,7,0,0
BRDA:66,7,1,0
BRDA:66,8,0,0
BRDA:66,8,1,0
BRDA:66,8,2,0
BRDA:66,8,3,0
BRDA:70,9,0,0
BRDA:70,9,1,0
BRDA:70,10,0,0
BRDA:70,10,1,0
BRDA:76,11,0,0
BRDA:76,11,1,0
BRDA:76,12,0,0
BRDA:76,12,1,0
BRF:28
BRH:0
end_of_record
TN:
SF:.next/server/pages/_error.js
FN:2,(anonymous_0)
FN:7,__webpack_require__
FN:44,(anonymous_2)
FN:51,(anonymous_3)
FN:63,(anonymous_4)
FN:70,(anonymous_5)
FN:75,(anonymous_6)
FN:77,getDefault
FN:78,getModuleExports
FN:84,(anonymous_9)
FN:101,(anonymous_10)
FN:112,(anonymous_11)
FN:123,(anonymous_12)
FN:135,(anonymous_13)
FN:147,(anonymous_14)
FNF:15
FNH:0
FNDA:0,(anonymous_0)
FNDA:0,__webpack_require__
FNDA:0,(anonymous_2)
FNDA:0,(anonymous_3)
FNDA:0,(anonymous_4)
FNDA:0,(anonymous_5)
FNDA:0,(anonymous_6)
FNDA:0,getDefault
FNDA:0,getModuleExports
FNDA:0,(anonymous_9)
FNDA:0,(anonymous_10)
FNDA:0,(anonymous_11)
FNDA:0,(anonymous_12)
FNDA:0,(anonymous_13)
FNDA:0,(anonymous_14)
DA:1,0
DA:4,0
DA:10,0
DA:11,0
DA:14,0
DA:21,0
DA:22,0
DA:23,0
DA:24,0
DA:26,0
DA:30,0
DA:33,0
DA:38,0
DA:41,0
DA:44,0
DA:45,0
DA:46,0
DA:51,0
DA:52,0
DA:53,0
DA:55,0
DA:63,0
DA:64,0
DA:65,0
DA:66,0
DA:67,0
DA:68,0
DA:69,0
DA:70,0
DA:71,0
DA:75,0
DA:76,0
DA:77,0
DA:78,0
DA:79,0
DA:80,0
DA:84,0
DA:87,0
DA:91,0
DA:103,0
DA:114,0
DA:126,0
DA:137,0
DA:149,0
LF:44
LH:0
BRDA:10,0,0,0
BRDA:10,0,1,0
BRDA:26,1,0,0
BRDA:26,1,1,0
BRDA:45,2,0,0
BRDA:45,2,1,0
BRDA:52,3,0,0
BRDA:52,3,1,0
BRDA:52,4,0,0
BRDA:52,4,1,0
BRDA:64,5,0,0
BRDA:64,5,1,0
BRDA:65,6,0,0
BRDA:65,6,1,0
BRDA:66,7,0,0
BRDA:66,7,1,0
BRDA:66,8,0,0
BRDA:66,8,1,0
BRDA:66,8,2,0
BRDA:66,8,3,0
BRDA:70,9,0,0
BRDA:70,9,1,0
BRDA:70,10,0,0
BRDA:70,10,1,0
BRDA:76,11,0,0
BRDA:76,11,1,0
BRDA:76,12,0,0
BRDA:76,12,1,0
BRF:28
BRH:0
end_of_record
TN:
SF:.next/server/pages/index.js
FN:2,(anonymous_0)
FN:7,__webpack_require__
FN:44,(anonymous_2)
FN:51,(anonymous_3)
FN:63,(anonymous_4)
FN:70,(anonymous_5)
FN:75,(anonymous_6)
FN:77,getDefault
FN:78,getModuleExports
FN:84,(anonymous_9)
FN:101,(anonymous_10)
FN:112,(anonymous_11)
FN:123,(anonymous_12)
FN:135,(anonymous_13)
FN:147,(anonymous_14)
FN:158,(anonymous_15)
FN:169,(anonymous_16)
FN:180,(anonymous_17)
FN:191,(anonymous_18)
FN:203,(anonymous_19)
FN:215,(anonymous_20)
FN:227,(anonymous_21)
FN:239,(anonymous_22)
FN:251,(anonymous_23)
FN:263,(anonymous_24)
FN:275,(anonymous_25)
FN:287,(anonymous_26)
FN:299,(anonymous_27)
FN:311,(anonymous_28)
FN:323,(anonymous_29)
FN:335,(anonymous_30)
FN:347,(anonymous_31)
FN:359,(anonymous_32)
FN:371,(anonymous_33)
FN:383,(anonymous_34)
FN:395,(anonymous_35)
FN:407,(anonymous_36)
FN:419,(anonymous_37)
FN:430,(anonymous_38)
FN:442,(anonymous_39)
FN:454,(anonymous_40)
FN:466,(anonymous_41)
FN:477,(anonymous_42)
FN:488,(anonymous_43)
FN:499,(anonymous_44)
FNF:45
FNH:0
FNDA:0,(anonymous_0)
FNDA:0,__webpack_require__
FNDA:0,(anonymous_2)
FNDA:0,(anonymous_3)
FNDA:0,(anonymous_4)
FNDA:0,(anonymous_5)
FNDA:0,(anonymous_6)
FNDA:0,getDefault
FNDA:0,getModuleExports
FNDA:0,(anonymous_9)
FNDA:0,(anonymous_10)
FNDA:0,(anonymous_11)
FNDA:0,(anonymous_12)
FNDA:0,(anonymous_13)
FNDA:0,(anonymous_14)
FNDA:0,(anonymous_15)
FNDA:0,(anonymous_16)
FNDA:0,(anonymous_17)
FNDA:0,(anonymous_18)
FNDA:0,(anonymous_19)
FNDA:0,(anonymous_20)
FNDA:0,(anonymous_21)
FNDA:0,(anonymous_22)
FNDA:0,(anonymous_23)
FNDA:0,(anonymous_24)
FNDA:0,(anonymous_25)
FNDA:0,(anonymous_26)
FNDA:0,(anonymous_27)
FNDA:0,(anonymous_28)
FNDA:0,(anonymous_29)
FNDA:0,(anonymous_30)
FNDA:0,(anonymous_31)
FNDA:0,(anonymous_32)
FNDA:0,(anonymous_33)
FNDA:0,(anonymous_34)
FNDA:0,(anonymous_35)
FNDA:0,(anonymous_36)
FNDA:0,(anonymous_37)
FNDA:0,(anonymous_38)
FNDA:0,(anonymous_39)
FNDA:0,(anonymous_40)
FNDA:0,(anonymous_41)
FNDA:0,(anonymous_42)
FNDA:0,(anonymous_43)
FNDA:0,(anonymous_44)
DA:1,0
DA:4,0
DA:10,0
DA:11,0
DA:14,0
DA:21,0
DA:22,0
DA:23,0
DA:24,0
DA:26,0
DA:30,0
DA:33,0
DA:38,0
DA:41,0
DA:44,0
DA:45,0
DA:46,0
DA:51,0
DA:52,0
DA:53,0
DA:55,0
DA:63,0
DA:64,0
DA:65,0
DA:66,0
DA:67,0
DA:68,0
DA:69,0
DA:70,0
DA:71,0
DA:75,0
DA:76,0
DA:77,0
DA:78,0
DA:79,0
DA:80,0
DA:84,0
DA:87,0
DA:91,0
DA:103,0
DA:114,0
DA:126,0
DA:138,0
DA:149,0
DA:160,0
DA:171,0
DA:182,0
DA:194,0
DA:206,0
DA:218,0
DA:230,0
DA:242,0
DA:254,0
DA:266,0
DA:278,0
DA:290,0
DA:302,0
DA:314,0
DA:326,0
DA:338,0
DA:350,0
DA:362,0
DA:374,0
DA:386,0
DA:398,0
DA:410,0
DA:421,0
DA:433,0
DA:445,0
DA:457,0
DA:468,0
DA:479,0
DA:490,0
DA:501,0
LF:74
LH:0
BRDA:10,0,0,0
BRDA:10,0,1,0
BRDA:26,1,0,0
BRDA:26,1,1,0
BRDA:45,2,0,0
BRDA:45,2,1,0
BRDA:52,3,0,0
BRDA:52,3,1,0
BRDA:52,4,0,0
BRDA:52,4,1,0
BRDA:64,5,0,0
BRDA:64,5,1,0
BRDA:65,6,0,0
BRDA:65,6,1,0
BRDA:66,7,0,0
BRDA:66,7,1,0
BRDA:66,8,0,0
BRDA:66,8,1,0
BRDA:66,8,2,0
BRDA:66,8,3,0
BRDA:70,9,0,0
BRDA:70,9,1,0
BRDA:70,10,0,0
BRDA:70,10,1,0
BRDA:76,11,0,0
BRDA:76,11,1,0
BRDA:76,12,0,0
BRDA:76,12,1,0
BRF:28
BRH:0
end_of_record
TN:
SF:.next/server/pages/product-detail/[id].js
FN:2,(anonymous_0)
FN:7,__webpack_require__
FN:44,(anonymous_2)
FN:51,(anonymous_3)
FN:63,(anonymous_4)
FN:70,(anonymous_5)
FN:75,(anonymous_6)
FN:77,getDefault
FN:78,getModuleExports
FN:84,(anonymous_9)
FN:101,(anonymous_10)
FN:112,(anonymous_11)
FN:123,(anonymous_12)
FN:135,(anonymous_13)
FN:147,(anonymous_14)
FN:158,(anonymous_15)
FN:169,(anonymous_16)
FN:180,(anonymous_17)
FN:191,(anonymous_18)
FN:203,(anonymous_19)
FN:215,(anonymous_20)
FN:227,(anonymous_21)
FN:239,(anonymous_22)
FN:251,(anonymous_23)
FN:263,(anonymous_24)
FN:275,(anonymous_25)
FN:287,(anonymous_26)
FN:299,(anonymous_27)
FN:311,(anonymous_28)
FN:323,(anonymous_29)
FN:335,(anonymous_30)
FN:347,(anonymous_31)
FN:359,(anonymous_32)
FN:371,(anonymous_33)
FN:383,(anonymous_34)
FN:395,(anonymous_35)
FN:407,(anonymous_36)
FN:419,(anonymous_37)
FN:430,(anonymous_38)
FN:442,(anonymous_39)
FN:454,(anonymous_40)
FN:466,(anonymous_41)
FN:477,(anonymous_42)
FN:488,(anonymous_43)
FN:499,(anonymous_44)
FNF:45
FNH:0
FNDA:0,(anonymous_0)
FNDA:0,__webpack_require__
FNDA:0,(anonymous_2)
FNDA:0,(anonymous_3)
FNDA:0,(anonymous_4)
FNDA:0,(anonymous_5)
FNDA:0,(anonymous_6)
FNDA:0,getDefault
FNDA:0,getModuleExports
FNDA:0,(anonymous_9)
FNDA:0,(anonymous_10)
FNDA:0,(anonymous_11)
FNDA:0,(anonymous_12)
FNDA:0,(anonymous_13)
FNDA:0,(anonymous_14)
FNDA:0,(anonymous_15)
FNDA:0,(anonymous_16)
FNDA:0,(anonymous_17)
FNDA:0,(anonymous_18)
FNDA:0,(anonymous_19)
FNDA:0,(anonymous_20)
FNDA:0,(anonymous_21)
FNDA:0,(anonymous_22)
FNDA:0,(anonymous_23)
FNDA:0,(anonymous_24)
FNDA:0,(anonymous_25)
FNDA:0,(anonymous_26)
FNDA:0,(anonymous_27)
FNDA:0,(anonymous_28)
FNDA:0,(anonymous_29)
FNDA:0,(anonymous_30)
FNDA:0,(anonymous_31)
FNDA:0,(anonymous_32)
FNDA:0,(anonymous_33)
FNDA:0,(anonymous_34)
FNDA:0,(anonymous_35)
FNDA:0,(anonymous_36)
FNDA:0,(anonymous_37)
FNDA:0,(anonymous_38)
FNDA:0,(anonymous_39)
FNDA:0,(anonymous_40)
FNDA:0,(anonymous_41)
FNDA:0,(anonymous_42)
FNDA:0,(anonymous_43)
FNDA:0,(anonymous_44)
DA:1,0
DA:4,0
DA:10,0
DA:11,0
DA:14,0
DA:21,0
DA:22,0
DA:23,0
DA:24,0
DA:26,0
DA:30,0
DA:33,0
DA:38,0
DA:41,0
DA:44,0
DA:45,0
DA:46,0
DA:51,0
DA:52,0
DA:53,0
DA:55,0
DA:63,0
DA:64,0
DA:65,0
DA:66,0
DA:67,0
DA:68,0
DA:69,0
DA:70,0
DA:71,0
DA:75,0
DA:76,0
DA:77,0
DA:78,0
DA:79,0
DA:80,0
DA:84,0
DA:87,0
DA:91,0
DA:103,0
DA:114,0
DA:126,0
DA:138,0
DA:149,0
DA:160,0
DA:171,0
DA:182,0
DA:194,0
DA:206,0
DA:218,0
DA:230,0
DA:242,0
DA:254,0
DA:266,0
DA:278,0
DA:290,0
DA:302,0
DA:314,0
DA:326,0
DA:338,0
DA:350,0
DA:362,0
DA:374,0
DA:386,0
DA:398,0
DA:410,0
DA:421,0
DA:433,0
DA:445,0
DA:457,0
DA:468,0
DA:479,0
DA:490,0
DA:501,0
LF:74
LH:0
BRDA:10,0,0,0
BRDA:10,0,1,0
BRDA:26,1,0,0
BRDA:26,1,1,0
BRDA:45,2,0,0
BRDA:45,2,1,0
BRDA:52,3,0,0
BRDA:52,3,1,0
BRDA:52,4,0,0
BRDA:52,4,1,0
BRDA:64,5,0,0
BRDA:64,5,1,0
BRDA:65,6,0,0
BRDA:65,6,1,0
BRDA:66,7,0,0
BRDA:66,7,1,0
BRDA:66,8,0,0
BRDA:66,8,1,0
BRDA:66,8,2,0
BRDA:66,8,3,0
BRDA:70,9,0,0
BRDA:70,9,1,0
BRDA:70,10,0,0
BRDA:70,10,1,0
BRDA:76,11,0,0
BRDA:76,11,1,0
BRDA:76,12,0,0
BRDA:76,12,1,0
BRF:28
BRH:0
end_of_record
TN:
SF:.next/static/chunks/0.js
FN:8,(anonymous_0)
FNF:1
FNH:0
FNDA:0,(anonymous_0)
DA:1,0
DA:11,0
LF:2
LH:0
BRDA:1,0,0,0
BRDA:1,0,1,0
BRF:2
BRH:0
end_of_record
TN:
SF:.next/static/chunks/amp.js
FN:9,(anonymous_0)
FN:20,(anonymous_1)
FN:31,(anonymous_2)
FN:42,(anonymous_3)
FN:54,(anonymous_4)
FN:66,(anonymous_5)
FN:78,(anonymous_6)
FN:90,(anonymous_7)
FN:102,(anonymous_8)
FN:113,(anonymous_9)
FNF:10
FNH:0
FNDA:0,(anonymous_0)
FNDA:0,(anonymous_1)
FNDA:0,(anonymous_2)
FNDA:0,(anonymous_3)
FNDA:0,(anonymous_4)
FNDA:0,(anonymous_5)
FNDA:0,(anonymous_6)
FNDA:0,(anonymous_7)
FNDA:0,(anonymous_8)
FNDA:0,(anonymous_9)
DA:1,0
DA:11,0
DA:22,0
DA:33,0
DA:45,0
DA:57,0
DA:69,0
DA:81,0
DA:93,0
DA:104,0
DA:115,0
LF:11
LH:0
BRDA:2,0,0,0
BRDA:2,0,1,0
BRF:2
BRH:0
end_of_record
TN:
SF:.next/static/chunks/main.js
FN:9,(anonymous_0)
FN:20,(anonymous_1)
FN:31,(anonymous_2)
FN:42,(anonymous_3)
FN:53,(anonymous_4)
FN:64,(anonymous_5)
FN:75,(anonymous_6)
FN:86,(anonymous_7)
FN:97,(anonymous_8)
FN:108,(anonymous_9)
FN:119,(anonymous_10)
FN:130,(anonymous_11)
FN:141,(anonymous_12)
FN:152,(anonymous_13)
FN:163,(anonymous_14)
FN:174,(anonymous_15)
FN:185,(anonymous_16)
FN:196,(anonymous_17)
FN:207,(anonymous_18)
FN:218,(anonymous_19)
FN:229,(anonymous_20)
FN:240,(anonymous_21)
FN:251,(anonymous_22)
FN:262,(anonymous_23)
FN:273,(anonymous_24)
FN:284,(anonymous_25)
FN:295,(anonymous_26)
FN:307,(anonymous_27)
FN:319,(anonymous_28)
FN:331,(anonymous_29)
FN:343,(anonymous_30)
FN:355,(anonymous_31)
FN:367,(anonymous_32)
FN:379,(anonymous_33)
FN:391,(anonymous_34)
FN:403,(anonymous_35)
FN:415,(anonymous_36)
FN:427,(anonymous_37)
FN:439,(anonymous_38)
FN:451,(anonymous_39)
FN:463,(anonymous_40)
FN:475,(anonymous_41)
FN:487,(anonymous_42)
FN:499,(anonymous_43)
FN:511,(anonymous_44)
FN:523,(anonymous_45)
FN:535,(anonymous_46)
FN:547,(anonymous_47)
FN:559,(anonymous_48)
FN:571,(anonymous_49)
FN:583,(anonymous_50)
FN:595,(anonymous_51)
FN:607,(anonymous_52)
FN:619,(anonymous_53)
FN:631,(anonymous_54)
FN:643,(anonymous_55)
FN:655,(anonymous_56)
FN:667,(anonymous_57)
FN:679,(anonymous_58)
FN:691,(anonymous_59)
FN:703,(anonymous_60)
FN:715,(anonymous_61)
FN:727,(anonymous_62)
FN:739,(anonymous_63)
FN:751,(anonymous_64)
FN:763,(anonymous_65)
FN:775,(anonymous_66)
FN:787,(anonymous_67)
FN:798,(anonymous_68)
FN:810,(anonymous_69)
FN:822,(anonymous_70)
FN:834,(anonymous_71)
FN:846,(anonymous_72)
FN:858,(anonymous_73)
FN:870,(anonymous_74)
FN:882,(anonymous_75)
FN:894,(anonymous_76)
FN:906,(anonymous_77)
FN:918,(anonymous_78)
FN:930,(anonymous_79)
FN:942,(anonymous_80)
FN:954,(anonymous_81)
FN:966,(anonymous_82)
FN:978,(anonymous_83)
FN:990,(anonymous_84)
FN:1002,(anonymous_85)
FN:1014,(anonymous_86)
FN:1026,(anonymous_87)
FN:1038,(anonymous_88)
FN:1049,(anonymous_89)
FN:1060,(anonymous_90)
FN:1071,(anonymous_91)
FN:1082,(anonymous_92)
FN:1094,(anonymous_93)
FN:1106,(anonymous_94)
FN:1118,(anonymous_95)
FN:1130,(anonymous_96)
FN:1142,(anonymous_97)
FN:1154,(anonymous_98)
FN:1166,(anonymous_99)
FN:1178,(anonymous_100)
FN:1190,(anonymous_101)
FN:1202,(anonymous_102)
FN:1214,(anonymous_103)
FN:1226,(anonymous_104)
FN:1238,(anonymous_105)
FN:1250,(anonymous_106)
FN:1262,(anonymous_107)
FN:1274,(anonymous_108)
FN:1286,(anonymous_109)
FN:1298,(anonymous_110)
FN:1309,(anonymous_111)
FN:1320,(anonymous_112)
FN:1332,(anonymous_113)
FN:1344,(anonymous_114)
FN:1356,(anonymous_115)
FN:1368,(anonymous_116)
FN:1379,(anonymous_117)
FN:1391,(anonymous_118)
FN:1403,(anonymous_119)
FN:1415,(anonymous_120)
FN:1427,(anonymous_121)
FN:1439,(anonymous_122)
FNF:123
FNH:0
FNDA:0,(anonymous_0)
FNDA:0,(anonymous_1)
FNDA:0,(anonymous_2)
FNDA:0,(anonymous_3)
FNDA:0,(anonymous_4)
FNDA:0,(anonymous_5)
FNDA:0,(anonymous_6)
FNDA:0,(anonymous_7)
FNDA:0,(anonymous_8)
FNDA:0,(anonymous_9)
FNDA:0,(anonymous_10)
FNDA:0,(anonymous_11)
FNDA:0,(anonymous_12)
FNDA:0,(anonymous_13)
FNDA:0,(anonymous_14)
FNDA:0,(anonymous_15)
FNDA:0,(anonymous_16)
FNDA:0,(anonymous_17)
FNDA:0,(anonymous_18)
FNDA:0,(anonymous_19)
FNDA:0,(anonymous_20)
FNDA:0,(anonymous_21)
FNDA:0,(anonymous_22)
FNDA:0,(anonymous_23)
FNDA:0,(anonymous_24)
FNDA:0,(anonymous_25)
FNDA:0,(anonymous_26)
FNDA:0,(anonymous_27)
FNDA:0,(anonymous_28)
FNDA:0,(anonymous_29)
FNDA:0,(anonymous_30)
FNDA:0,(anonymous_31)
FNDA:0,(anonymous_32)
FNDA:0,(anonymous_33)
FNDA:0,(anonymous_34)
FNDA:0,(anonymous_35)
FNDA:0,(anonymous_36)
FNDA:0,(anonymous_37)
FNDA:0,(anonymous_38)
FNDA:0,(anonymous_39)
FNDA:0,(anonymous_40)
FNDA:0,(anonymous_41)
FNDA:0,(anonymous_42)
FNDA:0,(anonymous_43)
FNDA:0,(anonymous_44)
FNDA:0,(anonymous_45)
FNDA:0,(anonymous_46)
FNDA:0,(anonymous_47)
FNDA:0,(anonymous_48)
FNDA:0,(anonymous_49)
FNDA:0,(anonymous_50)
FNDA:0,(anonymous_51)
FNDA:0,(anonymous_52)
FNDA:0,(anonymous_53)
FNDA:0,(anonymous_54)
FNDA:0,(anonymous_55)
FNDA:0,(anonymous_56)
FNDA:0,(anonymous_57)
FNDA:0,(anonymous_58)
FNDA:0,(anonymous_59)
FNDA:0,(anonymous_60)
FNDA:0,(anonymous_61)
FNDA:0,(anonymous_62)
FNDA:0,(anonymous_63)
FNDA:0,(anonymous_64)
FNDA:0,(anonymous_65)
FNDA:0,(anonymous_66)
FNDA:0,(anonymous_67)
FNDA:0,(anonymous_68)
FNDA:0,(anonymous_69)
FNDA:0,(anonymous_70)
FNDA:0,(anonymous_71)
FNDA:0,(anonymous_72)
FNDA:0,(anonymous_73)
FNDA:0,(anonymous_74)
FNDA:0,(anonymous_75)
FNDA:0,(anonymous_76)
FNDA:0,(anonymous_77)
FNDA:0,(anonymous_78)
FNDA:0,(anonymous_79)
FNDA:0,(anonymous_80)
FNDA:0,(anonymous_81)
FNDA:0,(anonymous_82)
FNDA:0,(anonymous_83)
FNDA:0,(anonymous_84)
FNDA:0,(anonymous_85)
FNDA:0,(anonymous_86)
FNDA:0,(anonymous_87)
FNDA:0,(anonymous_88)
FNDA:0,(anonymous_89)
FNDA:0,(anonymous_90)
FNDA:0,(anonymous_91)
FNDA:0,(anonymous_92)
FNDA:0,(anonymous_93)
FNDA:0,(anonymous_94)
FNDA:0,(anonymous_95)
FNDA:0,(anonymous_96)
FNDA:0,(anonymous_97)
FNDA:0,(anonymous_98)
FNDA:0,(anonymous_99)
FNDA:0,(anonymous_100)
FNDA:0,(anonymous_101)
FNDA:0,(anonymous_102)
FNDA:0,(anonymous_103)
FNDA:0,(anonymous_104)
FNDA:0,(anonymous_105)
FNDA:0,(anonymous_106)
FNDA:0,(anonymous_107)
FNDA:0,(anonymous_108)
FNDA:0,(anonymous_109)
FNDA:0,(anonymous_110)
FNDA:0,(anonymous_111)
FNDA:0,(anonymous_112)
FNDA:0,(anonymous_113)
FNDA:0,(anonymous_114)
FNDA:0,(anonymous_115)
FNDA:0,(anonymous_116)
FNDA:0,(anonymous_117)
FNDA:0,(anonymous_118)
FNDA:0,(anonymous_119)
FNDA:0,(anonymous_120)
FNDA:0,(anonymous_121)
FNDA:0,(anonymous_122)
DA:1,0
DA:11,0
DA:22,0
DA:33,0
DA:44,0
DA:55,0
DA:66,0
DA:77,0
DA:88,0
DA:99,0
DA:110,0
DA:121,0
DA:132,0
DA:143,0
DA:154,0
DA:165,0
DA:176,0
DA:187,0
DA:198,0
DA:209,0
DA:220,0
DA:231,0
DA:242,0
DA:253,0
DA:264,0
DA:275,0
DA:286,0
DA:298,0
DA:310,0
DA:322,0
DA:334,0
DA:346,0
DA:358,0
DA:370,0
DA:382,0
DA:394,0
DA:406,0
DA:418,0
DA:430,0
DA:442,0
DA:454,0
DA:466,0
DA:478,0
DA:490,0
DA:502,0
DA:514,0
DA:526,0
DA:538,0
DA:550,0
DA:562,0
DA:574,0
DA:586,0
DA:598,0
DA:610,0
DA:622,0
DA:634,0
DA:646,0
DA:658,0
DA:670,0
DA:682,0
DA:694,0
DA:706,0
DA:718,0
DA:730,0
DA:742,0
DA:754,0
DA:766,0
DA:778,0
DA:789,0
DA:801,0
DA:813,0
DA:825,0
DA:837,0
DA:849,0
DA:861,0
DA:873,0
DA:885,0
DA:897,0
DA:909,0
DA:921,0
DA:933,0
DA:945,0
DA:957,0
DA:969,0
DA:981,0
DA:993,0
DA:1005,0
DA:1017,0
DA:1029,0
DA:1040,0
DA:1051,0
DA:1062,0
DA:1073,0
DA:1085,0
DA:1097,0
DA:1109,0
DA:1121,0
DA:1133,0
DA:1145,0
DA:1157,0
DA:1169,0
DA:1181,0
DA:1193,0
DA:1205,0
DA:1217,0
DA:1229,0
DA:1241,0
DA:1253,0
DA:1265,0
DA:1277,0
DA:1289,0
DA:1300,0
DA:1311,0
DA:1323,0
DA:1335,0
DA:1347,0
DA:1359,0
DA:1370,0
DA:1382,0
DA:1394,0
DA:1406,0
DA:1418,0
DA:1430,0
DA:1442,0
LF:124
LH:0
BRDA:2,0,0,0
BRDA:2,0,1,0
BRF:2
BRH:0
end_of_record
TN:
SF:.next/static/chunks/polyfills.js
FN:9,(anonymous_0)
FN:20,(anonymous_1)
FN:32,(anonymous_2)
FN:43,(anonymous_3)
FNF:4
FNH:0
FNDA:0,(anonymous_0)
FNDA:0,(anonymous_1)
FNDA:0,(anonymous_2)
FNDA:0,(anonymous_3)
DA:1,0
DA:11,0
DA:23,0
DA:34,0
DA:45,0
LF:5
LH:0
BRDA:2,0,0,0
BRDA:2,0,1,0
BRF:2
BRH:0
end_of_record
TN:
SF:.next/static/chunks/react-refresh.js
FN:9,(anonymous_0)
FN:21,(anonymous_1)
FN:33,(anonymous_2)
FN:45,(anonymous_3)
FNF:4
FNH:0
FNDA:0,(anonymous_0)
FNDA:0,(anonymous_1)
FNDA:0,(anonymous_2)
FNDA:0,(anonymous_3)
DA:1,0
DA:12,0
DA:24,0
DA:36,0
DA:48,0
LF:5
LH:0
BRDA:2,0,0,0
BRDA:2,0,1,0
BRF:2
BRH:0
end_of_record
TN:
SF:.next/static/chunks/webpack.js
FN:1,(anonymous_0)
FN:3,webpackJsonpCallback
FN:35,checkDeferredModules
FN:52,hotDisposeChunk
FN:57,webpackHotUpdateCallback
FN:63,hotDownloadUpdateChunk
FN:72,hotDownloadManifest
FN:74,(anonymous_7)
FN:87,(anonymous_8)
FN:126,hotCreateRequire
FN:129,(anonymous_10)
FN:153,ObjectFactory
FN:157,(anonymous_12)
FN:160,(anonymous_13)
FN:174,(anonymous_14)
FN:177,(anonymous_15)
FN:182,finishChunkLoading
FN:194,(anonymous_17)
FN:202,hotCreateModule
FN:215,(anonymous_19)
FN:220,(anonymous_20)
FN:221,(anonymous_21)
FN:223,(anonymous_22)
FN:230,(anonymous_23)
FN:233,(anonymous_24)
FN:236,(anonymous_25)
FN:240,(anonymous_26)
FN:267,(anonymous_27)
FN:271,(anonymous_28)
FN:274,(anonymous_29)
FN:289,hotSetStatus
FN:306,toModuleId
FN:311,hotCheck
FN:317,(anonymous_33)
FN:328,(anonymous_34)
FN:352,hotAddUpdateChunk
FN:366,hotEnsureUpdateChunk
FN:376,hotUpdateDownloaded
FN:386,(anonymous_38)
FN:390,(anonymous_39)
FN:393,(anonymous_40)
FN:408,hotApply
FN:415,hotApplyInternal
FN:424,getAffectedStuff
FN:428,(anonymous_44)
FN:494,addAllToSet
FN:507,warnUnexpectedRequire
FN:625,(anonymous_47)
FN:791,(anonymous_48)
FN:792,(anonymous_49)
FN:800,(anonymous_50)
FN:805,hotApplyInvalidatedModules
FN:814,hotApplyInvalidatedModule
FN:832,jsonpScriptSrc
FN:838,(anonymous_54)
FN:839,(anonymous_55)
FN:840,(anonymous_56)
FN:847,__webpack_require__
FN:870,(anonymous_58)
FN:893,requireEnsure
FN:907,(anonymous_60)
FN:925,(anonymous_61)
FN:943,(anonymous_62)
FN:960,(anonymous_63)
FN:967,(anonymous_64)
FN:979,(anonymous_65)
FN:986,(anonymous_66)
FN:991,(anonymous_67)
FN:993,getDefault
FN:994,getModuleExports
FN:1000,(anonymous_70)
FN:1006,(anonymous_71)
FN:1009,(anonymous_72)
FNF:73
FNH:0
FNDA:0,(anonymous_0)
FNDA:0,webpackJsonpCallback
FNDA:0,checkDeferredModules
FNDA:0,hotDisposeChunk
FNDA:0,webpackHotUpdateCallback
FNDA:0,hotDownloadUpdateChunk
FNDA:0,hotDownloadManifest
FNDA:0,(anonymous_7)
FNDA:0,(anonymous_8)
FNDA:0,hotCreateRequire
FNDA:0,(anonymous_10)
FNDA:0,ObjectFactory
FNDA:0,(anonymous_12)
FNDA:0,(anonymous_13)
FNDA:0,(anonymous_14)
FNDA:0,(anonymous_15)
FNDA:0,finishChunkLoading
FNDA:0,(anonymous_17)
FNDA:0,hotCreateModule
FNDA:0,(anonymous_19)
FNDA:0,(anonymous_20)
FNDA:0,(anonymous_21)
FNDA:0,(anonymous_22)
FNDA:0,(anonymous_23)
FNDA:0,(anonymous_24)
FNDA:0,(anonymous_25)
FNDA:0,(anonymous_26)
FNDA:0,(anonymous_27)
FNDA:0,(anonymous_28)
FNDA:0,(anonymous_29)
FNDA:0,hotSetStatus
FNDA:0,toModuleId
FNDA:0,hotCheck
FNDA:0,(anonymous_33)
FNDA:0,(anonymous_34)
FNDA:0,hotAddUpdateChunk
FNDA:0,hotEnsureUpdateChunk
FNDA:0,hotUpdateDownloaded
FNDA:0,(anonymous_38)
FNDA:0,(anonymous_39)
FNDA:0,(anonymous_40)
FNDA:0,hotApply
FNDA:0,hotApplyInternal
FNDA:0,getAffectedStuff
FNDA:0,(anonymous_44)
FNDA:0,addAllToSet
FNDA:0,warnUnexpectedRequire
FNDA:0,(anonymous_47)
FNDA:0,(anonymous_48)
FNDA:0,(anonymous_49)
FNDA:0,(anonymous_50)
FNDA:0,hotApplyInvalidatedModules
FNDA:0,hotApplyInvalidatedModule
FNDA:0,jsonpScriptSrc
FNDA:0,(anonymous_54)
FNDA:0,(anonymous_55)
FNDA:0,(anonymous_56)
FNDA:0,__webpack_require__
FNDA:0,(anonymous_58)
FNDA:0,requireEnsure
FNDA:0,(anonymous_60)
FNDA:0,(anonymous_61)
FNDA:0,(anonymous_62)
FNDA:0,(anonymous_63)
FNDA:0,(anonymous_64)
FNDA:0,(anonymous_65)
FNDA:0,(anonymous_66)
FNDA:0,(anonymous_67)
FNDA:0,getDefault
FNDA:0,getModuleExports
FNDA:0,(anonymous_70)
FNDA:0,(anonymous_71)
FNDA:0,(anonymous_72)
DA:1,0
DA:4,0
DA:5,0
DA:6,0
DA:10,0
DA:11,0
DA:12,0
DA:13,0
DA:14,0
DA:16,0
DA:18,0
DA:19,0
DA:20,0
DA:23,0
DA:25,0
DA:26,0
DA:30,0
DA:33,0
DA:37,0
DA:38,0
DA:39,0
DA:40,0
DA:41,0
DA:42,0
DA:44,0
DA:45,0
DA:46,0
DA:50,0
DA:53,0
DA:55,0
DA:56,0
DA:58,0
DA:59,0
DA:64,0
DA:65,0
DA:66,0
DA:67,0
DA:68,0
DA:73,0
DA:74,0
DA:75,0
DA:76,0
DA:78,0
DA:79,0
DA:80,0
DA:81,0
DA:82,0
DA:83,0
DA:85,0
DA:87,0
DA:88,0
DA:89,0
DA:91,0
DA:94,0
DA:96,0
DA:97,0
DA:99,0
DA:102,0
DA:103,0
DA:105,0
DA:106,0
DA:108,0
DA:114,0
DA:116,0
DA:117,0
DA:118,0
DA:121,0
DA:123,0
DA:127,0
DA:128,0
DA:129,0
DA:130,0
DA:131,0
DA:132,0
DA:133,0
DA:136,0
DA:137,0
DA:139,0
DA:140,0
DA:143,0
DA:149,0
DA:151,0
DA:153,0
DA:154,0
DA:158,0
DA:161,0
DA:165,0
DA:166,0
DA:171,0
DA:174,0
DA:175,0
DA:176,0
DA:177,0
DA:178,0
DA:179,0
DA:183,0
DA:184,0
DA:185,0
DA:186,0
DA:188,0
DA:189,0
DA:194,0
DA:195,0
DA:196,0
DA:198,0
DA:203,0
DA:216,0
DA:217,0
DA:218,0
DA:219,0
DA:220,0
DA:221,0
DA:224,0
DA:225,0
DA:226,0
DA:227,0
DA:228,0
DA:231,0
DA:234,0
DA:237,0
DA:238,0
DA:241,0
DA:242,0
DA:244,0
DA:245,0
DA:246,0
DA:247,0
DA:249,0
DA:250,0
DA:255,0
DA:257,0
DA:260,0
DA:268,0
DA:269,0
DA:272,0
DA:275,0
DA:276,0
DA:282,0
DA:283,0
DA:286,0
DA:287,0
DA:290,0
DA:291,0
DA:292,0
DA:296,0
DA:297,0
DA:298,0
DA:299,0
DA:300,0
DA:307,0
DA:308,0
DA:312,0
DA:313,0
DA:315,0
DA:316,0
DA:317,0
DA:318,0
DA:319,0
DA:320,0
DA:322,0
DA:323,0
DA:324,0
DA:325,0
DA:327,0
DA:328,0
DA:329,0
DA:334,0
DA:335,0
DA:338,0
DA:340,0
DA:345,0
DA:347,0
DA:353,0
DA:354,0
DA:355,0
DA:356,0
DA:357,0
DA:358,0
DA:361,0
DA:362,0
DA:367,0
DA:368,0
DA:370,0
DA:371,0
DA:372,0
DA:377,0
DA:378,0
DA:379,0
DA:380,0
DA:381,0
DA:385,0
DA:387,0
DA:391,0
DA:394,0
DA:398,0
DA:399,0
DA:400,0
DA:401,0
DA:404,0
DA:409,0
DA:410,0
DA:411,0
DA:412,0
DA:416,0
DA:425,0
DA:426,0
DA:428,0
DA:429,0
DA:434,0
DA:435,0
DA:436,0
DA:437,0
DA:438,0
DA:439,0
DA:443,0
DA:444,0
DA:445,0
DA:451,0
DA:452,0
DA:458,0
DA:459,0
DA:460,0
DA:461,0
DA:462,0
DA:463,0
DA:470,0
DA:471,0
DA:472,0
DA:473,0
DA:474,0
DA:475,0
DA:477,0
DA:478,0
DA:479,0
DA:486,0
DA:495,0
DA:496,0
DA:497,0
DA:503,0
DA:504,0
DA:505,0
DA:507,0
DA:508,0
DA:513,0
DA:514,0
DA:515,0
DA:518,0
DA:519,0
DA:521,0
DA:527,0
DA:528,0
DA:529,0
DA:530,0
DA:531,0
DA:532,0
DA:534,0
DA:536,0
DA:537,0
DA:538,0
DA:543,0
DA:545,0
DA:546,0
DA:547,0
DA:554,0
DA:556,0
DA:557,0
DA:558,0
DA:561,0
DA:563,0
DA:564,0
DA:565,0
DA:567,0
DA:568,0
DA:569,0
DA:571,0
DA:573,0
DA:574,0
DA:575,0
DA:577,0
DA:578,0
DA:579,0
DA:580,0
DA:581,0
DA:587,0
DA:588,0
DA:589,0
DA:596,0
DA:597,0
DA:598,0
DA:604,0
DA:605,0
DA:606,0
DA:607,0
DA:615,0
DA:624,0
DA:625,0
DA:626,0
DA:627,0
DA:632,0
DA:633,0
DA:634,0
DA:635,0
DA:636,0
DA:638,0
DA:641,0
DA:642,0
DA:643,0
DA:644,0
DA:646,0
DA:649,0
DA:652,0
DA:655,0
DA:658,0
DA:659,0
DA:660,0
DA:661,0
DA:662,0
DA:663,0
DA:671,0
DA:672,0
DA:675,0
DA:676,0
DA:677,0
DA:678,0
DA:679,0
DA:680,0
DA:681,0
DA:688,0
DA:690,0
DA:691,0
DA:692,0
DA:694,0
DA:697,0
DA:698,0
DA:699,0
DA:704,0
DA:705,0
DA:706,0
DA:709,0
DA:710,0
DA:711,0
DA:712,0
DA:713,0
DA:714,0
DA:715,0
DA:716,0
DA:717,0
DA:718,0
DA:721,0
DA:722,0
DA:723,0
DA:724,0
DA:726,0
DA:727,0
DA:734,0
DA:735,0
DA:744,0
DA:745,0
DA:746,0
DA:747,0
DA:748,0
DA:749,0
DA:750,0
DA:752,0
DA:753,0
DA:754,0
DA:756,0
DA:757,0
DA:764,0
DA:765,0
DA:767,0
DA:770,0
DA:771,0
DA:777,0
DA:778,0
DA:785,0
DA:786,0
DA:787,0
DA:790,0
DA:791,0
DA:792,0
DA:793,0
DA:795,0
DA:799,0
DA:800,0
DA:801,0
DA:806,0
DA:807,0
DA:808,0
DA:809,0
DA:810,0
DA:815,0
DA:816,0
DA:820,0
DA:825,0
DA:829,0
DA:833,0
DA:837,0
DA:838,0
DA:839,0
DA:840,0
DA:841,0
DA:850,0
DA:851,0
DA:854,0
DA:864,0
DA:865,0
DA:867,0
DA:868,0
DA:871,0
DA:873,0
DA:876,0
DA:879,0
DA:881,0
DA:885,0
DA:888,0
DA:893,0
DA:894,0
DA:899,0
DA:900,0
DA:903,0
DA:904,0
DA:907,0
DA:908,0
DA:910,0
DA:913,0
DA:916,0
DA:917,0
DA:918,0
DA:919,0
DA:921,0
DA:924,0
DA:925,0
DA:927,0
DA:928,0
DA:929,0
DA:930,0
DA:931,0
DA:932,0
DA:933,0
DA:934,0
DA:935,0
DA:936,0
DA:937,0
DA:938,0
DA:940,0
DA:943,0
DA:944,0
DA:946,0
DA:947,0
DA:950,0
DA:954,0
DA:957,0
DA:960,0
DA:961,0
DA:962,0
DA:967,0
DA:968,0
DA:969,0
DA:971,0
DA:979,0
DA:980,0
DA:981,0
DA:982,0
DA:983,0
DA:984,0
DA:985,0
DA:986,0
DA:987,0
DA:991,0
DA:992,0
DA:993,0
DA:994,0
DA:995,0
DA:996,0
DA:1000,0
DA:1003,0
DA:1006,0
DA:1009,0
DA:1011,0
DA:1012,0
DA:1013,0
DA:1014,0
DA:1015,0
DA:1016,0
DA:1020,0
LF:486
LH:0
BRDA:13,0,0,0
BRDA:13,0,1,0
BRDA:13,1,0,0
BRDA:13,1,1,0
BRDA:19,2,0,0
BRDA:19,2,1,0
BRDA:23,3,0,0
BRDA:23,3,1,0
BRDA:30,4,0,0
BRDA:30,4,1,0
BRDA:42,5,0,0
BRDA:42,5,1,0
BRDA:44,6,0,0
BRDA:44,6,1,0
BRDA:59,7,0,0
BRDA:59,7,1,0
BRDA:67,8,0,0
BRDA:67,8,1,0
BRDA:73,9,0,0
BRDA:73,9,1,0
BRDA:75,10,0,0
BRDA:75,10,1,0
BRDA:88,11,0,0
BRDA:88,11,1,0
BRDA:89,12,0,0
BRDA:89,12,1,0
BRDA:94,13,0,0
BRDA:94,13,1,0
BRDA:97,14,0,0
BRDA:97,14,1,0
BRDA:97,15,0,0
BRDA:97,15,1,0
BRDA:128,16,0,0
BRDA:128,16,1,0
BRDA:130,17,0,0
BRDA:130,17,1,0
BRDA:131,18,0,0
BRDA:131,18,1,0
BRDA:132,19,0,0
BRDA:132,19,1,0
BRDA:139,20,0,0
BRDA:139,20,1,0
BRDA:166,21,0,0
BRDA:166,21,1,0
BRDA:167,22,0,0
BRDA:167,22,1,0
BRDA:167,22,2,0
BRDA:175,23,0,0
BRDA:175,23,1,0
BRDA:184,24,0,0
BRDA:184,24,1,0
BRDA:185,25,0,0
BRDA:185,25,1,0
BRDA:188,26,0,0
BRDA:188,26,1,0
BRDA:188,27,0,0
BRDA:188,27,1,0
BRDA:195,28,0,0
BRDA:195,28,1,0
BRDA:216,29,0,0
BRDA:216,29,1,0
BRDA:217,30,0,0
BRDA:217,30,1,0
BRDA:218,31,0,0
BRDA:218,31,1,0
BRDA:220,32,0,0
BRDA:220,32,1,0
BRDA:221,33,0,0
BRDA:221,33,1,0
BRDA:224,34,0,0
BRDA:224,34,1,0
BRDA:225,35,0,0
BRDA:225,35,1,0
BRDA:238,36,0,0
BRDA:238,36,1,0
BRDA:242,37,0,0
BRDA:242,37,1,0
BRDA:242,37,2,0
BRDA:242,37,3,0
BRDA:242,37,4,0
BRDA:242,37,5,0
BRDA:242,37,6,0
BRDA:256,38,0,0
BRDA:256,38,1,0
BRDA:268,39,0,0
BRDA:268,39,1,0
BRDA:276,40,0,0
BRDA:276,40,1,0
BRDA:308,41,0,0
BRDA:308,41,1,0
BRDA:312,42,0,0
BRDA:312,42,1,0
BRDA:318,43,0,0
BRDA:318,43,1,0
BRDA:319,44,0,0
BRDA:319,44,1,0
BRDA:340,45,0,0
BRDA:340,45,1,0
BRDA:341,46,0,0
BRDA:341,46,1,0
BRDA:341,46,2,0
BRDA:353,47,0,0
BRDA:353,47,1,0
BRDA:353,48,0,0
BRDA:353,48,1,0
BRDA:357,49,0,0
BRDA:357,49,1,0
BRDA:361,50,0,0
BRDA:361,50,1,0
BRDA:361,51,0,0
BRDA:361,51,1,0
BRDA:367,52,0,0
BRDA:367,52,1,0
BRDA:380,53,0,0
BRDA:380,53,1,0
BRDA:381,54,0,0
BRDA:381,54,1,0
BRDA:400,55,0,0
BRDA:400,55,1,0
BRDA:409,56,0,0
BRDA:409,56,1,0
BRDA:411,57,0,0
BRDA:411,57,1,0
BRDA:439,58,0,0
BRDA:439,58,1,0
BRDA:440,59,0,0
BRDA:440,59,1,0
BRDA:440,59,2,0
BRDA:444,60,0,0
BRDA:444,60,1,0
BRDA:451,61,0,0
BRDA:451,61,1,0
BRDA:461,62,0,0
BRDA:461,62,1,0
BRDA:462,63,0,0
BRDA:462,63,1,0
BRDA:470,64,0,0
BRDA:470,64,1,0
BRDA:471,65,0,0
BRDA:471,65,1,0
BRDA:472,66,0,0
BRDA:472,66,1,0
BRDA:497,67,0,0
BRDA:497,67,1,0
BRDA:514,68,0,0
BRDA:514,68,1,0
BRDA:518,69,0,0
BRDA:518,69,1,0
BRDA:531,70,0,0
BRDA:531,70,1,0
BRDA:534,71,0,0
BRDA:534,71,1,0
BRDA:534,71,2,0
BRDA:534,71,3,0
BRDA:534,71,4,0
BRDA:534,71,5,0
BRDA:536,72,0,0
BRDA:536,72,1,0
BRDA:537,73,0,0
BRDA:537,73,1,0
BRDA:545,74,0,0
BRDA:545,74,1,0
BRDA:546,75,0,0
BRDA:546,75,1,0
BRDA:556,76,0,0
BRDA:556,76,1,0
BRDA:557,77,0,0
BRDA:557,77,1,0
BRDA:563,78,0,0
BRDA:563,78,1,0
BRDA:567,79,0,0
BRDA:567,79,1,0
BRDA:573,80,0,0
BRDA:573,80,1,0
BRDA:577,81,0,0
BRDA:577,81,1,0
BRDA:581,82,0,0
BRDA:581,82,1,0
BRDA:587,83,0,0
BRDA:587,83,1,0
BRDA:596,84,0,0
BRDA:596,84,1,0
BRDA:607,85,0,0
BRDA:607,85,1,0
BRDA:608,86,0,0
BRDA:608,86,1,0
BRDA:608,86,2,0
BRDA:608,86,3,0
BRDA:626,87,0,0
BRDA:626,87,1,0
BRDA:636,88,0,0
BRDA:636,88,1,0
BRDA:660,89,0,0
BRDA:660,89,1,0
BRDA:662,90,0,0
BRDA:662,90,1,0
BRDA:672,91,0,0
BRDA:672,91,1,0
BRDA:676,92,0,0
BRDA:676,92,1,0
BRDA:681,93,0,0
BRDA:681,93,1,0
BRDA:690,94,0,0
BRDA:690,94,1,0
BRDA:698,95,0,0
BRDA:698,95,1,0
BRDA:706,96,0,0
BRDA:706,96,1,0
BRDA:710,97,0,0
BRDA:710,97,1,0
BRDA:716,98,0,0
BRDA:716,98,1,0
BRDA:717,99,0,0
BRDA:717,99,1,0
BRDA:726,100,0,0
BRDA:726,100,1,0
BRDA:734,101,0,0
BRDA:734,101,1,0
BRDA:735,102,0,0
BRDA:735,102,1,0
BRDA:752,103,0,0
BRDA:752,103,1,0
BRDA:756,104,0,0
BRDA:756,104,1,0
BRDA:764,105,0,0
BRDA:764,105,1,0
BRDA:765,106,0,0
BRDA:765,106,1,0
BRDA:767,107,0,0
BRDA:767,107,1,0
BRDA:770,108,0,0
BRDA:770,108,1,0
BRDA:777,109,0,0
BRDA:777,109,1,0
BRDA:778,110,0,0
BRDA:778,110,1,0
BRDA:785,111,0,0
BRDA:785,111,1,0
BRDA:790,112,0,0
BRDA:790,112,1,0
BRDA:793,113,0,0
BRDA:793,113,1,0
BRDA:806,114,0,0
BRDA:806,114,1,0
BRDA:807,115,0,0
BRDA:807,115,1,0
BRDA:815,116,0,0
BRDA:815,116,1,0
BRDA:833,117,0,0
BRDA:833,117,1,0
BRDA:837,118,0,0
BRDA:837,118,1,0
BRDA:850,119,0,0
BRDA:850,119,1,0
BRDA:867,120,0,0
BRDA:867,120,1,0
BRDA:868,121,0,0
BRDA:868,121,1,0
BRDA:881,122,0,0
BRDA:881,122,1,0
BRDA:900,123,0,0
BRDA:900,123,1,0
BRDA:903,124,0,0
BRDA:903,124,1,0
BRDA:918,125,0,0
BRDA:918,125,1,0
BRDA:930,126,0,0
BRDA:930,126,1,0
BRDA:931,127,0,0
BRDA:931,127,1,0
BRDA:932,128,0,0
BRDA:932,128,1,0
BRDA:932,129,0,0
BRDA:932,129,1,0
BRDA:933,130,0,0
BRDA:933,130,1,0
BRDA:933,130,2,0
BRDA:961,131,0,0
BRDA:961,131,1,0
BRDA:968,132,0,0
BRDA:968,132,1,0
BRDA:968,133,0,0
BRDA:968,133,1,0
BRDA:980,134,0,0
BRDA:980,134,1,0
BRDA:981,135,0,0
BRDA:981,135,1,0
BRDA:982,136,0,0
BRDA:982,136,1,0
BRDA:982,137,0,0
BRDA:982,137,1,0
BRDA:982,137,2,0
BRDA:982,137,3,0
BRDA:986,138,0,0
BRDA:986,138,1,0
BRDA:986,139,0,0
BRDA:986,139,1,0
BRDA:992,140,0,0
BRDA:992,140,1,0
BRDA:992,141,0,0
BRDA:992,141,1,0
BRDA:1011,142,0,0
BRDA:1011,142,1,0
BRF:303
BRH:0
end_of_record
TN:
SF:.next/static/chunks/pages/404.js
FN:9,(anonymous_0)
FN:20,(anonymous_1)
FN:31,(anonymous_2)
FN:42,(anonymous_3)
FN:53,(anonymous_4)
FN:64,(anonymous_5)
FN:75,(anonymous_6)
FN:86,(anonymous_7)
FN:97,(anonymous_8)
FN:108,(anonymous_9)
FN:119,(anonymous_10)
FN:130,(anonymous_11)
FN:141,(anonymous_12)
FN:152,(anonymous_13)
FN:163,(anonymous_14)
FN:174,(anonymous_15)
FN:185,(anonymous_16)
FN:197,(anonymous_17)
FN:208,(anonymous_18)
FN:220,(anonymous_19)
FN:232,(anonymous_20)
FN:244,(anonymous_21)
FN:256,(anonymous_22)
FN:268,(anonymous_23)
FN:280,(anonymous_24)
FN:292,(anonymous_25)
FN:303,(anonymous_26)
FN:314,(anonymous_27)
FN:326,(anonymous_28)
FN:338,(anonymous_29)
FN:350,(anonymous_30)
FN:362,(anonymous_31)
FN:374,(anonymous_32)
FN:386,(anonymous_33)
FN:398,(anonymous_34)
FN:410,(anonymous_35)
FN:422,(anonymous_36)
FN:434,(anonymous_37)
FN:446,(anonymous_38)
FN:458,(anonymous_39)
FN:470,(anonymous_40)
FN:482,(anonymous_41)
FN:493,(anonymous_42)
FN:505,(anonymous_43)
FN:517,(anonymous_44)
FN:528,(anonymous_45)
FN:540,(anonymous_46)
FN:552,(anonymous_47)
FN:564,(anonymous_48)
FN:576,(anonymous_49)
FN:587,(anonymous_50)
FNF:51
FNH:0
FNDA:0,(anonymous_0)
FNDA:0,(anonymous_1)
FNDA:0,(anonymous_2)
FNDA:0,(anonymous_3)
FNDA:0,(anonymous_4)
FNDA:0,(anonymous_5)
FNDA:0,(anonymous_6)
FNDA:0,(anonymous_7)
FNDA:0,(anonymous_8)
FNDA:0,(anonymous_9)
FNDA:0,(anonymous_10)
FNDA:0,(anonymous_11)
FNDA:0,(anonymous_12)
FNDA:0,(anonymous_13)
FNDA:0,(anonymous_14)
FNDA:0,(anonymous_15)
FNDA:0,(anonymous_16)
FNDA:0,(anonymous_17)
FNDA:0,(anonymous_18)
FNDA:0,(anonymous_19)
FNDA:0,(anonymous_20)
FNDA:0,(anonymous_21)
FNDA:0,(anonymous_22)
FNDA:0,(anonymous_23)
FNDA:0,(anonymous_24)
FNDA:0,(anonymous_25)
FNDA:0,(anonymous_26)
FNDA:0,(anonymous_27)
FNDA:0,(anonymous_28)
FNDA:0,(anonymous_29)
FNDA:0,(anonymous_30)
FNDA:0,(anonymous_31)
FNDA:0,(anonymous_32)
FNDA:0,(anonymous_33)
FNDA:0,(anonymous_34)
FNDA:0,(anonymous_35)
FNDA:0,(anonymous_36)
FNDA:0,(anonymous_37)
FNDA:0,(anonymous_38)
FNDA:0,(anonymous_39)
FNDA:0,(anonymous_40)
FNDA:0,(anonymous_41)
FNDA:0,(anonymous_42)
FNDA:0,(anonymous_43)
FNDA:0,(anonymous_44)
FNDA:0,(anonymous_45)
FNDA:0,(anonymous_46)
FNDA:0,(anonymous_47)
FNDA:0,(anonymous_48)
FNDA:0,(anonymous_49)
FNDA:0,(anonymous_50)
DA:1,0
DA:11,0
DA:22,0
DA:33,0
DA:44,0
DA:55,0
DA:66,0
DA:77,0
DA:88,0
DA:99,0
DA:110,0
DA:121,0
DA:132,0
DA:143,0
DA:154,0
DA:165,0
DA:176,0
DA:188,0
DA:199,0
DA:211,0
DA:223,0
DA:235,0
DA:247,0
DA:259,0
DA:271,0
DA:283,0
DA:294,0
DA:305,0
DA:317,0
DA:329,0
DA:341,0
DA:353,0
DA:365,0
DA:377,0
DA:389,0
DA:401,0
DA:413,0
DA:425,0
DA:437,0
DA:449,0
DA:461,0
DA:473,0
DA:484,0
DA:496,0
DA:508,0
DA:519,0
DA:531,0
DA:543,0
DA:555,0
DA:567,0
DA:578,0
DA:590,0
LF:52
LH:0
BRDA:2,0,0,0
BRDA:2,0,1,0
BRF:2
BRH:0
end_of_record
TN:
SF:.next/static/chunks/pages/_app.js
FN:9,(anonymous_0)
FN:21,(anonymous_1)
FN:32,(anonymous_2)
FN:43,(anonymous_3)
FN:54,(anonymous_4)
FN:65,(anonymous_5)
FN:76,(anonymous_6)
FN:87,(anonymous_7)
FN:98,(anonymous_8)
FN:110,(anonymous_9)
FN:121,(anonymous_10)
FN:132,(anonymous_11)
FN:143,(anonymous_12)
FN:154,(anonymous_13)
FN:165,(anonymous_14)
FN:176,(anonymous_15)
FN:187,(anonymous_16)
FN:198,(anonymous_17)
FN:209,(anonymous_18)
FN:220,(anonymous_19)
FN:232,(anonymous_20)
FN:243,(anonymous_21)
FN:255,(anonymous_22)
FN:267,(anonymous_23)
FN:279,(anonymous_24)
FN:291,(anonymous_25)
FN:303,(anonymous_26)
FN:315,(anonymous_27)
FN:326,(anonymous_28)
FN:337,(anonymous_29)
FN:349,(anonymous_30)
FN:360,(anonymous_31)
FN:371,(anonymous_32)
FN:383,(anonymous_33)
FN:395,(anonymous_34)
FN:407,(anonymous_35)
FN:419,(anonymous_36)
FN:431,(anonymous_37)
FN:443,(anonymous_38)
FN:455,(anonymous_39)
FN:467,(anonymous_40)
FN:479,(anonymous_41)
FN:491,(anonymous_42)
FN:503,(anonymous_43)
FN:515,(anonymous_44)
FN:527,(anonymous_45)
FN:539,(anonymous_46)
FN:551,(anonymous_47)
FN:563,(anonymous_48)
FN:575,(anonymous_49)
FN:587,(anonymous_50)
FN:599,(anonymous_51)
FN:611,(anonymous_52)
FN:622,(anonymous_53)
FN:634,(anonymous_54)
FN:645,(anonymous_55)
FNF:56
FNH:0
FNDA:0,(anonymous_0)
FNDA:0,(anonymous_1)
FNDA:0,(anonymous_2)
FNDA:0,(anonymous_3)
FNDA:0,(anonymous_4)
FNDA:0,(anonymous_5)
FNDA:0,(anonymous_6)
FNDA:0,(anonymous_7)
FNDA:0,(anonymous_8)
FNDA:0,(anonymous_9)
FNDA:0,(anonymous_10)
FNDA:0,(anonymous_11)
FNDA:0,(anonymous_12)
FNDA:0,(anonymous_13)
FNDA:0,(anonymous_14)
FNDA:0,(anonymous_15)
FNDA:0,(anonymous_16)
FNDA:0,(anonymous_17)
FNDA:0,(anonymous_18)
FNDA:0,(anonymous_19)
FNDA:0,(anonymous_20)
FNDA:0,(anonymous_21)
FNDA:0,(anonymous_22)
FNDA:0,(anonymous_23)
FNDA:0,(anonymous_24)
FNDA:0,(anonymous_25)
FNDA:0,(anonymous_26)
FNDA:0,(anonymous_27)
FNDA:0,(anonymous_28)
FNDA:0,(anonymous_29)
FNDA:0,(anonymous_30)
FNDA:0,(anonymous_31)
FNDA:0,(anonymous_32)
FNDA:0,(anonymous_33)
FNDA:0,(anonymous_34)
FNDA:0,(anonymous_35)
FNDA:0,(anonymous_36)
FNDA:0,(anonymous_37)
FNDA:0,(anonymous_38)
FNDA:0,(anonymous_39)
FNDA:0,(anonymous_40)
FNDA:0,(anonymous_41)
FNDA:0,(anonymous_42)
FNDA:0,(anonymous_43)
FNDA:0,(anonymous_44)
FNDA:0,(anonymous_45)
FNDA:0,(anonymous_46)
FNDA:0,(anonymous_47)
FNDA:0,(anonymous_48)
FNDA:0,(anonymous_49)
FNDA:0,(anonymous_50)
FNDA:0,(anonymous_51)
FNDA:0,(anonymous_52)
FNDA:0,(anonymous_53)
FNDA:0,(anonymous_54)
FNDA:0,(anonymous_55)
DA:1,0
DA:12,0
DA:23,0
DA:34,0
DA:45,0
DA:56,0
DA:67,0
DA:78,0
DA:89,0
DA:101,0
DA:112,0
DA:123,0
DA:134,0
DA:145,0
DA:156,0
DA:167,0
DA:178,0
DA:189,0
DA:200,0
DA:211,0
DA:223,0
DA:234,0
DA:246,0
DA:258,0
DA:270,0
DA:282,0
DA:294,0
DA:306,0
DA:317,0
DA:328,0
DA:340,0
DA:351,0
DA:362,0
DA:374,0
DA:386,0
DA:398,0
DA:410,0
DA:422,0
DA:434,0
DA:446,0
DA:458,0
DA:470,0
DA:482,0
DA:494,0
DA:506,0
DA:518,0
DA:530,0
DA:542,0
DA:554,0
DA:566,0
DA:578,0
DA:590,0
DA:602,0
DA:613,0
DA:625,0
DA:636,0
DA:647,0
DA:648,0
LF:58
LH:0
BRDA:2,0,0,0
BRDA:2,0,1,0
BRF:2
BRH:0
end_of_record
TN:
SF:.next/static/chunks/pages/_error.js
FN:9,(anonymous_0)
FN:20,(anonymous_1)
FN:31,(anonymous_2)
FN:42,(anonymous_3)
FN:53,(anonymous_4)
FN:64,(anonymous_5)
FN:75,(anonymous_6)
FN:86,(anonymous_7)
FN:97,(anonymous_8)
FN:108,(anonymous_9)
FN:119,(anonymous_10)
FN:130,(anonymous_11)
FN:141,(anonymous_12)
FN:152,(anonymous_13)
FN:163,(anonymous_14)
FN:174,(anonymous_15)
FN:185,(anonymous_16)
FN:197,(anonymous_17)
FN:208,(anonymous_18)
FN:219,(anonymous_19)
FN:231,(anonymous_20)
FN:243,(anonymous_21)
FN:255,(anonymous_22)
FN:267,(anonymous_23)
FN:279,(anonymous_24)
FN:291,(anonymous_25)
FN:303,(anonymous_26)
FNF:27
FNH:0
FNDA:0,(anonymous_0)
FNDA:0,(anonymous_1)
FNDA:0,(anonymous_2)
FNDA:0,(anonymous_3)
FNDA:0,(anonymous_4)
FNDA:0,(anonymous_5)
FNDA:0,(anonymous_6)
FNDA:0,(anonymous_7)
FNDA:0,(anonymous_8)
FNDA:0,(anonymous_9)
FNDA:0,(anonymous_10)
FNDA:0,(anonymous_11)
FNDA:0,(anonymous_12)
FNDA:0,(anonymous_13)
FNDA:0,(anonymous_14)
FNDA:0,(anonymous_15)
FNDA:0,(anonymous_16)
FNDA:0,(anonymous_17)
FNDA:0,(anonymous_18)
FNDA:0,(anonymous_19)
FNDA:0,(anonymous_20)
FNDA:0,(anonymous_21)
FNDA:0,(anonymous_22)
FNDA:0,(anonymous_23)
FNDA:0,(anonymous_24)
FNDA:0,(anonymous_25)
FNDA:0,(anonymous_26)
DA:1,0
DA:11,0
DA:22,0
DA:33,0
DA:44,0
DA:55,0
DA:66,0
DA:77,0
DA:88,0
DA:99,0
DA:110,0
DA:121,0
DA:132,0
DA:143,0
DA:154,0
DA:165,0
DA:176,0
DA:188,0
DA:199,0
DA:210,0
DA:222,0
DA:234,0
DA:246,0
DA:258,0
DA:270,0
DA:282,0
DA:294,0
DA:306,0
LF:28
LH:0
BRDA:2,0,0,0
BRDA:2,0,1,0
BRF:2
BRH:0
end_of_record
TN:
SF:.next/static/chunks/pages/index.js
FN:9,(anonymous_0)
FN:21,(anonymous_1)
FN:32,(anonymous_2)
FN:43,(anonymous_3)
FN:54,(anonymous_4)
FN:65,(anonymous_5)
FN:76,(anonymous_6)
FN:87,(anonymous_7)
FN:98,(anonymous_8)
FN:109,(anonymous_9)
FN:120,(anonymous_10)
FN:131,(anonymous_11)
FN:142,(anonymous_12)
FN:153,(anonymous_13)
FN:164,(anonymous_14)
FN:175,(anonymous_15)
FN:186,(anonymous_16)
FN:197,(anonymous_17)
FN:208,(anonymous_18)
FN:219,(anonymous_19)
FN:230,(anonymous_20)
FN:241,(anonymous_21)
FN:252,(anonymous_22)
FN:263,(anonymous_23)
FN:274,(anonymous_24)
FN:285,(anonymous_25)
FN:296,(anonymous_26)
FN:307,(anonymous_27)
FN:319,(anonymous_28)
FN:330,(anonymous_29)
FN:342,(anonymous_30)
FN:354,(anonymous_31)
FN:366,(anonymous_32)
FN:378,(anonymous_33)
FN:390,(anonymous_34)
FN:402,(anonymous_35)
FN:414,(anonymous_36)
FN:426,(anonymous_37)
FN:437,(anonymous_38)
FN:448,(anonymous_39)
FN:459,(anonymous_40)
FN:470,(anonymous_41)
FN:481,(anonymous_42)
FN:493,(anonymous_43)
FN:505,(anonymous_44)
FN:517,(anonymous_45)
FN:529,(anonymous_46)
FN:541,(anonymous_47)
FN:553,(anonymous_48)
FN:565,(anonymous_49)
FN:577,(anonymous_50)
FN:589,(anonymous_51)
FN:601,(anonymous_52)
FN:613,(anonymous_53)
FN:625,(anonymous_54)
FN:637,(anonymous_55)
FN:649,(anonymous_56)
FN:661,(anonymous_57)
FN:673,(anonymous_58)
FN:685,(anonymous_59)
FN:697,(anonymous_60)
FN:709,(anonymous_61)
FN:720,(anonymous_62)
FN:731,(anonymous_63)
FN:743,(anonymous_64)
FN:755,(anonymous_65)
FN:767,(anonymous_66)
FN:779,(anonymous_67)
FN:791,(anonymous_68)
FN:803,(anonymous_69)
FN:814,(anonymous_70)
FN:826,(anonymous_71)
FNF:72
FNH:0
FNDA:0,(anonymous_0)
FNDA:0,(anonymous_1)
FNDA:0,(anonymous_2)
FNDA:0,(anonymous_3)
FNDA:0,(anonymous_4)
FNDA:0,(anonymous_5)
FNDA:0,(anonymous_6)
FNDA:0,(anonymous_7)
FNDA:0,(anonymous_8)
FNDA:0,(anonymous_9)
FNDA:0,(anonymous_10)
FNDA:0,(anonymous_11)
FNDA:0,(anonymous_12)
FNDA:0,(anonymous_13)
FNDA:0,(anonymous_14)
FNDA:0,(anonymous_15)
FNDA:0,(anonymous_16)
FNDA:0,(anonymous_17)
FNDA:0,(anonymous_18)
FNDA:0,(anonymous_19)
FNDA:0,(anonymous_20)
FNDA:0,(anonymous_21)
FNDA:0,(anonymous_22)
FNDA:0,(anonymous_23)
FNDA:0,(anonymous_24)
FNDA:0,(anonymous_25)
FNDA:0,(anonymous_26)
FNDA:0,(anonymous_27)
FNDA:0,(anonymous_28)
FNDA:0,(anonymous_29)
FNDA:0,(anonymous_30)
FNDA:0,(anonymous_31)
FNDA:0,(anonymous_32)
FNDA:0,(anonymous_33)
FNDA:0,(anonymous_34)
FNDA:0,(anonymous_35)
FNDA:0,(anonymous_36)
FNDA:0,(anonymous_37)
FNDA:0,(anonymous_38)
FNDA:0,(anonymous_39)
FNDA:0,(anonymous_40)
FNDA:0,(anonymous_41)
FNDA:0,(anonymous_42)
FNDA:0,(anonymous_43)
FNDA:0,(anonymous_44)
FNDA:0,(anonymous_45)
FNDA:0,(anonymous_46)
FNDA:0,(anonymous_47)
FNDA:0,(anonymous_48)
FNDA:0,(anonymous_49)
FNDA:0,(anonymous_50)
FNDA:0,(anonymous_51)
FNDA:0,(anonymous_52)
FNDA:0,(anonymous_53)
FNDA:0,(anonymous_54)
FNDA:0,(anonymous_55)
FNDA:0,(anonymous_56)
FNDA:0,(anonymous_57)
FNDA:0,(anonymous_58)
FNDA:0,(anonymous_59)
FNDA:0,(anonymous_60)
FNDA:0,(anonymous_61)
FNDA:0,(anonymous_62)
FNDA:0,(anonymous_63)
FNDA:0,(anonymous_64)
FNDA:0,(anonymous_65)
FNDA:0,(anonymous_66)
FNDA:0,(anonymous_67)
FNDA:0,(anonymous_68)
FNDA:0,(anonymous_69)
FNDA:0,(anonymous_70)
FNDA:0,(anonymous_71)
DA:1,0
DA:12,0
DA:23,0
DA:34,0
DA:45,0
DA:56,0
DA:67,0
DA:78,0
DA:89,0
DA:100,0
DA:111,0
DA:122,0
DA:133,0
DA:144,0
DA:155,0
DA:166,0
DA:177,0
DA:188,0
DA:199,0
DA:210,0
DA:221,0
DA:232,0
DA:243,0
DA:254,0
DA:265,0
DA:276,0
DA:287,0
DA:298,0
DA:310,0
DA:321,0
DA:333,0
DA:345,0
DA:357,0
DA:369,0
DA:381,0
DA:393,0
DA:405,0
DA:417,0
DA:428,0
DA:439,0
DA:450,0
DA:461,0
DA:472,0
DA:484,0
DA:496,0
DA:508,0
DA:520,0
DA:532,0
DA:544,0
DA:556,0
DA:568,0
DA:580,0
DA:592,0
DA:604,0
DA:616,0
DA:628,0
DA:640,0
DA:652,0
DA:664,0
DA:676,0
DA:688,0
DA:700,0
DA:711,0
DA:722,0
DA:734,0
DA:746,0
DA:758,0
DA:770,0
DA:782,0
DA:794,0
DA:805,0
DA:817,0
DA:828,0
LF:73
LH:0
BRDA:2,0,0,0
BRDA:2,0,1,0
BRF:2
BRH:0
end_of_record
TN:
SF:.next/static/chunks/pages/product-detail/[id].js
FN:9,(anonymous_0)
FN:21,(anonymous_1)
FN:32,(anonymous_2)
FN:43,(anonymous_3)
FN:54,(anonymous_4)
FN:65,(anonymous_5)
FN:76,(anonymous_6)
FN:87,(anonymous_7)
FN:98,(anonymous_8)
FN:109,(anonymous_9)
FN:120,(anonymous_10)
FN:131,(anonymous_11)
FN:142,(anonymous_12)
FN:153,(anonymous_13)
FN:164,(anonymous_14)
FN:175,(anonymous_15)
FN:186,(anonymous_16)
FN:197,(anonymous_17)
FN:208,(anonymous_18)
FN:220,(anonymous_19)
FN:231,(anonymous_20)
FN:243,(anonymous_21)
FN:255,(anonymous_22)
FN:267,(anonymous_23)
FN:279,(anonymous_24)
FN:291,(anonymous_25)
FN:303,(anonymous_26)
FN:315,(anonymous_27)
FN:327,(anonymous_28)
FN:338,(anonymous_29)
FN:349,(anonymous_30)
FN:360,(anonymous_31)
FN:371,(anonymous_32)
FN:382,(anonymous_33)
FN:394,(anonymous_34)
FN:406,(anonymous_35)
FN:418,(anonymous_36)
FN:430,(anonymous_37)
FN:442,(anonymous_38)
FN:454,(anonymous_39)
FN:466,(anonymous_40)
FN:478,(anonymous_41)
FN:490,(anonymous_42)
FN:502,(anonymous_43)
FN:514,(anonymous_44)
FN:526,(anonymous_45)
FN:538,(anonymous_46)
FN:550,(anonymous_47)
FN:561,(anonymous_48)
FN:573,(anonymous_49)
FN:585,(anonymous_50)
FN:597,(anonymous_51)
FN:609,(anonymous_52)
FN:621,(anonymous_53)
FN:633,(anonymous_54)
FN:645,(anonymous_55)
FN:657,(anonymous_56)
FN:669,(anonymous_57)
FN:681,(anonymous_58)
FN:693,(anonymous_59)
FN:704,(anonymous_60)
FN:716,(anonymous_61)
FNF:62
FNH:0
FNDA:0,(anonymous_0)
FNDA:0,(anonymous_1)
FNDA:0,(anonymous_2)
FNDA:0,(anonymous_3)
FNDA:0,(anonymous_4)
FNDA:0,(anonymous_5)
FNDA:0,(anonymous_6)
FNDA:0,(anonymous_7)
FNDA:0,(anonymous_8)
FNDA:0,(anonymous_9)
FNDA:0,(anonymous_10)
FNDA:0,(anonymous_11)
FNDA:0,(anonymous_12)
FNDA:0,(anonymous_13)
FNDA:0,(anonymous_14)
FNDA:0,(anonymous_15)
FNDA:0,(anonymous_16)
FNDA:0,(anonymous_17)
FNDA:0,(anonymous_18)
FNDA:0,(anonymous_19)
FNDA:0,(anonymous_20)
FNDA:0,(anonymous_21)
FNDA:0,(anonymous_22)
FNDA:0,(anonymous_23)
FNDA:0,(anonymous_24)
FNDA:0,(anonymous_25)
FNDA:0,(anonymous_26)
FNDA:0,(anonymous_27)
FNDA:0,(anonymous_28)
FNDA:0,(anonymous_29)
FNDA:0,(anonymous_30)
FNDA:0,(anonymous_31)
FNDA:0,(anonymous_32)
FNDA:0,(anonymous_33)
FNDA:0,(anonymous_34)
FNDA:0,(anonymous_35)
FNDA:0,(anonymous_36)
FNDA:0,(anonymous_37)
FNDA:0,(anonymous_38)
FNDA:0,(anonymous_39)
FNDA:0,(anonymous_40)
FNDA:0,(anonymous_41)
FNDA:0,(anonymous_42)
FNDA:0,(anonymous_43)
FNDA:0,(anonymous_44)
FNDA:0,(anonymous_45)
FNDA:0,(anonymous_46)
FNDA:0,(anonymous_47)
FNDA:0,(anonymous_48)
FNDA:0,(anonymous_49)
FNDA:0,(anonymous_50)
FNDA:0,(anonymous_51)
FNDA:0,(anonymous_52)
FNDA:0,(anonymous_53)
FNDA:0,(anonymous_54)
FNDA:0,(anonymous_55)
FNDA:0,(anonymous_56)
FNDA:0,(anonymous_57)
FNDA:0,(anonymous_58)
FNDA:0,(anonymous_59)
FNDA:0,(anonymous_60)
FNDA:0,(anonymous_61)
DA:1,0
DA:12,0
DA:23,0
DA:34,0
DA:45,0
DA:56,0
DA:67,0
DA:78,0
DA:89,0
DA:100,0
DA:111,0
DA:122,0
DA:133,0
DA:144,0
DA:155,0
DA:166,0
DA:177,0
DA:188,0
DA:199,0
DA:211,0
DA:222,0
DA:234,0
DA:246,0
DA:258,0
DA:270,0
DA:282,0
DA:294,0
DA:306,0
DA:318,0
DA:329,0
DA:340,0
DA:351,0
DA:362,0
DA:373,0
DA:385,0
DA:397,0
DA:409,0
DA:421,0
DA:433,0
DA:445,0
DA:457,0
DA:469,0
DA:481,0
DA:493,0
DA:505,0
DA:517,0
DA:529,0
DA:541,0
DA:552,0
DA:564,0
DA:576,0
DA:588,0
DA:600,0
DA:612,0
DA:624,0
DA:636,0
DA:648,0
DA:660,0
DA:672,0
DA:684,0
DA:695,0
DA:707,0
DA:718,0
LF:63
LH:0
BRDA:2,0,0,0
BRDA:2,0,1,0
BRF:2
BRH:0
end_of_record
TN:
SF:.next/static/development/_buildManifest.js
FNF:0
FNH:0
DA:1,0
LF:1
LH:0
BRDA:1,0,0,0
BRDA:1,0,1,0
BRF:2
BRH:0
end_of_record
TN:
SF:.next/static/development/_ssgManifest.js
FNF:0
FNH:0
DA:1,0
LF:1
LH:0
BRDA:1,0,0,0
BRDA:1,0,1,0
BRF:2
BRH:0
end_of_record
TN:
SF:.next/static/webpack/pages/product-detail/[id].1bff1b75e9ffbd7fb5a2.hot-update.js
FN:8,(anonymous_0)
FNF:1
FNH:0
FNDA:0,(anonymous_0)
DA:1,0
DA:11,0
LF:2
LH:0
BRF:0
BRH:0
end_of_record
TN:
SF:.next/static/webpack/pages/product-detail/[id].e6787ac92190f207dd20.hot-update.js
FN:8,(anonymous_0)
FNF:1
FNH:0
FNDA:0,(anonymous_0)
DA:1,0
DA:10,0
LF:2
LH:0
BRF:0
BRH:0
end_of_record
TN:
SF:components/APIs/liveAPI.js
FN:2,(anonymous_0)
FNF:1
FNH:0
FNDA:0,(anonymous_0)
DA:1,0
DA:2,0
DA:3,0
LF:3
LH:0
BRF:0
BRH:0
end_of_record
TN:
SF:components/layout/layout.jsx
FN:3,(anonymous_0)
FNF:1
FNH:0
FNDA:0,(anonymous_0)
DA:3,0
DA:4,0
LF:2
LH:0
BRF:0
BRH:0
end_of_record
TN:
SF:components/product-carousel/product-carousel.jsx
FN:3,(anonymous_0)
FNF:1
FNH:0
FNDA:0,(anonymous_0)
DA:3,0
DA:4,0
LF:2
LH:0
BRF:0
BRH:0
end_of_record
TN:
SF:components/product-list-item/product-list-item.jsx
FN:4,(anonymous_0)
FNF:1
FNH:0
FNDA:0,(anonymous_0)
DA:4,0
DA:5,0
LF:2
LH:0
BRF:0
BRH:0
end_of_record
TN:
SF:coverage/lcov-report/block-navigation.js
FN:2,init
FN:24,toggleClass
FN:31,makeCurrent
FN:41,goToPrevious
FN:52,goToNext
FN:65,jump
FNF:6
FNH:0
FNDA:0,init
FNDA:0,toggleClass
FNDA:0,makeCurrent
FNDA:0,goToPrevious
FNDA:0,goToNext
FNDA:0,jump
DA:2,0
DA:4,0
DA:7,0
DA:10,0
DA:14,0
DA:20,0
DA:25,0
DA:28,0
DA:32,0
DA:33,0
DA:34,0
DA:42,0
DA:43,0
DA:44,0
DA:45,0
DA:46,0
DA:49,0
DA:53,0
DA:55,0
DA:59,0
DA:62,0
DA:65,0
DA:66,0
DA:69,0
DA:70,0
DA:74,0
DA:75,0
DA:79,0
LF:28
LH:0
BRDA:43,0,0,0
BRDA:43,0,1,0
BRDA:43,1,0,0
BRDA:43,1,1,0
BRDA:45,2,0,0
BRDA:45,2,1,0
BRDA:55,3,0,0
BRDA:55,3,1,0
BRDA:56,4,0,0
BRDA:56,4,1,0
BRDA:66,5,0,0
BRDA:66,5,1,0
BRDA:66,5,2,0
BRDA:66,5,3,0
BRDA:66,5,4,0
BRF:15
BRH:0
end_of_record
TN:
SF:coverage/lcov-report/prettify.js
FN:2,(anonymous_0)
FN:2,k
FN:2,ab
FN:2,T
FN:2,X
FN:2,(anonymous_5)
FN:2,W
FN:2,(anonymous_7)
FN:2,a
FN:2,aa
FN:2,B
FN:2,o
FN:2,g
FN:2,(anonymous_13)
FN:2,(anonymous_14)
FN:2,i
FN:2,Q
FN:2,ae
FN:2,ad
FN:2,ai
FN:2,D
FN:2,c
FN:2,q
FN:2,d
FN:2,y
FN:2,b
FN:2,Y
FN:2,(anonymous_27)
FN:2,U
FNF:29
FNH:0
FNDA:0,(anonymous_0)
FNDA:0,k
FNDA:0,ab
FNDA:0,T
FNDA:0,X
FNDA:0,(anonymous_5)
FNDA:0,W
FNDA:0,(anonymous_7)
FNDA:0,a
FNDA:0,aa
FNDA:0,B
FNDA:0,o
FNDA:0,g
FNDA:0,(anonymous_13)
FNDA:0,(anonymous_14)
FNDA:0,i
FNDA:0,Q
FNDA:0,ae
FNDA:0,ad
FNDA:0,ai
FNDA:0,D
FNDA:0,c
FNDA:0,q
FNDA:0,d
FNDA:0,y
FNDA:0,b
FNDA:0,Y
FNDA:0,(anonymous_27)
FNDA:0,U
DA:2,0
LF:1
LH:0
BRDA:2,0,0,0
BRDA:2,0,1,0
BRDA:2,1,0,0
BRDA:2,1,1,0
BRDA:2,2,0,0
BRDA:2,2,1,0
BRDA:2,3,0,0
BRDA:2,3,1,0
BRDA:2,4,0,0
BRDA:2,4,1,0
BRDA:2,5,0,0
BRDA:2,5,1,0
BRDA:2,6,0,0
BRDA:2,6,1,0
BRDA:2,7,0,0
BRDA:2,7,1,0
BRDA:2,8,0,0
BRDA:2,8,1,0
BRDA:2,9,0,0
BRDA:2,9,1,0
BRDA:2,10,0,0
BRDA:2,10,1,0
BRDA:2,11,0,0
BRDA:2,11,1,0
BRDA:2,11,2,0
BRDA:2,11,3,0
BRDA:2,12,0,0
BRDA:2,12,1,0
BRDA:2,13,0,0
BRDA:2,13,1,0
BRDA:2,14,0,0
BRDA:2,14,1,0
BRDA:2,15,0,0
BRDA:2,15,1,0
BRDA:2,16,0,0
BRDA:2,16,1,0
BRDA:2,17,0,0
BRDA:2,17,1,0
BRDA:2,18,0,0
BRDA:2,18,1,0
BRDA:2,19,0,0
BRDA:2,19,1,0
BRDA:2,20,0,0
BRDA:2,20,1,0
BRDA:2,21,0,0
BRDA:2,21,1,0
BRDA:2,22,0,0
BRDA:2,22,1,0
BRDA:2,23,0,0
BRDA:2,23,1,0
BRDA:2,24,0,0
BRDA:2,24,1,0
BRDA:2,25,0,0
BRDA:2,25,1,0
BRDA:2,26,0,0
BRDA:2,26,1,0
BRDA:2,27,0,0
BRDA:2,27,1,0
BRDA:2,28,0,0
BRDA:2,28,1,0
BRDA:2,29,0,0
BRDA:2,29,1,0
BRDA:2,30,0,0
BRDA:2,30,1,0
BRDA:2,31,0,0
BRDA:2,31,1,0
BRDA:2,32,0,0
BRDA:2,32,1,0
BRDA:2,33,0,0
BRDA:2,33,1,0
BRDA:2,34,0,0
BRDA:2,34,1,0
BRDA:2,35,0,0
BRDA:2,35,1,0
BRDA:2,36,0,0
BRDA:2,36,1,0
BRDA:2,37,0,0
BRDA:2,37,1,0
BRDA:2,38,0,0
BRDA:2,38,1,0
BRDA:2,39,0,0
BRDA:2,39,1,0
BRDA:2,40,0,0
BRDA:2,40,1,0
BRDA:2,41,0,0
BRDA:2,41,1,0
BRDA:2,42,0,0
BRDA:2,42,1,0
BRDA:2,43,0,0
BRDA:2,43,1,0
BRDA:2,44,0,0
BRDA:2,44,1,0
BRDA:2,45,0,0
BRDA:2,45,1,0
BRDA:2,46,0,0
BRDA:2,46,1,0
BRDA:2,47,0,0
BRDA:2,47,1,0
BRDA:2,48,0,0
BRDA:2,48,1,0
BRDA:2,49,0,0
BRDA:2,49,1,0
BRDA:2,50,0,0
BRDA:2,50,1,0
BRDA:2,50,2,0
BRDA:2,51,0,0
BRDA:2,51,1,0
BRDA:2,52,0,0
BRDA:2,52,1,0
BRDA:2,53,0,0
BRDA:2,53,1,0
BRDA:2,54,0,0
BRDA:2,54,1,0
BRDA:2,55,0,0
BRDA:2,55,1,0
BRDA:2,56,0,0
BRDA:2,56,1,0
BRDA:2,57,0,0
BRDA:2,57,1,0
BRDA:2,58,0,0
BRDA:2,58,1,0
BRDA:2,59,0,0
BRDA:2,59,1,0
BRDA:2,60,0,0
BRDA:2,60,1,0
BRDA:2,61,0,0
BRDA:2,61,1,0
BRDA:2,62,0,0
BRDA:2,62,1,0
BRDA:2,63,0,0
BRDA:2,63,1,0
BRDA:2,64,0,0
BRDA:2,64,1,0
BRDA:2,65,0,0
BRDA:2,65,1,0
BRDA:2,66,0,0
BRDA:2,66,1,0
BRDA:2,67,0,0
BRDA:2,67,1,0
BRDA:2,68,0,0
BRDA:2,68,1,0
BRDA:2,69,0,0
BRDA:2,69,1,0
BRDA:2,70,0,0
BRDA:2,70,1,0
BRDA:2,71,0,0
BRDA:2,71,1,0
BRDA:2,72,0,0
BRDA:2,72,1,0
BRDA:2,73,0,0
BRDA:2,73,1,0
BRDA:2,74,0,0
BRDA:2,74,1,0
BRDA:2,75,0,0
BRDA:2,75,1,0
BRDA:2,76,0,0
BRDA:2,76,1,0
BRDA:2,77,0,0
BRDA:2,77,1,0
BRDA:2,78,0,0
BRDA:2,78,1,0
BRDA:2,79,0,0
BRDA:2,79,1,0
BRDA:2,80,0,0
BRDA:2,80,1,0
BRDA:2,81,0,0
BRDA:2,81,1,0
BRDA:2,82,0,0
BRDA:2,82,1,0
BRDA:2,83,0,0
BRDA:2,83,1,0
BRDA:2,84,0,0
BRDA:2,84,1,0
BRDA:2,85,0,0
BRDA:2,85,1,0
BRDA:2,86,0,0
BRDA:2,86,1,0
BRDA:2,87,0,0
BRDA:2,87,1,0
BRDA:2,88,0,0
BRDA:2,88,1,0
BRDA:2,89,0,0
BRDA:2,89,1,0
BRDA:2,89,2,0
BRDA:2,90,0,0
BRDA:2,90,1,0
BRDA:2,91,0,0
BRDA:2,91,1,0
BRDA:2,92,0,0
BRDA:2,92,1,0
BRDA:2,93,0,0
BRDA:2,93,1,0
BRDA:2,94,0,0
BRDA:2,94,1,0
BRDA:2,95,0,0
BRDA:2,95,1,0
BRDA:2,96,0,0
BRDA:2,96,1,0
BRDA:2,97,0,0
BRDA:2,97,1,0
BRDA:2,98,0,0
BRDA:2,98,1,0
BRDA:2,99,0,0
BRDA:2,99,1,0
BRDA:2,100,0,0
BRDA:2,100,1,0
BRDA:2,101,0,0
BRDA:2,101,1,0
BRDA:2,102,0,0
BRDA:2,102,1,0
BRDA:2,103,0,0
BRDA:2,103,1,0
BRDA:2,104,0,0
BRDA:2,104,1,0
BRDA:2,105,0,0
BRDA:2,105,1,0
BRDA:2,106,0,0
BRDA:2,106,1,0
BRDA:2,107,0,0
BRDA:2,107,1,0
BRDA:2,108,0,0
BRDA:2,108,1,0
BRDA:2,109,0,0
BRDA:2,109,1,0
BRDA:2,110,0,0
BRDA:2,110,1,0
BRDA:2,111,0,0
BRDA:2,111,1,0
BRDA:2,112,0,0
BRDA:2,112,1,0
BRDA:2,113,0,0
BRDA:2,113,1,0
BRDA:2,114,0,0
BRDA:2,114,1,0
BRDA:2,115,0,0
BRDA:2,115,1,0
BRDA:2,116,0,0
BRDA:2,116,1,0
BRDA:2,117,0,0
BRDA:2,117,1,0
BRDA:2,118,0,0
BRDA:2,118,1,0
BRDA:2,119,0,0
BRDA:2,119,1,0
BRDA:2,120,0,0
BRDA:2,120,1,0
BRDA:2,121,0,0
BRDA:2,121,1,0
BRDA:2,122,0,0
BRDA:2,122,1,0
BRDA:2,123,0,0
BRDA:2,123,1,0
BRDA:2,124,0,0
BRDA:2,124,1,0
BRDA:2,125,0,0
BRDA:2,125,1,0
BRDA:2,126,0,0
BRDA:2,126,1,0
BRDA:2,127,0,0
BRDA:2,127,1,0
BRDA:2,128,0,0
BRDA:2,128,1,0
BRDA:2,128,2,0
BRDA:2,129,0,0
BRDA:2,129,1,0
BRDA:2,130,0,0
BRDA:2,130,1,0
BRDA:2,131,0,0
BRDA:2,131,1,0
BRDA:2,131,2,0
BRDA:2,131,3,0
BRDA:2,131,4,0
BRDA:2,132,0,0
BRDA:2,132,1,0
BRDA:2,133,0,0
BRDA:2,133,1,0
BRDA:2,134,0,0
BRDA:2,134,1,0
BRDA:2,135,0,0
BRDA:2,135,1,0
BRDA:2,136,0,0
BRDA:2,136,1,0
BRDA:2,137,0,0
BRDA:2,137,1,0
BRDA:2,138,0,0
BRDA:2,138,1,0
BRF:286
BRH:0
end_of_record
TN:
SF:coverage/lcov-report/sorter.js
FN:2,(anonymous_0)
FN:11,getTable
FN:15,getTableHeader
FN:19,getTableBody
FN:23,getNthColumn
FN:28,loadColumns
FN:53,loadRowData
FN:72,loadData
FN:81,sortByIndex
FN:83,(anonymous_9)
FN:95,(anonymous_10)
FN:112,removeSortIndicators
FN:120,addSortIndicators
FN:126,enableUI
FN:129,ithSorter
FN:132,(anonymous_15)
FN:159,(anonymous_16)
FNF:17
FNH:0
FNDA:0,(anonymous_0)
FNDA:0,getTable
FNDA:0,getTableHeader
FNDA:0,getTableBody
FNDA:0,getNthColumn
FNDA:0,loadColumns
FNDA:0,loadRowData
FNDA:0,loadData
FNDA:0,sortByIndex
FNDA:0,(anonymous_9)
FNDA:0,(anonymous_10)
FNDA:0,removeSortIndicators
FNDA:0,addSortIndicators
FNDA:0,enableUI
FNDA:0,ithSorter
FNDA:0,(anonymous_15)
FNDA:0,(anonymous_16)
DA:2,0
DA:5,0
DA:12,0
DA:16,0
DA:20,0
DA:24,0
DA:29,0
DA:31,0
DA:35,0
DA:36,0
DA:37,0
DA:42,0
DA:43,0
DA:44,0
DA:45,0
DA:49,0
DA:54,0
DA:57,0
DA:60,0
DA:61,0
DA:62,0
DA:63,0
DA:64,0
DA:65,0
DA:67,0
DA:69,0
DA:73,0
DA:76,0
DA:77,0
DA:82,0
DA:83,0
DA:84,0
DA:85,0
DA:86,0
DA:88,0
DA:89,0
DA:90,0
DA:91,0
DA:94,0
DA:95,0
DA:96,0
DA:100,0
DA:101,0
DA:102,0
DA:105,0
DA:107,0
DA:108,0
DA:113,0
DA:114,0
DA:116,0
DA:117,0
DA:121,0
DA:129,0
DA:130,0
DA:132,0
DA:133,0
DA:135,0
DA:136,0
DA:138,0
DA:139,0
DA:140,0
DA:141,0
DA:142,0
DA:145,0
DA:146,0
DA:149,0
DA:150,0
DA:151,0
DA:153,0
DA:159,0
DA:160,0
DA:161,0
DA:163,0
DA:164,0
DA:165,0
DA:166,0
DA:170,0
LF:77
LH:0
BRDA:40,0,0,0
BRDA:40,0,1,0
BRDA:43,1,0,0
BRDA:43,1,1,0
BRDA:64,2,0,0
BRDA:64,2,1,0
BRDA:86,3,0,0
BRDA:86,3,1,0
BRDA:86,4,0,0
BRDA:86,4,1,0
BRDA:94,5,0,0
BRDA:94,5,1,0
BRDA:121,6,0,0
BRDA:121,6,1,0
BRDA:135,7,0,0
BRDA:135,7,1,0
BRDA:146,8,0,0
BRDA:146,8,1,0
BRDA:150,9,0,0
BRDA:150,9,1,0
BRDA:160,10,0,0
BRDA:160,10,1,0
BRF:22
BRH:0
end_of_record
TN:
SF:pages/404.jsx
FN:5,(anonymous_0)
FN:8,(anonymous_1)
FN:9,(anonymous_2)
FNF:3
FNH:0
FNDA:0,(anonymous_0)
FNDA:0,(anonymous_1)
FNDA:0,(anonymous_2)
DA:5,0
DA:6,0
DA:8,0
DA:9,0
DA:10,0
DA:14,0
LF:6
LH:0
BRF:0
BRH:0
end_of_record
TN:
SF:pages/_app.js
FN:4,MyApp
FNF:1
FNH:0
FNDA:0,MyApp
DA:5,0
LF:1
LH:0
BRF:0
BRH:0
end_of_record
TN:
SF:pages/index.jsx
FN:18,getServerSideProps
FN:39,(anonymous_1)
FN:52,(anonymous_2)
FNF:3
FNH:0
FNDA:0,getServerSideProps
FNDA:0,(anonymous_1)
FNDA:0,(anonymous_2)
DA:19,0
DA:20,0
DA:21,0
DA:22,0
DA:29,0
DA:39,0
DA:40,0
DA:41,0
DA:53,0
LF:9
LH:0
BRDA:48,0,0,0
BRDA:48,0,1,0
BRDA:49,1,0,0
BRDA:49,1,1,0
BRDA:49,1,2,0
BRDA:65,2,0,0
BRDA:65,2,1,0
BRDA:65,2,2,0
BRF:8
BRH:0
end_of_record
TN:
SF:pages/product-detail/[id].jsx
FN:25,getServerSideProps
FN:41,(anonymous_1)
FN:101,(anonymous_2)
FNF:3
FNH:0
FNDA:0,getServerSideProps
FNDA:0,(anonymous_1)
FNDA:0,(anonymous_2)
DA:26,0
DA:27,0
DA:28,0
DA:29,0
DA:30,0
DA:34,0
DA:41,0
DA:42,0
DA:43,0
DA:52,0
DA:61,0
DA:102,0
LF:12
LH:0
BRDA:42,0,0,0
BRDA:42,0,1,0
BRF:2
BRH:0
end_of_record
